<?xml version="1.0" encoding="UTF-8"?>
<coverage generated="1492055373540" clover="3.2.0">
  <project timestamp="1492055373541" name="All files">
    <metrics statements="1443" coveredstatements="359" conditionals="1742" coveredconditionals="123" methods="717" coveredmethods="114" elements="3902" coveredelements="596" complexity="0" loc="1443" ncloc="1443" packages="32" files="91" classes="91">
      <package name="components">
        <metrics statements="54" coveredstatements="27" conditionals="32" coveredconditionals="0" methods="34" coveredmethods="0"/>
        <file name="identifiers.js" path="/Users/chenyutian0510/Documents/dev-js/chuangqi/react-cqtoolbox/components/identifiers.js">
          <metrics statements="27" coveredstatements="27" conditionals="0" coveredconditionals="0" methods="0" coveredmethods="0"/>
          <line num="1" count="5" type="stmt"/>
          <line num="2" count="5" type="stmt"/>
          <line num="3" count="5" type="stmt"/>
          <line num="4" count="5" type="stmt"/>
          <line num="5" count="5" type="stmt"/>
          <line num="6" count="5" type="stmt"/>
          <line num="7" count="5" type="stmt"/>
          <line num="8" count="5" type="stmt"/>
          <line num="9" count="5" type="stmt"/>
          <line num="10" count="5" type="stmt"/>
          <line num="11" count="5" type="stmt"/>
          <line num="12" count="5" type="stmt"/>
          <line num="13" count="5" type="stmt"/>
          <line num="14" count="5" type="stmt"/>
          <line num="15" count="5" type="stmt"/>
          <line num="16" count="5" type="stmt"/>
          <line num="17" count="5" type="stmt"/>
          <line num="18" count="5" type="stmt"/>
          <line num="19" count="5" type="stmt"/>
          <line num="20" count="5" type="stmt"/>
          <line num="21" count="5" type="stmt"/>
          <line num="22" count="5" type="stmt"/>
          <line num="23" count="5" type="stmt"/>
          <line num="24" count="5" type="stmt"/>
          <line num="25" count="5" type="stmt"/>
          <line num="26" count="5" type="stmt"/>
          <line num="27" count="5" type="stmt"/>
        </file>
        <file name="index.js" path="/Users/chenyutian0510/Documents/dev-js/chuangqi/react-cqtoolbox/components/index.js">
          <metrics statements="27" coveredstatements="0" conditionals="32" coveredconditionals="0" methods="34" coveredmethods="0"/>
          <line num="1" count="0" type="stmt"/>
          <line num="3" count="0" type="stmt"/>
          <line num="4" count="0" type="cond" truecount="0" falsecount="4"/>
          <line num="5" count="0" type="cond" truecount="0" falsecount="4"/>
          <line num="6" count="0" type="stmt"/>
          <line num="7" count="0" type="stmt"/>
          <line num="8" count="0" type="stmt"/>
          <line num="9" count="0" type="stmt"/>
          <line num="10" count="0" type="cond" truecount="0" falsecount="4"/>
          <line num="11" count="0" type="cond" truecount="0" falsecount="4"/>
          <line num="12" count="0" type="stmt"/>
          <line num="13" count="0" type="stmt"/>
          <line num="14" count="0" type="cond" truecount="0" falsecount="4"/>
          <line num="15" count="0" type="stmt"/>
          <line num="16" count="0" type="stmt"/>
          <line num="17" count="0" type="stmt"/>
          <line num="18" count="0" type="cond" truecount="0" falsecount="4"/>
          <line num="19" count="0" type="stmt"/>
          <line num="20" count="0" type="stmt"/>
          <line num="21" count="0" type="stmt"/>
          <line num="22" count="0" type="stmt"/>
          <line num="23" count="0" type="stmt"/>
          <line num="24" count="0" type="stmt"/>
          <line num="25" count="0" type="stmt"/>
          <line num="26" count="0" type="stmt"/>
          <line num="27" count="0" type="cond" truecount="0" falsecount="4"/>
          <line num="28" count="0" type="cond" truecount="0" falsecount="4"/>
        </file>
      </package>
      <package name="components.alert">
        <metrics statements="24" coveredstatements="0" conditionals="53" coveredconditionals="0" methods="16" coveredmethods="0"/>
        <file name="Alert.js" path="/Users/chenyutian0510/Documents/dev-js/chuangqi/react-cqtoolbox/components/alert/Alert.js">
          <metrics statements="17" coveredstatements="0" conditionals="49" coveredconditionals="0" methods="15" coveredmethods="0"/>
          <line num="1" count="0" type="cond" truecount="0" falsecount="12"/>
          <line num="2" count="0" type="stmt"/>
          <line num="3" count="0" type="stmt"/>
          <line num="4" count="0" type="cond" truecount="0" falsecount="29"/>
          <line num="6" count="0" type="stmt"/>
          <line num="13" count="0" type="stmt"/>
          <line num="14" count="0" type="cond" truecount="0" falsecount="2"/>
          <line num="36" count="0" type="stmt"/>
          <line num="37" count="0" type="stmt"/>
          <line num="49" count="0" type="stmt"/>
          <line num="53" count="0" type="stmt"/>
          <line num="55" count="0" type="stmt"/>
          <line num="60" count="0" type="cond" truecount="0" falsecount="2"/>
          <line num="66" count="0" type="stmt"/>
          <line num="85" count="0" type="stmt"/>
          <line num="88" count="0" type="stmt"/>
          <line num="89" count="0" type="stmt"/>
        </file>
        <file name="index.js" path="/Users/chenyutian0510/Documents/dev-js/chuangqi/react-cqtoolbox/components/alert/index.js">
          <metrics statements="7" coveredstatements="0" conditionals="4" coveredconditionals="0" methods="1" coveredmethods="0"/>
          <line num="1" count="0" type="stmt"/>
          <line num="2" count="0" type="stmt"/>
          <line num="3" count="0" type="stmt"/>
          <line num="4" count="0" type="stmt"/>
          <line num="5" count="0" type="cond" truecount="0" falsecount="4"/>
          <line num="7" count="0" type="stmt"/>
          <line num="8" count="0" type="stmt"/>
        </file>
      </package>
      <package name="components.autocomplete">
        <metrics statements="56" coveredstatements="0" conditionals="67" coveredconditionals="0" methods="25" coveredmethods="0"/>
        <file name="Autocomplete.js" path="/Users/chenyutian0510/Documents/dev-js/chuangqi/react-cqtoolbox/components/autocomplete/Autocomplete.js">
          <metrics statements="42" coveredstatements="0" conditionals="63" coveredconditionals="0" methods="24" coveredmethods="0"/>
          <line num="1" count="0" type="cond" truecount="0" falsecount="18"/>
          <line num="2" count="0" type="stmt"/>
          <line num="3" count="0" type="cond" truecount="0" falsecount="23"/>
          <line num="5" count="0" type="stmt"/>
          <line num="6" count="0" type="stmt"/>
          <line num="40" count="0" type="cond" truecount="0" falsecount="2"/>
          <line num="41" count="0" type="stmt"/>
          <line num="57" count="0" type="stmt"/>
          <line num="62" count="0" type="stmt"/>
          <line num="65" count="0" type="stmt"/>
          <line num="67" count="0" type="stmt"/>
          <line num="72" count="0" type="stmt"/>
          <line num="81" count="0" type="stmt"/>
          <line num="84" count="0" type="stmt"/>
          <line num="85" count="0" type="stmt"/>
          <line num="87" count="0" type="cond" truecount="0" falsecount="4"/>
          <line num="88" count="0" type="stmt"/>
          <line num="90" count="0" type="stmt"/>
          <line num="93" count="0" type="stmt"/>
          <line num="95" count="0" type="cond" truecount="0" falsecount="2"/>
          <line num="96" count="0" type="stmt"/>
          <line num="97" count="0" type="cond" truecount="0" falsecount="2"/>
          <line num="98" count="0" type="stmt"/>
          <line num="100" count="0" type="stmt"/>
          <line num="102" count="0" type="stmt"/>
          <line num="103" count="0" type="stmt"/>
          <line num="104" count="0" type="stmt"/>
          <line num="105" count="0" type="stmt"/>
          <line num="108" count="0" type="stmt"/>
          <line num="109" count="0" type="stmt"/>
          <line num="112" count="0" type="stmt"/>
          <line num="116" count="0" type="cond" truecount="0" falsecount="2"/>
          <line num="126" count="0" type="stmt"/>
          <line num="128" count="0" type="stmt"/>
          <line num="130" count="0" type="stmt"/>
          <line num="132" count="0" type="cond" truecount="0" falsecount="4"/>
          <line num="135" count="0" type="stmt"/>
          <line num="143" count="0" type="stmt"/>
          <line num="148" count="0" type="stmt"/>
          <line num="158" count="0" type="stmt"/>
          <line num="162" count="0" type="stmt"/>
          <line num="163" count="0" type="stmt"/>
        </file>
        <file name="index.js" path="/Users/chenyutian0510/Documents/dev-js/chuangqi/react-cqtoolbox/components/autocomplete/index.js">
          <metrics statements="14" coveredstatements="0" conditionals="4" coveredconditionals="0" methods="1" coveredmethods="0"/>
          <line num="1" count="0" type="stmt"/>
          <line num="2" count="0" type="stmt"/>
          <line num="3" count="0" type="stmt"/>
          <line num="4" count="0" type="stmt"/>
          <line num="5" count="0" type="stmt"/>
          <line num="6" count="0" type="stmt"/>
          <line num="7" count="0" type="stmt"/>
          <line num="8" count="0" type="stmt"/>
          <line num="10" count="0" type="cond" truecount="0" falsecount="4"/>
          <line num="11" count="0" type="stmt"/>
          <line num="12" count="0" type="stmt"/>
          <line num="14" count="0" type="stmt"/>
          <line num="15" count="0" type="stmt"/>
          <line num="17" count="0" type="stmt"/>
        </file>
      </package>
      <package name="components.badge">
        <metrics statements="27" coveredstatements="0" conditionals="72" coveredconditionals="0" methods="17" coveredmethods="0"/>
        <file name="Badge.js" path="/Users/chenyutian0510/Documents/dev-js/chuangqi/react-cqtoolbox/components/badge/Badge.js">
          <metrics statements="22" coveredstatements="0" conditionals="64" coveredconditionals="0" methods="14" coveredmethods="0"/>
          <line num="1" count="0" type="cond" truecount="0" falsecount="12"/>
          <line num="2" count="0" type="cond" truecount="0" falsecount="27"/>
          <line num="4" count="0" type="stmt"/>
          <line num="12" count="0" type="cond" truecount="0" falsecount="4"/>
          <line num="19" count="0" type="stmt"/>
          <line num="21" count="0" type="stmt"/>
          <line num="22" count="0" type="cond" truecount="0" falsecount="2"/>
          <line num="56" count="0" type="stmt"/>
          <line num="58" count="0" type="stmt"/>
          <line num="60" count="0" type="stmt"/>
          <line num="61" count="0" type="cond" truecount="0" falsecount="2"/>
          <line num="63" count="0" type="cond" truecount="0" falsecount="2"/>
          <line num="64" count="0" type="stmt"/>
          <line num="67" count="0" type="cond" truecount="0" falsecount="2"/>
          <line num="68" count="0" type="cond" truecount="0" falsecount="3"/>
          <line num="69" count="0" type="cond" truecount="0" falsecount="4"/>
          <line num="72" count="0" type="cond" truecount="0" falsecount="2"/>
          <line num="73" count="0" type="cond" truecount="0" falsecount="2"/>
          <line num="75" count="0" type="stmt"/>
          <line num="86" count="0" type="stmt"/>
          <line num="89" count="0" type="stmt"/>
          <line num="91" count="0" type="stmt"/>
        </file>
        <file name="index.js" path="/Users/chenyutian0510/Documents/dev-js/chuangqi/react-cqtoolbox/components/badge/index.js">
          <metrics statements="5" coveredstatements="0" conditionals="8" coveredconditionals="0" methods="3" coveredmethods="0"/>
          <line num="1" count="0" type="cond" truecount="0" falsecount="4"/>
          <line num="2" count="0" type="stmt"/>
          <line num="3" count="0" type="cond" truecount="0" falsecount="4"/>
          <line num="5" count="0" type="stmt"/>
          <line num="6" count="0" type="stmt"/>
        </file>
      </package>
      <package name="components.button">
        <metrics statements="34" coveredstatements="24" conditionals="20" coveredconditionals="12" methods="12" coveredmethods="6"/>
        <file name="Button.js" path="/Users/chenyutian0510/Documents/dev-js/chuangqi/react-cqtoolbox/components/button/Button.js">
          <metrics statements="21" coveredstatements="17" conditionals="18" coveredconditionals="12" methods="7" coveredmethods="5"/>
          <line num="61" count="3" type="stmt"/>
          <line num="80" count="10" type="cond" truecount="2" falsecount="0"/>
          <line num="81" count="8" type="cond" truecount="2" falsecount="0"/>
          <line num="82" count="7" type="stmt"/>
          <line num="86" count="10" type="cond" truecount="2" falsecount="0"/>
          <line num="87" count="8" type="cond" truecount="2" falsecount="0"/>
          <line num="88" count="7" type="stmt"/>
          <line num="92" count="0" type="stmt"/>
          <line num="93" count="0" type="cond" truecount="0" falsecount="2"/>
          <line num="97" count="0" type="stmt"/>
          <line num="98" count="0" type="cond" truecount="0" falsecount="2"/>
          <line num="121" count="10" type="stmt"/>
          <line num="122" count="10" type="cond" truecount="1" falsecount="1"/>
          <line num="123" count="10" type="stmt"/>
          <line num="124" count="10" type="stmt"/>
          <line num="126" count="10" type="stmt"/>
          <line num="132" count="10" type="stmt"/>
          <line num="135" count="15" type="stmt"/>
          <line num="144" count="10" type="stmt"/>
          <line num="152" count="5" type="stmt"/>
          <line num="155" count="3" type="stmt"/>
        </file>
        <file name="ButtonGroup.js" path="/Users/chenyutian0510/Documents/dev-js/chuangqi/react-cqtoolbox/components/button/ButtonGroup.js">
          <metrics statements="9" coveredstatements="3" conditionals="2" coveredconditionals="0" methods="5" coveredmethods="1"/>
          <line num="20" count="2" type="stmt"/>
          <line num="22" count="2" type="stmt"/>
          <line num="31" count="0" type="stmt"/>
          <line num="33" count="0" type="stmt"/>
          <line num="34" count="0" type="cond" truecount="0" falsecount="2"/>
          <line num="45" count="0" type="stmt"/>
          <line num="47" count="0" type="stmt"/>
          <line num="49" count="0" type="stmt"/>
          <line num="57" count="2" type="stmt"/>
        </file>
        <file name="index.js" path="/Users/chenyutian0510/Documents/dev-js/chuangqi/react-cqtoolbox/components/button/index.js">
          <metrics statements="4" coveredstatements="4" conditionals="0" coveredconditionals="0" methods="0" coveredmethods="0"/>
          <line num="8" count="2" type="stmt"/>
          <line num="9" count="2" type="stmt"/>
          <line num="10" count="2" type="stmt"/>
          <line num="12" count="2" type="stmt"/>
        </file>
      </package>
      <package name="components.checkbox">
        <metrics statements="45" coveredstatements="0" conditionals="67" coveredconditionals="0" methods="24" coveredmethods="0"/>
        <file name="Check.js" path="/Users/chenyutian0510/Documents/dev-js/chuangqi/react-cqtoolbox/components/checkbox/Check.js">
          <metrics statements="8" coveredstatements="0" conditionals="6" coveredconditionals="0" methods="4" coveredmethods="0"/>
          <line num="1" count="0" type="stmt"/>
          <line num="2" count="0" type="stmt"/>
          <line num="3" count="0" type="cond" truecount="0" falsecount="6"/>
          <line num="5" count="0" type="stmt"/>
          <line num="6" count="0" type="stmt"/>
          <line num="17" count="0" type="stmt"/>
          <line num="27" count="0" type="stmt"/>
          <line num="28" count="0" type="stmt"/>
        </file>
        <file name="Checkbox.js" path="/Users/chenyutian0510/Documents/dev-js/chuangqi/react-cqtoolbox/components/checkbox/Checkbox.js">
          <metrics statements="27" coveredstatements="0" conditionals="57" coveredconditionals="0" methods="19" coveredmethods="0"/>
          <line num="1" count="0" type="cond" truecount="0" falsecount="12"/>
          <line num="2" count="0" type="stmt"/>
          <line num="3" count="0" type="stmt"/>
          <line num="4" count="0" type="stmt"/>
          <line num="5" count="0" type="stmt"/>
          <line num="6" count="0" type="cond" truecount="0" falsecount="29"/>
          <line num="8" count="0" type="stmt"/>
          <line num="9" count="0" type="cond" truecount="0" falsecount="2"/>
          <line num="39" count="0" type="cond" truecount="0" falsecount="4"/>
          <line num="40" count="0" type="cond" truecount="0" falsecount="4"/>
          <line num="41" count="0" type="stmt"/>
          <line num="43" count="0" type="stmt"/>
          <line num="46" count="0" type="cond" truecount="0" falsecount="2"/>
          <line num="47" count="0" type="stmt"/>
          <line num="52" count="0" type="cond" truecount="0" falsecount="2"/>
          <line num="53" count="0" type="stmt"/>
          <line num="57" count="0" type="stmt"/>
          <line num="59" count="0" type="stmt"/>
          <line num="60" count="0" type="stmt"/>
          <line num="64" count="0" type="stmt"/>
          <line num="79" count="0" type="stmt"/>
          <line num="93" count="0" type="stmt"/>
          <line num="96" count="0" type="stmt"/>
          <line num="99" count="0" type="stmt"/>
          <line num="100" count="0" type="stmt"/>
          <line num="101" count="0" type="stmt"/>
          <line num="102" count="0" type="stmt"/>
        </file>
        <file name="index.js" path="/Users/chenyutian0510/Documents/dev-js/chuangqi/react-cqtoolbox/components/checkbox/index.js">
          <metrics statements="10" coveredstatements="0" conditionals="4" coveredconditionals="0" methods="1" coveredmethods="0"/>
          <line num="1" count="0" type="stmt"/>
          <line num="2" count="0" type="stmt"/>
          <line num="3" count="0" type="stmt"/>
          <line num="4" count="0" type="stmt"/>
          <line num="5" count="0" type="stmt"/>
          <line num="6" count="0" type="cond" truecount="0" falsecount="4"/>
          <line num="8" count="0" type="stmt"/>
          <line num="9" count="0" type="stmt"/>
          <line num="11" count="0" type="stmt"/>
          <line num="12" count="0" type="stmt"/>
        </file>
      </package>
      <package name="components.date_select">
        <metrics statements="74" coveredstatements="0" conditionals="94" coveredconditionals="0" methods="46" coveredmethods="0"/>
        <file name="DateRangeSelect.js" path="/Users/chenyutian0510/Documents/dev-js/chuangqi/react-cqtoolbox/components/date_select/DateRangeSelect.js">
          <metrics statements="27" coveredstatements="0" conditionals="49" coveredconditionals="0" methods="17" coveredmethods="0"/>
          <line num="1" count="0" type="cond" truecount="0" falsecount="8"/>
          <line num="2" count="0" type="stmt"/>
          <line num="3" count="0" type="stmt"/>
          <line num="4" count="0" type="stmt"/>
          <line num="5" count="0" type="cond" truecount="0" falsecount="23"/>
          <line num="7" count="0" type="stmt"/>
          <line num="12" count="0" type="stmt"/>
          <line num="13" count="0" type="stmt"/>
          <line num="37" count="0" type="cond" truecount="0" falsecount="2"/>
          <line num="38" count="0" type="stmt"/>
          <line num="40" count="0" type="stmt"/>
          <line num="47" count="0" type="stmt"/>
          <line num="53" count="0" type="stmt"/>
          <line num="56" count="0" type="stmt"/>
          <line num="59" count="0" type="cond" truecount="0" falsecount="2"/>
          <line num="60" count="0" type="stmt"/>
          <line num="63" count="0" type="cond" truecount="0" falsecount="2"/>
          <line num="64" count="0" type="stmt"/>
          <line num="67" count="0" type="cond" truecount="0" falsecount="2"/>
          <line num="68" count="0" type="stmt"/>
          <line num="124" count="0" type="stmt"/>
          <line num="126" count="0" type="stmt"/>
          <line num="127" count="0" type="stmt"/>
          <line num="129" count="0" type="stmt"/>
          <line num="141" count="0" type="cond" truecount="0" falsecount="6"/>
          <line num="144" count="0" type="stmt"/>
          <line num="145" count="0" type="stmt"/>
        </file>
        <file name="DateSelect.js" path="/Users/chenyutian0510/Documents/dev-js/chuangqi/react-cqtoolbox/components/date_select/DateSelect.js">
          <metrics statements="25" coveredstatements="0" conditionals="41" coveredconditionals="0" methods="16" coveredmethods="0"/>
          <line num="1" count="0" type="cond" truecount="0" falsecount="8"/>
          <line num="2" count="0" type="stmt"/>
          <line num="3" count="0" type="cond" truecount="0" falsecount="23"/>
          <line num="5" count="0" type="stmt"/>
          <line num="10" count="0" type="stmt"/>
          <line num="11" count="0" type="stmt"/>
          <line num="29" count="0" type="cond" truecount="0" falsecount="2"/>
          <line num="30" count="0" type="stmt"/>
          <line num="51" count="0" type="stmt"/>
          <line num="52" count="0" type="stmt"/>
          <line num="55" count="0" type="stmt"/>
          <line num="57" count="0" type="cond" truecount="0" falsecount="2"/>
          <line num="58" count="0" type="stmt"/>
          <line num="61" count="0" type="stmt"/>
          <line num="62" count="0" type="stmt"/>
          <line num="68" count="0" type="stmt"/>
          <line num="70" count="0" type="stmt"/>
          <line num="79" count="0" type="cond" truecount="0" falsecount="4"/>
          <line num="82" count="0" type="stmt"/>
          <line num="83" count="0" type="stmt"/>
          <line num="84" count="0" type="stmt"/>
          <line num="86" count="0" type="stmt"/>
          <line num="98" count="0" type="stmt"/>
          <line num="101" count="0" type="stmt"/>
          <line num="102" count="0" type="stmt"/>
        </file>
        <file name="index.js" path="/Users/chenyutian0510/Documents/dev-js/chuangqi/react-cqtoolbox/components/date_select/index.js">
          <metrics statements="9" coveredstatements="0" conditionals="4" coveredconditionals="0" methods="1" coveredmethods="0"/>
          <line num="1" count="0" type="stmt"/>
          <line num="2" count="0" type="stmt"/>
          <line num="3" count="0" type="stmt"/>
          <line num="5" count="0" type="stmt"/>
          <line num="6" count="0" type="cond" truecount="0" falsecount="4"/>
          <line num="8" count="0" type="stmt"/>
          <line num="9" count="0" type="stmt"/>
          <line num="11" count="0" type="stmt"/>
          <line num="12" count="0" type="stmt"/>
        </file>
        <file name="ranges.js" path="/Users/chenyutian0510/Documents/dev-js/chuangqi/react-cqtoolbox/components/date_select/ranges.js">
          <metrics statements="13" coveredstatements="0" conditionals="0" coveredconditionals="0" methods="12" coveredmethods="0"/>
          <line num="1" count="0" type="stmt"/>
          <line num="4" count="0" type="stmt"/>
          <line num="7" count="0" type="stmt"/>
          <line num="12" count="0" type="stmt"/>
          <line num="15" count="0" type="stmt"/>
          <line num="20" count="0" type="stmt"/>
          <line num="23" count="0" type="stmt"/>
          <line num="28" count="0" type="stmt"/>
          <line num="31" count="0" type="stmt"/>
          <line num="36" count="0" type="stmt"/>
          <line num="39" count="0" type="stmt"/>
          <line num="44" count="0" type="stmt"/>
          <line num="47" count="0" type="stmt"/>
        </file>
      </package>
      <package name="components.decorator">
        <metrics statements="28" coveredstatements="22" conditionals="23" coveredconditionals="9" methods="17" coveredmethods="12"/>
        <file name="activableRenderer.js" path="/Users/chenyutian0510/Documents/dev-js/chuangqi/react-cqtoolbox/components/decorator/activableRenderer.js">
          <metrics statements="17" coveredstatements="11" conditionals="15" coveredconditionals="4" methods="12" coveredmethods="7"/>
          <line num="3" count="1" type="cond" truecount="1" falsecount="0"/>
          <line num="4" count="2" type="stmt"/>
          <line num="21" count="2" type="cond" truecount="1" falsecount="1"/>
          <line num="25" count="0" type="cond" truecount="0" falsecount="4"/>
          <line num="26" count="0" type="cond" truecount="0" falsecount="4"/>
          <line num="30" count="2" type="stmt"/>
          <line num="31" count="2" type="stmt"/>
          <line num="35" count="2" type="cond" truecount="1" falsecount="1"/>
          <line num="36" count="2" type="stmt"/>
          <line num="37" count="2" type="stmt"/>
          <line num="42" count="0" type="stmt"/>
          <line num="43" count="0" type="stmt"/>
          <line num="44" count="0" type="stmt"/>
          <line num="45" count="0" type="stmt"/>
          <line num="51" count="2" type="stmt"/>
          <line num="52" count="2" type="stmt"/>
          <line num="54" count="2" type="cond" truecount="1" falsecount="1"/>
        </file>
        <file name="pureRender.js" path="/Users/chenyutian0510/Documents/dev-js/chuangqi/react-cqtoolbox/components/decorator/pureRender.js">
          <metrics statements="11" coveredstatements="11" conditionals="8" coveredconditionals="5" methods="5" coveredmethods="5"/>
          <line num="3" count="9" type="cond" truecount="1" falsecount="1"/>
          <line num="4" count="9" type="stmt"/>
          <line num="5" count="9" type="stmt"/>
          <line num="7" count="9" type="cond" truecount="1" falsecount="1"/>
          <line num="9" count="9" type="stmt"/>
          <line num="10" count="25" type="cond" truecount="2" falsecount="0"/>
          <line num="15" count="3" type="stmt"/>
          <line num="16" count="9" type="stmt"/>
          <line num="19" count="3" type="stmt"/>
          <line num="22" count="2" type="stmt"/>
          <line num="23" count="9" type="cond" truecount="1" falsecount="1"/>
        </file>
      </package>
      <package name="components.dialog">
        <metrics statements="41" coveredstatements="39" conditionals="20" coveredconditionals="14" methods="8" coveredmethods="7"/>
        <file name="Dialog.js" path="/Users/chenyutian0510/Documents/dev-js/chuangqi/react-cqtoolbox/components/dialog/Dialog.js">
          <metrics statements="9" coveredstatements="7" conditionals="4" coveredconditionals="2" methods="3" coveredmethods="2"/>
          <line num="8" count="1" type="stmt"/>
          <line num="50" count="2" type="stmt"/>
          <line num="52" count="2" type="stmt"/>
          <line num="53" count="0" type="stmt"/>
          <line num="54" count="0" type="stmt"/>
          <line num="57" count="2" type="stmt"/>
          <line num="61" count="2" type="stmt"/>
          <line num="84" count="2" type="stmt"/>
          <line num="87" count="1" type="stmt"/>
        </file>
        <file name="confirm.js" path="/Users/chenyutian0510/Documents/dev-js/chuangqi/react-cqtoolbox/components/dialog/confirm.js">
          <metrics statements="22" coveredstatements="22" conditionals="16" coveredconditionals="12" methods="5" coveredmethods="5"/>
          <line num="9" count="1" type="stmt"/>
          <line num="17" count="1" type="stmt"/>
          <line num="20" count="2" type="stmt"/>
          <line num="22" count="2" type="stmt"/>
          <line num="23" count="2" type="stmt"/>
          <line num="25" count="2" type="stmt"/>
          <line num="26" count="2" type="stmt"/>
          <line num="27" count="2" type="cond" truecount="3" falsecount="1"/>
          <line num="28" count="2" type="stmt"/>
          <line num="32" count="2" type="stmt"/>
          <line num="33" count="1" type="stmt"/>
          <line num="34" count="1" type="cond" truecount="1" falsecount="1"/>
          <line num="35" count="1" type="stmt"/>
          <line num="39" count="2" type="stmt"/>
          <line num="40" count="1" type="stmt"/>
          <line num="41" count="1" type="cond" truecount="1" falsecount="1"/>
          <line num="42" count="1" type="stmt"/>
          <line num="47" count="2" type="stmt"/>
          <line num="55" count="2" type="stmt"/>
          <line num="72" count="2" type="stmt"/>
          <line num="74" count="2" type="stmt"/>
          <line num="87" count="4" type="stmt"/>
        </file>
        <file name="index.js" path="/Users/chenyutian0510/Documents/dev-js/chuangqi/react-cqtoolbox/components/dialog/index.js">
          <metrics statements="10" coveredstatements="10" conditionals="0" coveredconditionals="0" methods="0" coveredmethods="0"/>
          <line num="11" count="1" type="stmt"/>
          <line num="12" count="1" type="stmt"/>
          <line num="14" count="1" type="stmt"/>
          <line num="20" count="1" type="stmt"/>
          <line num="25" count="1" type="stmt"/>
          <line num="30" count="1" type="stmt"/>
          <line num="35" count="1" type="stmt"/>
          <line num="36" count="1" type="stmt"/>
          <line num="37" count="1" type="stmt"/>
          <line num="38" count="1" type="stmt"/>
        </file>
      </package>
      <package name="components.font_icon">
        <metrics statements="12" coveredstatements="12" conditionals="0" coveredconditionals="0" methods="4" coveredmethods="4"/>
        <file name="CaretDown.js" path="/Users/chenyutian0510/Documents/dev-js/chuangqi/react-cqtoolbox/components/font_icon/CaretDown.js">
          <metrics statements="2" coveredstatements="2" conditionals="0" coveredconditionals="0" methods="1" coveredmethods="1"/>
          <line num="3" count="4" type="stmt"/>
          <line num="4" count="7" type="stmt"/>
        </file>
        <file name="FontIcon.js" path="/Users/chenyutian0510/Documents/dev-js/chuangqi/react-cqtoolbox/components/font_icon/FontIcon.js">
          <metrics statements="8" coveredstatements="8" conditionals="0" coveredconditionals="0" methods="3" coveredmethods="3"/>
          <line num="7" count="4" type="stmt"/>
          <line num="8" count="10" type="stmt"/>
          <line num="22" count="4" type="stmt"/>
          <line num="31" count="4" type="stmt"/>
          <line num="38" count="4" type="stmt"/>
          <line num="40" count="4" type="stmt"/>
          <line num="41" count="4" type="stmt"/>
          <line num="42" count="7" type="stmt"/>
        </file>
        <file name="index.js" path="/Users/chenyutian0510/Documents/dev-js/chuangqi/react-cqtoolbox/components/font_icon/index.js">
          <metrics statements="2" coveredstatements="2" conditionals="0" coveredconditionals="0" methods="0" coveredmethods="0"/>
          <line num="5" count="4" type="stmt"/>
          <line num="10" count="4" type="stmt"/>
        </file>
      </package>
      <package name="components.form">
        <metrics statements="22" coveredstatements="0" conditionals="41" coveredconditionals="0" methods="15" coveredmethods="0"/>
        <file name="Form.js" path="/Users/chenyutian0510/Documents/dev-js/chuangqi/react-cqtoolbox/components/form/Form.js">
          <metrics statements="0" coveredstatements="0" conditionals="0" coveredconditionals="0" methods="0" coveredmethods="0"/>
        </file>
        <file name="FormItem.js" path="/Users/chenyutian0510/Documents/dev-js/chuangqi/react-cqtoolbox/components/form/FormItem.js">
          <metrics statements="15" coveredstatements="0" conditionals="37" coveredconditionals="0" methods="14" coveredmethods="0"/>
          <line num="1" count="0" type="cond" truecount="0" falsecount="8"/>
          <line num="2" count="0" type="cond" truecount="0" falsecount="25"/>
          <line num="4" count="0" type="stmt"/>
          <line num="6" count="0" type="stmt"/>
          <line num="8" count="0" type="cond" truecount="0" falsecount="2"/>
          <line num="24" count="0" type="stmt"/>
          <line num="26" count="0" type="stmt"/>
          <line num="27" count="0" type="stmt"/>
          <line num="30" count="0" type="stmt"/>
          <line num="32" count="0" type="stmt"/>
          <line num="34" count="0" type="stmt"/>
          <line num="39" count="0" type="stmt"/>
          <line num="46" count="0" type="stmt"/>
          <line num="49" count="0" type="stmt"/>
          <line num="50" count="0" type="stmt"/>
        </file>
        <file name="index.js" path="/Users/chenyutian0510/Documents/dev-js/chuangqi/react-cqtoolbox/components/form/index.js">
          <metrics statements="7" coveredstatements="0" conditionals="4" coveredconditionals="0" methods="1" coveredmethods="0"/>
          <line num="1" count="0" type="stmt"/>
          <line num="2" count="0" type="stmt"/>
          <line num="3" count="0" type="stmt"/>
          <line num="4" count="0" type="stmt"/>
          <line num="5" count="0" type="cond" truecount="0" falsecount="4"/>
          <line num="6" count="0" type="stmt"/>
          <line num="8" count="0" type="stmt"/>
        </file>
      </package>
      <package name="components.input">
        <metrics statements="27" coveredstatements="0" conditionals="53" coveredconditionals="0" methods="17" coveredmethods="0"/>
        <file name="Input.js" path="/Users/chenyutian0510/Documents/dev-js/chuangqi/react-cqtoolbox/components/input/Input.js">
          <metrics statements="19" coveredstatements="0" conditionals="49" coveredconditionals="0" methods="16" coveredmethods="0"/>
          <line num="1" count="0" type="cond" truecount="0" falsecount="12"/>
          <line num="2" count="0" type="cond" truecount="0" falsecount="27"/>
          <line num="4" count="0" type="stmt"/>
          <line num="5" count="0" type="cond" truecount="0" falsecount="2"/>
          <line num="40" count="0" type="stmt"/>
          <line num="41" count="0" type="cond" truecount="0" falsecount="2"/>
          <line num="42" count="0" type="stmt"/>
          <line num="44" count="0" type="stmt"/>
          <line num="57" count="0" type="stmt"/>
          <line num="60" count="0" type="cond" truecount="0" falsecount="2"/>
          <line num="61" count="0" type="stmt"/>
          <line num="63" count="0" type="stmt"/>
          <line num="72" count="0" type="stmt"/>
          <line num="74" count="0" type="cond" truecount="0" falsecount="2"/>
          <line num="81" count="0" type="cond" truecount="0" falsecount="2"/>
          <line num="88" count="0" type="stmt"/>
          <line num="102" count="0" type="stmt"/>
          <line num="105" count="0" type="stmt"/>
          <line num="106" count="0" type="stmt"/>
        </file>
        <file name="index.js" path="/Users/chenyutian0510/Documents/dev-js/chuangqi/react-cqtoolbox/components/input/index.js">
          <metrics statements="8" coveredstatements="0" conditionals="4" coveredconditionals="0" methods="1" coveredmethods="0"/>
          <line num="1" count="0" type="stmt"/>
          <line num="2" count="0" type="stmt"/>
          <line num="3" count="0" type="stmt"/>
          <line num="4" count="0" type="stmt"/>
          <line num="5" count="0" type="cond" truecount="0" falsecount="4"/>
          <line num="6" count="0" type="stmt"/>
          <line num="7" count="0" type="stmt"/>
          <line num="9" count="0" type="stmt"/>
        </file>
      </package>
      <package name="components.input_group">
        <metrics statements="25" coveredstatements="0" conditionals="39" coveredconditionals="0" methods="17" coveredmethods="0"/>
        <file name="InputGroup.js" path="/Users/chenyutian0510/Documents/dev-js/chuangqi/react-cqtoolbox/components/input_group/InputGroup.js">
          <metrics statements="16" coveredstatements="0" conditionals="35" coveredconditionals="0" methods="16" coveredmethods="0"/>
          <line num="1" count="0" type="cond" truecount="0" falsecount="8"/>
          <line num="2" count="0" type="stmt"/>
          <line num="3" count="0" type="cond" truecount="0" falsecount="23"/>
          <line num="5" count="0" type="stmt"/>
          <line num="7" count="0" type="stmt"/>
          <line num="8" count="0" type="stmt"/>
          <line num="9" count="0" type="stmt"/>
          <line num="11" count="0" type="cond" truecount="0" falsecount="2"/>
          <line num="31" count="0" type="stmt"/>
          <line num="36" count="0" type="stmt"/>
          <line num="44" count="0" type="stmt"/>
          <line num="46" count="0" type="stmt"/>
          <line num="48" count="0" type="stmt"/>
          <line num="53" count="0" type="stmt"/>
          <line num="56" count="0" type="stmt"/>
          <line num="57" count="0" type="stmt"/>
        </file>
        <file name="index.js" path="/Users/chenyutian0510/Documents/dev-js/chuangqi/react-cqtoolbox/components/input_group/index.js">
          <metrics statements="9" coveredstatements="0" conditionals="4" coveredconditionals="0" methods="1" coveredmethods="0"/>
          <line num="1" count="0" type="stmt"/>
          <line num="2" count="0" type="stmt"/>
          <line num="3" count="0" type="stmt"/>
          <line num="4" count="0" type="stmt"/>
          <line num="5" count="0" type="stmt"/>
          <line num="6" count="0" type="stmt"/>
          <line num="7" count="0" type="cond" truecount="0" falsecount="4"/>
          <line num="9" count="0" type="stmt"/>
          <line num="11" count="0" type="stmt"/>
        </file>
      </package>
      <package name="components.layout">
        <metrics statements="48" coveredstatements="0" conditionals="104" coveredconditionals="0" methods="33" coveredmethods="0"/>
        <file name="Basic.js" path="/Users/chenyutian0510/Documents/dev-js/chuangqi/react-cqtoolbox/components/layout/Basic.js">
          <metrics statements="10" coveredstatements="0" conditionals="43" coveredconditionals="0" methods="14" coveredmethods="0"/>
          <line num="1" count="0" type="cond" truecount="0" falsecount="12"/>
          <line num="2" count="0" type="cond" truecount="0" falsecount="29"/>
          <line num="4" count="0" type="stmt"/>
          <line num="5" count="0" type="cond" truecount="0" falsecount="2"/>
          <line num="29" count="0" type="stmt"/>
          <line num="31" count="0" type="stmt"/>
          <line num="35" count="0" type="stmt"/>
          <line num="38" count="0" type="stmt"/>
          <line num="41" count="0" type="stmt"/>
          <line num="42" count="0" type="stmt"/>
        </file>
        <file name="Sider.js" path="/Users/chenyutian0510/Documents/dev-js/chuangqi/react-cqtoolbox/components/layout/Sider.js">
          <metrics statements="22" coveredstatements="0" conditionals="57" coveredconditionals="0" methods="17" coveredmethods="0"/>
          <line num="1" count="0" type="cond" truecount="0" falsecount="12"/>
          <line num="2" count="0" type="stmt"/>
          <line num="3" count="0" type="cond" truecount="0" falsecount="29"/>
          <line num="5" count="0" type="stmt"/>
          <line num="30" count="0" type="cond" truecount="0" falsecount="2"/>
          <line num="31" count="0" type="stmt"/>
          <line num="33" count="0" type="stmt"/>
          <line num="34" count="0" type="cond" truecount="0" falsecount="2"/>
          <line num="35" count="0" type="stmt"/>
          <line num="37" count="0" type="stmt"/>
          <line num="40" count="0" type="stmt"/>
          <line num="41" count="0" type="stmt"/>
          <line num="43" count="0" type="stmt"/>
          <line num="46" count="0" type="cond" truecount="0" falsecount="2"/>
          <line num="47" count="0" type="stmt"/>
          <line num="82" count="0" type="stmt"/>
          <line num="84" count="0" type="stmt"/>
          <line num="86" count="0" type="cond" truecount="0" falsecount="2"/>
          <line num="88" count="0" type="stmt"/>
          <line num="92" count="0" type="stmt"/>
          <line num="97" count="0" type="stmt"/>
          <line num="110" count="0" type="cond" truecount="0" falsecount="4"/>
        </file>
        <file name="index.js" path="/Users/chenyutian0510/Documents/dev-js/chuangqi/react-cqtoolbox/components/layout/index.js">
          <metrics statements="16" coveredstatements="0" conditionals="4" coveredconditionals="0" methods="2" coveredmethods="0"/>
          <line num="1" count="0" type="stmt"/>
          <line num="2" count="0" type="stmt"/>
          <line num="3" count="0" type="stmt"/>
          <line num="4" count="0" type="stmt"/>
          <line num="5" count="0" type="cond" truecount="0" falsecount="4"/>
          <line num="7" count="0" type="stmt"/>
          <line num="9" count="0" type="stmt"/>
          <line num="10" count="0" type="stmt"/>
          <line num="11" count="0" type="stmt"/>
          <line num="12" count="0" type="stmt"/>
          <line num="13" count="0" type="stmt"/>
          <line num="15" count="0" type="stmt"/>
          <line num="16" count="0" type="stmt"/>
          <line num="17" count="0" type="stmt"/>
          <line num="18" count="0" type="stmt"/>
          <line num="19" count="0" type="stmt"/>
        </file>
      </package>
      <package name="components.lazy_image">
        <metrics statements="61" coveredstatements="0" conditionals="67" coveredconditionals="0" methods="23" coveredmethods="0"/>
        <file name="LazyImage.js" path="/Users/chenyutian0510/Documents/dev-js/chuangqi/react-cqtoolbox/components/lazy_image/LazyImage.js">
          <metrics statements="55" coveredstatements="0" conditionals="63" coveredconditionals="0" methods="22" coveredmethods="0"/>
          <line num="1" count="0" type="cond" truecount="0" falsecount="12"/>
          <line num="2" count="0" type="stmt"/>
          <line num="3" count="0" type="stmt"/>
          <line num="4" count="0" type="stmt"/>
          <line num="5" count="0" type="cond" truecount="0" falsecount="29"/>
          <line num="7" count="0" type="stmt"/>
          <line num="8" count="0" type="stmt"/>
          <line num="10" count="0" type="stmt"/>
          <line num="11" count="0" type="stmt"/>
          <line num="13" count="0" type="stmt"/>
          <line num="14" count="0" type="stmt"/>
          <line num="15" count="0" type="stmt"/>
          <line num="18" count="0" type="stmt"/>
          <line num="20" count="0" type="stmt"/>
          <line num="23" count="0" type="stmt"/>
          <line num="24" count="0" type="stmt"/>
          <line num="25" count="0" type="stmt"/>
          <line num="27" count="0" type="stmt"/>
          <line num="33" count="0" type="stmt"/>
          <line num="35" count="0" type="stmt"/>
          <line num="37" count="0" type="stmt"/>
          <line num="38" count="0" type="stmt"/>
          <line num="39" count="0" type="cond" truecount="0" falsecount="2"/>
          <line num="40" count="0" type="stmt"/>
          <line num="41" count="0" type="stmt"/>
          <line num="44" count="0" type="stmt"/>
          <line num="47" count="0" type="cond" truecount="0" falsecount="2"/>
          <line num="48" count="0" type="stmt"/>
          <line num="49" count="0" type="stmt"/>
          <line num="52" count="0" type="stmt"/>
          <line num="56" count="0" type="stmt"/>
          <line num="74" count="0" type="cond" truecount="0" falsecount="2"/>
          <line num="77" count="0" type="stmt"/>
          <line num="78" count="0" type="stmt"/>
          <line num="80" count="0" type="stmt"/>
          <line num="85" count="0" type="stmt"/>
          <line num="87" count="0" type="cond" truecount="0" falsecount="2"/>
          <line num="88" count="0" type="stmt"/>
          <line num="91" count="0" type="cond" truecount="0" falsecount="4"/>
          <line num="92" count="0" type="stmt"/>
          <line num="93" count="0" type="stmt"/>
          <line num="98" count="0" type="stmt"/>
          <line num="99" count="0" type="cond" truecount="0" falsecount="2"/>
          <line num="100" count="0" type="stmt"/>
          <line num="103" count="0" type="cond" truecount="0" falsecount="2"/>
          <line num="104" count="0" type="stmt"/>
          <line num="119" count="0" type="stmt"/>
          <line num="123" count="0" type="stmt"/>
          <line num="125" count="0" type="stmt"/>
          <line num="129" count="0" type="stmt"/>
          <line num="131" count="0" type="stmt"/>
          <line num="137" count="0" type="cond" truecount="0" falsecount="4"/>
          <line num="138" count="0" type="stmt"/>
          <line num="141" count="0" type="stmt"/>
          <line num="148" count="0" type="stmt"/>
        </file>
        <file name="index.js" path="/Users/chenyutian0510/Documents/dev-js/chuangqi/react-cqtoolbox/components/lazy_image/index.js">
          <metrics statements="6" coveredstatements="0" conditionals="4" coveredconditionals="0" methods="1" coveredmethods="0"/>
          <line num="1" count="0" type="stmt"/>
          <line num="2" count="0" type="stmt"/>
          <line num="3" count="0" type="stmt"/>
          <line num="4" count="0" type="cond" truecount="0" falsecount="4"/>
          <line num="6" count="0" type="stmt"/>
          <line num="8" count="0" type="stmt"/>
        </file>
      </package>
      <package name="components.loader">
        <metrics statements="9" coveredstatements="0" conditionals="8" coveredconditionals="0" methods="3" coveredmethods="0"/>
        <file name="Loader.js" path="/Users/chenyutian0510/Documents/dev-js/chuangqi/react-cqtoolbox/components/loader/Loader.js">
          <metrics statements="3" coveredstatements="0" conditionals="4" coveredconditionals="0" methods="2" coveredmethods="0"/>
          <line num="1" count="0" type="cond" truecount="0" falsecount="4"/>
          <line num="3" count="0" type="stmt"/>
          <line num="10" count="0" type="stmt"/>
        </file>
        <file name="index.js" path="/Users/chenyutian0510/Documents/dev-js/chuangqi/react-cqtoolbox/components/loader/index.js">
          <metrics statements="6" coveredstatements="0" conditionals="4" coveredconditionals="0" methods="1" coveredmethods="0"/>
          <line num="1" count="0" type="stmt"/>
          <line num="2" count="0" type="stmt"/>
          <line num="3" count="0" type="stmt"/>
          <line num="4" count="0" type="cond" truecount="0" falsecount="4"/>
          <line num="6" count="0" type="stmt"/>
          <line num="8" count="0" type="stmt"/>
        </file>
      </package>
      <package name="components.menu">
        <metrics statements="59" coveredstatements="22" conditionals="36" coveredconditionals="7" methods="18" coveredmethods="8"/>
        <file name="Menu.js" path="/Users/chenyutian0510/Documents/dev-js/chuangqi/react-cqtoolbox/components/menu/Menu.js">
          <metrics statements="7" coveredstatements="6" conditionals="2" coveredconditionals="1" methods="2" coveredmethods="2"/>
          <line num="23" count="20" type="cond" truecount="1" falsecount="1"/>
          <line num="24" count="0" type="stmt"/>
          <line num="27" count="20" type="stmt"/>
          <line num="31" count="20" type="stmt"/>
          <line num="41" count="5" type="stmt"/>
          <line num="43" count="5" type="stmt"/>
          <line num="45" count="5" type="stmt"/>
        </file>
        <file name="MenuItem.js" path="/Users/chenyutian0510/Documents/dev-js/chuangqi/react-cqtoolbox/components/menu/MenuItem.js">
          <metrics statements="7" coveredstatements="7" conditionals="8" coveredconditionals="6" methods="3" coveredmethods="3"/>
          <line num="5" count="1" type="stmt"/>
          <line num="31" count="2" type="cond" truecount="3" falsecount="1"/>
          <line num="32" count="2" type="stmt"/>
          <line num="45" count="20" type="stmt"/>
          <line num="46" count="20" type="stmt"/>
          <line num="51" count="20" type="stmt"/>
          <line num="64" count="1" type="stmt"/>
        </file>
        <file name="SubMenu.js" path="/Users/chenyutian0510/Documents/dev-js/chuangqi/react-cqtoolbox/components/menu/SubMenu.js">
          <metrics statements="28" coveredstatements="2" conditionals="20" coveredconditionals="0" methods="9" coveredmethods="1"/>
          <line num="6" count="1" type="stmt"/>
          <line num="39" count="0" type="cond" truecount="0" falsecount="2"/>
          <line num="40" count="0" type="stmt"/>
          <line num="45" count="0" type="stmt"/>
          <line num="49" count="0" type="cond" truecount="0" falsecount="2"/>
          <line num="50" count="0" type="stmt"/>
          <line num="51" count="0" type="stmt"/>
          <line num="56" count="0" type="cond" truecount="0" falsecount="2"/>
          <line num="57" count="0" type="stmt"/>
          <line num="58" count="0" type="stmt"/>
          <line num="61" count="0" type="cond" truecount="0" falsecount="2"/>
          <line num="62" count="0" type="stmt"/>
          <line num="67" count="0" type="cond" truecount="0" falsecount="2"/>
          <line num="68" count="0" type="stmt"/>
          <line num="69" count="0" type="stmt"/>
          <line num="74" count="0" type="cond" truecount="0" falsecount="2"/>
          <line num="75" count="0" type="stmt"/>
          <line num="76" count="0" type="stmt"/>
          <line num="77" count="0" type="stmt"/>
          <line num="92" count="0" type="stmt"/>
          <line num="94" count="0" type="stmt"/>
          <line num="96" count="0" type="stmt"/>
          <line num="98" count="0" type="stmt"/>
          <line num="100" count="0" type="cond" truecount="0" falsecount="4"/>
          <line num="101" count="0" type="stmt"/>
          <line num="108" count="0" type="cond" truecount="0" falsecount="2"/>
          <line num="111" count="0" type="stmt"/>
          <line num="140" count="1" type="stmt"/>
        </file>
        <file name="SubMenuCaption.js" path="/Users/chenyutian0510/Documents/dev-js/chuangqi/react-cqtoolbox/components/menu/SubMenuCaption.js">
          <metrics statements="12" coveredstatements="2" conditionals="6" coveredconditionals="0" methods="3" coveredmethods="1"/>
          <line num="5" count="1" type="stmt"/>
          <line num="27" count="0" type="stmt"/>
          <line num="39" count="0" type="stmt"/>
          <line num="41" count="0" type="stmt"/>
          <line num="44" count="0" type="stmt"/>
          <line num="49" count="0" type="cond" truecount="0" falsecount="2"/>
          <line num="50" count="0" type="stmt"/>
          <line num="51" count="0" type="cond" truecount="0" falsecount="2"/>
          <line num="52" count="0" type="stmt"/>
          <line num="54" count="0" type="stmt"/>
          <line num="57" count="0" type="stmt"/>
          <line num="70" count="1" type="stmt"/>
        </file>
        <file name="index.js" path="/Users/chenyutian0510/Documents/dev-js/chuangqi/react-cqtoolbox/components/menu/index.js">
          <metrics statements="5" coveredstatements="5" conditionals="0" coveredconditionals="0" methods="1" coveredmethods="1"/>
          <line num="10" count="3" type="stmt"/>
          <line num="12" count="1" type="stmt"/>
          <line num="13" count="1" type="stmt"/>
          <line num="14" count="1" type="stmt"/>
          <line num="15" count="1" type="stmt"/>
        </file>
      </package>
      <package name="components.overlay">
        <metrics statements="34" coveredstatements="15" conditionals="42" coveredconditionals="9" methods="10" coveredmethods="5"/>
        <file name="Overlay.js" path="/Users/chenyutian0510/Documents/dev-js/chuangqi/react-cqtoolbox/components/overlay/Overlay.js">
          <metrics statements="33" coveredstatements="14" conditionals="42" coveredconditionals="9" methods="10" coveredmethods="5"/>
          <line num="34" count="3" type="stmt"/>
          <line num="35" count="3" type="cond" truecount="2" falsecount="0"/>
          <line num="36" count="2" type="stmt"/>
          <line num="37" count="2" type="stmt"/>
          <line num="39" count="3" type="cond" truecount="2" falsecount="2"/>
          <line num="43" count="0" type="stmt"/>
          <line num="45" count="0" type="cond" truecount="0" falsecount="5"/>
          <line num="46" count="0" type="stmt"/>
          <line num="48" count="0" type="cond" truecount="0" falsecount="2"/>
          <line num="49" count="0" type="stmt"/>
          <line num="53" count="0" type="cond" truecount="0" falsecount="6"/>
          <line num="54" count="0" type="stmt"/>
          <line num="59" count="2" type="cond" truecount="2" falsecount="2"/>
          <line num="60" count="0" type="cond" truecount="0" falsecount="2"/>
          <line num="61" count="0" type="stmt"/>
          <line num="65" count="2" type="cond" truecount="1" falsecount="1"/>
          <line num="66" count="2" type="stmt"/>
          <line num="71" count="2" type="cond" truecount="1" falsecount="1"/>
          <line num="72" count="2" type="stmt"/>
          <line num="77" count="2" type="cond" truecount="1" falsecount="1"/>
          <line num="78" count="2" type="stmt"/>
          <line num="83" count="0" type="cond" truecount="0" falsecount="2"/>
          <line num="84" count="0" type="stmt"/>
          <line num="89" count="0" type="cond" truecount="0" falsecount="2"/>
          <line num="90" count="0" type="stmt"/>
          <line num="95" count="0" type="cond" truecount="0" falsecount="5"/>
          <line num="98" count="0" type="stmt"/>
          <line num="103" count="0" type="stmt"/>
          <line num="104" count="0" type="stmt"/>
          <line num="105" count="0" type="cond" truecount="0" falsecount="2"/>
          <line num="106" count="0" type="stmt"/>
          <line num="118" count="3" type="stmt"/>
          <line num="120" count="3" type="stmt"/>
        </file>
        <file name="index.js" path="/Users/chenyutian0510/Documents/dev-js/chuangqi/react-cqtoolbox/components/overlay/index.js">
          <metrics statements="1" coveredstatements="1" conditionals="0" coveredconditionals="0" methods="0" coveredmethods="0"/>
          <line num="6" count="4" type="stmt"/>
        </file>
      </package>
      <package name="components.pagination">
        <metrics statements="32" coveredstatements="0" conditionals="18" coveredconditionals="0" methods="19" coveredmethods="0"/>
        <file name="Pagination.js" path="/Users/chenyutian0510/Documents/dev-js/chuangqi/react-cqtoolbox/components/pagination/Pagination.js">
          <metrics statements="13" coveredstatements="0" conditionals="4" coveredconditionals="0" methods="13" coveredmethods="0"/>
          <line num="1" count="0" type="cond" truecount="0" falsecount="4"/>
          <line num="3" count="0" type="stmt"/>
          <line num="4" count="0" type="stmt"/>
          <line num="8" count="0" type="stmt"/>
          <line num="9" count="0" type="stmt"/>
          <line num="13" count="0" type="stmt"/>
          <line num="14" count="0" type="stmt"/>
          <line num="18" count="0" type="stmt"/>
          <line num="19" count="0" type="stmt"/>
          <line num="23" count="0" type="stmt"/>
          <line num="24" count="0" type="stmt"/>
          <line num="28" count="0" type="stmt"/>
          <line num="29" count="0" type="stmt"/>
        </file>
        <file name="index.js" path="/Users/chenyutian0510/Documents/dev-js/chuangqi/react-cqtoolbox/components/pagination/index.js">
          <metrics statements="19" coveredstatements="0" conditionals="14" coveredconditionals="0" methods="6" coveredmethods="0"/>
          <line num="1" count="0" type="cond" truecount="0" falsecount="4"/>
          <line num="2" count="0" type="stmt"/>
          <line num="3" count="0" type="stmt"/>
          <line num="4" count="0" type="stmt"/>
          <line num="5" count="0" type="stmt"/>
          <line num="6" count="0" type="stmt"/>
          <line num="7" count="0" type="stmt"/>
          <line num="11" count="0" type="cond" truecount="0" falsecount="10"/>
          <line num="20" count="0" type="stmt"/>
          <line num="21" count="0" type="stmt"/>
          <line num="22" count="0" type="stmt"/>
          <line num="23" count="0" type="stmt"/>
          <line num="24" count="0" type="stmt"/>
          <line num="25" count="0" type="stmt"/>
          <line num="27" count="0" type="stmt"/>
          <line num="36" count="0" type="stmt"/>
          <line num="37" count="0" type="stmt"/>
          <line num="38" count="0" type="stmt"/>
          <line num="40" count="0" type="stmt"/>
        </file>
      </package>
      <package name="components.popup">
        <metrics statements="61" coveredstatements="19" conditionals="79" coveredconditionals="10" methods="30" coveredmethods="7"/>
        <file name="Popup.js" path="/Users/chenyutian0510/Documents/dev-js/chuangqi/react-cqtoolbox/components/popup/Popup.js">
          <metrics statements="31" coveredstatements="18" conditionals="22" coveredconditionals="10" methods="10" coveredmethods="7"/>
          <line num="54" count="5" type="stmt"/>
          <line num="55" count="5" type="stmt"/>
          <line num="56" count="5" type="cond" truecount="2" falsecount="0"/>
          <line num="58" count="5" type="cond" truecount="2" falsecount="0"/>
          <line num="60" count="3" type="cond" truecount="1" falsecount="1"/>
          <line num="61" count="3" type="stmt"/>
          <line num="64" count="3" type="stmt"/>
          <line num="67" count="5" type="cond" truecount="1" falsecount="1"/>
          <line num="68" count="0" type="stmt"/>
          <line num="69" count="0" type="stmt"/>
          <line num="76" count="3" type="cond" truecount="2" falsecount="2"/>
          <line num="77" count="0" type="stmt"/>
          <line num="78" count="0" type="stmt"/>
          <line num="85" count="0" type="stmt"/>
          <line num="89" count="0" type="stmt"/>
          <line num="90" count="0" type="stmt"/>
          <line num="96" count="3" type="stmt"/>
          <line num="100" count="0" type="cond" truecount="0" falsecount="4"/>
          <line num="101" count="0" type="stmt"/>
          <line num="104" count="0" type="stmt"/>
          <line num="105" count="0" type="stmt"/>
          <line num="107" count="0" type="cond" truecount="0" falsecount="4"/>
          <line num="109" count="0" type="stmt"/>
          <line num="114" count="8" type="stmt"/>
          <line num="116" count="8" type="cond" truecount="2" falsecount="0"/>
          <line num="124" count="8" type="stmt"/>
          <line num="126" count="8" type="stmt"/>
          <line num="131" count="8" type="stmt"/>
          <line num="134" count="8" type="stmt"/>
          <line num="138" count="5" type="stmt"/>
          <line num="142" count="8" type="stmt"/>
        </file>
        <file name="index.js" path="/Users/chenyutian0510/Documents/dev-js/chuangqi/react-cqtoolbox/components/popup/index.js">
          <metrics statements="1" coveredstatements="1" conditionals="0" coveredconditionals="0" methods="0" coveredmethods="0"/>
          <line num="6" count="2" type="stmt"/>
        </file>
        <file name="popup.js" path="/Users/chenyutian0510/Documents/dev-js/chuangqi/react-cqtoolbox/components/popup/popup.js">
          <metrics statements="29" coveredstatements="0" conditionals="57" coveredconditionals="0" methods="20" coveredmethods="0"/>
          <line num="1" count="0" type="cond" truecount="0" falsecount="8"/>
          <line num="3" count="0" type="stmt"/>
          <line num="4" count="0" type="stmt"/>
          <line num="5" count="0" type="stmt"/>
          <line num="6" count="0" type="stmt"/>
          <line num="7" count="0" type="stmt"/>
          <line num="8" count="0" type="cond" truecount="0" falsecount="25"/>
          <line num="45" count="0" type="cond" truecount="0" falsecount="2"/>
          <line num="89" count="0" type="stmt"/>
          <line num="90" count="0" type="stmt"/>
          <line num="96" count="0" type="stmt"/>
          <line num="100" count="0" type="cond" truecount="0" falsecount="4"/>
          <line num="101" count="0" type="stmt"/>
          <line num="104" count="0" type="stmt"/>
          <line num="105" count="0" type="stmt"/>
          <line num="107" count="0" type="cond" truecount="0" falsecount="4"/>
          <line num="109" count="0" type="stmt"/>
          <line num="114" count="0" type="stmt"/>
          <line num="116" count="0" type="cond" truecount="0" falsecount="2"/>
          <line num="124" count="0" type="stmt"/>
          <line num="126" count="0" type="stmt"/>
          <line num="131" count="0" type="stmt"/>
          <line num="134" count="0" type="stmt"/>
          <line num="138" count="0" type="stmt"/>
          <line num="139" count="0" type="cond" truecount="0" falsecount="4"/>
          <line num="140" count="0" type="cond" truecount="0" falsecount="2"/>
          <line num="141" count="0" type="cond" truecount="0" falsecount="6"/>
          <line num="142" count="0" type="stmt"/>
          <line num="148" count="0" type="stmt"/>
        </file>
      </package>
      <package name="components.portal">
        <metrics statements="38" coveredstatements="23" conditionals="24" coveredconditionals="8" methods="13" coveredmethods="9"/>
        <file name="Portal.js" path="/Users/chenyutian0510/Documents/dev-js/chuangqi/react-cqtoolbox/components/portal/Portal.js">
          <metrics statements="38" coveredstatements="23" conditionals="24" coveredconditionals="8" methods="13" coveredmethods="9"/>
          <line num="16" count="2" type="stmt"/>
          <line num="20" count="0" type="cond" truecount="0" falsecount="4"/>
          <line num="21" count="0" type="stmt"/>
          <line num="22" count="0" type="stmt"/>
          <line num="23" count="0" type="stmt"/>
          <line num="28" count="0" type="stmt"/>
          <line num="32" count="2" type="stmt"/>
          <line num="33" count="2" type="stmt"/>
          <line num="37" count="0" type="stmt"/>
          <line num="41" count="0" type="cond" truecount="0" falsecount="2"/>
          <line num="42" count="0" type="stmt"/>
          <line num="45" count="0" type="cond" truecount="0" falsecount="2"/>
          <line num="46" count="0" type="cond" truecount="0" falsecount="2"/>
          <line num="47" count="0" type="stmt"/>
          <line num="49" count="0" type="stmt"/>
          <line num="52" count="0" type="stmt"/>
          <line num="56" count="2" type="cond" truecount="1" falsecount="1"/>
          <line num="57" count="2" type="stmt"/>
          <line num="61" count="2" type="stmt"/>
          <line num="62" count="2" type="cond" truecount="1" falsecount="1"/>
          <line num="63" count="2" type="stmt"/>
          <line num="64" count="2" type="stmt"/>
          <line num="68" count="0" type="stmt"/>
          <line num="69" count="0" type="stmt"/>
          <line num="74" count="2" type="cond" truecount="1" falsecount="1"/>
          <line num="75" count="2" type="stmt"/>
          <line num="76" count="2" type="stmt"/>
          <line num="81" count="2" type="cond" truecount="1" falsecount="1"/>
          <line num="82" count="2" type="stmt"/>
          <line num="83" count="2" type="stmt"/>
          <line num="84" count="2" type="stmt"/>
          <line num="89" count="2" type="cond" truecount="1" falsecount="1"/>
          <line num="90" count="2" type="stmt"/>
          <line num="91" count="2" type="stmt"/>
          <line num="93" count="2" type="stmt"/>
          <line num="97" count="2" type="stmt"/>
          <line num="103" count="2" type="cond" truecount="1" falsecount="1"/>
          <line num="104" count="2" type="cond" truecount="2" falsecount="0"/>
        </file>
        <file name="index.js" path="/Users/chenyutian0510/Documents/dev-js/chuangqi/react-cqtoolbox/components/portal/index.js">
          <metrics statements="0" coveredstatements="0" conditionals="0" coveredconditionals="0" methods="0" coveredmethods="0"/>
        </file>
      </package>
      <package name="components.ripple">
        <metrics statements="67" coveredstatements="15" conditionals="41" coveredconditionals="3" methods="23" coveredmethods="6"/>
        <file name="Ripple.js" path="/Users/chenyutian0510/Documents/dev-js/chuangqi/react-cqtoolbox/components/ripple/Ripple.js">
          <metrics statements="65" coveredstatements="13" conditionals="41" coveredconditionals="3" methods="22" coveredmethods="5"/>
          <line num="10" count="4" type="stmt"/>
          <line num="19" count="4" type="cond" truecount="0" falsecount="1"/>
          <line num="28" count="11" type="stmt"/>
          <line num="30" count="11" type="stmt"/>
          <line num="66" count="18" type="cond" truecount="1" falsecount="1"/>
          <line num="67" count="0" type="stmt"/>
          <line num="73" count="4" type="stmt"/>
          <line num="74" count="0" type="stmt"/>
          <line num="82" count="0" type="stmt"/>
          <line num="83" count="0" type="stmt"/>
          <line num="84" count="0" type="stmt"/>
          <line num="96" count="0" type="cond" truecount="0" falsecount="2"/>
          <line num="97" count="0" type="stmt"/>
          <line num="105" count="0" type="stmt"/>
          <line num="116" count="0" type="cond" truecount="0" falsecount="2"/>
          <line num="117" count="0" type="stmt"/>
          <line num="118" count="0" type="stmt"/>
          <line num="129" count="0" type="cond" truecount="0" falsecount="2"/>
          <line num="130" count="0" type="stmt"/>
          <line num="131" count="0" type="stmt"/>
          <line num="132" count="0" type="cond" truecount="0" falsecount="4"/>
          <line num="135" count="0" type="stmt"/>
          <line num="136" count="0" type="stmt"/>
          <line num="137" count="0" type="stmt"/>
          <line num="138" count="0" type="stmt"/>
          <line num="139" count="0" type="stmt"/>
          <line num="140" count="0" type="cond" truecount="0" falsecount="2"/>
          <line num="141" count="0" type="stmt"/>
          <line num="156" count="0" type="stmt"/>
          <line num="157" count="0" type="stmt"/>
          <line num="158" count="0" type="stmt"/>
          <line num="159" count="0" type="cond" truecount="0" falsecount="2"/>
          <line num="160" count="0" type="cond" truecount="0" falsecount="2"/>
          <line num="161" count="0" type="stmt"/>
          <line num="163" count="0" type="stmt"/>
          <line num="164" count="0" type="stmt"/>
          <line num="175" count="0" type="cond" truecount="0" falsecount="2"/>
          <line num="176" count="0" type="stmt"/>
          <line num="177" count="0" type="stmt"/>
          <line num="178" count="0" type="stmt"/>
          <line num="187" count="0" type="stmt"/>
          <line num="188" count="0" type="stmt"/>
          <line num="189" count="0" type="stmt"/>
          <line num="190" count="0" type="stmt"/>
          <line num="198" count="0" type="cond" truecount="0" falsecount="2"/>
          <line num="199" count="0" type="cond" truecount="0" falsecount="2"/>
          <line num="200" count="0" type="stmt"/>
          <line num="201" count="0" type="stmt"/>
          <line num="206" count="0" type="cond" truecount="0" falsecount="2"/>
          <line num="207" count="0" type="cond" truecount="0" falsecount="2"/>
          <line num="208" count="0" type="stmt"/>
          <line num="209" count="0" type="stmt"/>
          <line num="214" count="0" type="cond" truecount="0" falsecount="2"/>
          <line num="215" count="0" type="stmt"/>
          <line num="216" count="0" type="stmt"/>
          <line num="220" count="0" type="stmt"/>
          <line num="224" count="0" type="cond" truecount="0" falsecount="2"/>
          <line num="243" count="38" type="stmt"/>
          <line num="245" count="38" type="stmt"/>
          <line num="246" count="38" type="stmt"/>
          <line num="247" count="0" type="stmt"/>
          <line num="249" count="38" type="stmt"/>
          <line num="254" count="38" type="cond" truecount="1" falsecount="1"/>
          <line num="258" count="38" type="cond" truecount="1" falsecount="1"/>
          <line num="264" count="8" type="stmt"/>
        </file>
        <file name="index.js" path="/Users/chenyutian0510/Documents/dev-js/chuangqi/react-cqtoolbox/components/ripple/index.js">
          <metrics statements="2" coveredstatements="2" conditionals="0" coveredconditionals="0" methods="1" coveredmethods="1"/>
          <line num="4" count="3" type="stmt"/>
          <line num="6" count="5" type="stmt"/>
        </file>
      </package>
      <package name="components.section">
        <metrics statements="28" coveredstatements="0" conditionals="53" coveredconditionals="0" methods="13" coveredmethods="0"/>
        <file name="Section.js" path="/Users/chenyutian0510/Documents/dev-js/chuangqi/react-cqtoolbox/components/section/Section.js">
          <metrics statements="22" coveredstatements="0" conditionals="49" coveredconditionals="0" methods="12" coveredmethods="0"/>
          <line num="1" count="0" type="cond" truecount="0" falsecount="8"/>
          <line num="2" count="0" type="stmt"/>
          <line num="3" count="0" type="cond" truecount="0" falsecount="25"/>
          <line num="5" count="0" type="cond" truecount="0" falsecount="2"/>
          <line num="31" count="0" type="stmt"/>
          <line num="32" count="0" type="cond" truecount="0" falsecount="2"/>
          <line num="34" count="0" type="cond" truecount="0" falsecount="4"/>
          <line num="35" count="0" type="stmt"/>
          <line num="46" count="0" type="stmt"/>
          <line num="47" count="0" type="stmt"/>
          <line num="60" count="0" type="stmt"/>
          <line num="62" count="0" type="stmt"/>
          <line num="63" count="0" type="stmt"/>
          <line num="67" count="0" type="stmt"/>
          <line num="68" count="0" type="cond" truecount="0" falsecount="2"/>
          <line num="69" count="0" type="stmt"/>
          <line num="70" count="0" type="cond" truecount="0" falsecount="2"/>
          <line num="71" count="0" type="stmt"/>
          <line num="73" count="0" type="stmt"/>
          <line num="76" count="0" type="stmt"/>
          <line num="78" count="0" type="stmt"/>
          <line num="89" count="0" type="stmt"/>
        </file>
        <file name="index.js" path="/Users/chenyutian0510/Documents/dev-js/chuangqi/react-cqtoolbox/components/section/index.js">
          <metrics statements="6" coveredstatements="0" conditionals="4" coveredconditionals="0" methods="1" coveredmethods="0"/>
          <line num="1" count="0" type="stmt"/>
          <line num="2" count="0" type="stmt"/>
          <line num="3" count="0" type="stmt"/>
          <line num="4" count="0" type="cond" truecount="0" falsecount="4"/>
          <line num="5" count="0" type="stmt"/>
          <line num="7" count="0" type="stmt"/>
        </file>
      </package>
      <package name="components.select">
        <metrics statements="94" coveredstatements="30" conditionals="73" coveredconditionals="6" methods="39" coveredmethods="11"/>
        <file name="CascadeSelect.js" path="/Users/chenyutian0510/Documents/dev-js/chuangqi/react-cqtoolbox/components/select/CascadeSelect.js">
          <metrics statements="49" coveredstatements="0" conditionals="61" coveredconditionals="0" methods="26" coveredmethods="0"/>
          <line num="1" count="0" type="cond" truecount="0" falsecount="18"/>
          <line num="2" count="0" type="stmt"/>
          <line num="3" count="0" type="stmt"/>
          <line num="4" count="0" type="stmt"/>
          <line num="5" count="0" type="cond" truecount="0" falsecount="25"/>
          <line num="6" count="0" type="stmt"/>
          <line num="8" count="0" type="stmt"/>
          <line num="13" count="0" type="stmt"/>
          <line num="14" count="0" type="stmt"/>
          <line num="36" count="0" type="cond" truecount="0" falsecount="2"/>
          <line num="37" count="0" type="stmt"/>
          <line num="63" count="0" type="stmt"/>
          <line num="65" count="0" type="stmt"/>
          <line num="68" count="0" type="stmt"/>
          <line num="73" count="0" type="stmt"/>
          <line num="78" count="0" type="stmt"/>
          <line num="81" count="0" type="stmt"/>
          <line num="82" count="0" type="stmt"/>
          <line num="90" count="0" type="stmt"/>
          <line num="96" count="0" type="stmt"/>
          <line num="97" count="0" type="stmt"/>
          <line num="99" count="0" type="cond" truecount="0" falsecount="4"/>
          <line num="101" count="0" type="stmt"/>
          <line num="104" count="0" type="stmt"/>
          <line num="109" count="0" type="stmt"/>
          <line num="121" count="0" type="stmt"/>
          <line num="129" count="0" type="stmt"/>
          <line num="132" count="0" type="stmt"/>
          <line num="133" count="0" type="stmt"/>
          <line num="135" count="0" type="stmt"/>
          <line num="136" count="0" type="stmt"/>
          <line num="137" count="0" type="cond" truecount="0" falsecount="2"/>
          <line num="138" count="0" type="stmt"/>
          <line num="141" count="0" type="stmt"/>
          <line num="142" count="0" type="stmt"/>
          <line num="145" count="0" type="stmt"/>
          <line num="146" count="0" type="cond" truecount="0" falsecount="4"/>
          <line num="149" count="0" type="stmt"/>
          <line num="150" count="0" type="stmt"/>
          <line num="151" count="0" type="stmt"/>
          <line num="155" count="0" type="cond" truecount="0" falsecount="2"/>
          <line num="156" count="0" type="stmt"/>
          <line num="157" count="0" type="cond" truecount="0" falsecount="4"/>
          <line num="158" count="0" type="stmt"/>
          <line num="160" count="0" type="stmt"/>
          <line num="163" count="0" type="stmt"/>
          <line num="177" count="0" type="stmt"/>
          <line num="180" count="0" type="stmt"/>
          <line num="181" count="0" type="stmt"/>
        </file>
        <file name="Select.js" path="/Users/chenyutian0510/Documents/dev-js/chuangqi/react-cqtoolbox/components/select/Select.js">
          <metrics statements="31" coveredstatements="30" conditionals="8" coveredconditionals="6" methods="12" coveredmethods="11"/>
          <line num="10" count="1" type="stmt"/>
          <line num="15" count="1" type="stmt"/>
          <line num="31" count="0" type="stmt"/>
          <line num="35" count="2" type="stmt"/>
          <line num="38" count="2" type="cond" truecount="2" falsecount="0"/>
          <line num="39" count="1" type="stmt"/>
          <line num="41" count="1" type="stmt"/>
          <line num="44" count="2" type="stmt"/>
          <line num="51" count="1" type="cond" truecount="1" falsecount="1"/>
          <line num="52" count="1" type="stmt"/>
          <line num="61" count="7" type="stmt"/>
          <line num="63" count="7" type="stmt"/>
          <line num="66" count="7" type="stmt"/>
          <line num="71" count="7" type="stmt"/>
          <line num="79" count="7" type="stmt"/>
          <line num="80" count="7" type="stmt"/>
          <line num="91" count="28" type="stmt"/>
          <line num="92" count="28" type="stmt"/>
          <line num="102" count="28" type="stmt"/>
          <line num="103" count="2" type="stmt"/>
          <line num="104" count="2" type="cond" truecount="2" falsecount="0"/>
          <line num="105" count="1" type="stmt"/>
          <line num="108" count="2" type="stmt"/>
          <line num="112" count="6" type="stmt"/>
          <line num="116" count="7" type="stmt"/>
          <line num="117" count="7" type="stmt"/>
          <line num="118" count="7" type="stmt"/>
          <line num="120" count="9" type="cond" truecount="1" falsecount="1"/>
          <line num="123" count="7" type="stmt"/>
          <line num="140" count="1" type="stmt"/>
          <line num="143" count="1" type="stmt"/>
        </file>
        <file name="index.js" path="/Users/chenyutian0510/Documents/dev-js/chuangqi/react-cqtoolbox/components/select/index.js">
          <metrics statements="14" coveredstatements="0" conditionals="4" coveredconditionals="0" methods="1" coveredmethods="0"/>
          <line num="1" count="0" type="stmt"/>
          <line num="2" count="0" type="stmt"/>
          <line num="3" count="0" type="stmt"/>
          <line num="4" count="0" type="stmt"/>
          <line num="5" count="0" type="stmt"/>
          <line num="6" count="0" type="stmt"/>
          <line num="7" count="0" type="stmt"/>
          <line num="8" count="0" type="cond" truecount="0" falsecount="4"/>
          <line num="10" count="0" type="stmt"/>
          <line num="11" count="0" type="stmt"/>
          <line num="12" count="0" type="stmt"/>
          <line num="13" count="0" type="stmt"/>
          <line num="15" count="0" type="stmt"/>
          <line num="16" count="0" type="stmt"/>
        </file>
      </package>
      <package name="components.select_input">
        <metrics statements="7" coveredstatements="7" conditionals="2" coveredconditionals="1" methods="2" coveredmethods="2"/>
        <file name="SelectInput.js" path="/Users/chenyutian0510/Documents/dev-js/chuangqi/react-cqtoolbox/components/select_input/SelectInput.js">
          <metrics statements="5" coveredstatements="5" conditionals="2" coveredconditionals="1" methods="2" coveredmethods="2"/>
          <line num="5" count="1" type="stmt"/>
          <line num="31" count="7" type="stmt"/>
          <line num="33" count="7" type="stmt"/>
          <line num="37" count="7" type="stmt"/>
          <line num="52" count="1" type="stmt"/>
        </file>
        <file name="index.js" path="/Users/chenyutian0510/Documents/dev-js/chuangqi/react-cqtoolbox/components/select_input/index.js">
          <metrics statements="2" coveredstatements="2" conditionals="0" coveredconditionals="0" methods="0" coveredmethods="0"/>
          <line num="7" count="1" type="stmt"/>
          <line num="8" count="1" type="stmt"/>
        </file>
      </package>
      <package name="components.switch">
        <metrics statements="35" coveredstatements="0" conditionals="71" coveredconditionals="0" methods="24" coveredmethods="0"/>
        <file name="Switch.js" path="/Users/chenyutian0510/Documents/dev-js/chuangqi/react-cqtoolbox/components/switch/Switch.js">
          <metrics statements="18" coveredstatements="0" conditionals="55" coveredconditionals="0" methods="17" coveredmethods="0"/>
          <line num="1" count="0" type="cond" truecount="0" falsecount="12"/>
          <line num="2" count="0" type="cond" truecount="0" falsecount="27"/>
          <line num="4" count="0" type="stmt"/>
          <line num="5" count="0" type="cond" truecount="0" falsecount="2"/>
          <line num="35" count="0" type="cond" truecount="0" falsecount="4"/>
          <line num="36" count="0" type="cond" truecount="0" falsecount="4"/>
          <line num="37" count="0" type="stmt"/>
          <line num="39" count="0" type="stmt"/>
          <line num="42" count="0" type="stmt"/>
          <line num="46" count="0" type="stmt"/>
          <line num="49" count="0" type="stmt"/>
          <line num="58" count="0" type="stmt"/>
          <line num="59" count="0" type="cond" truecount="0" falsecount="2"/>
          <line num="60" count="0" type="stmt"/>
          <line num="68" count="0" type="stmt"/>
          <line num="77" count="0" type="stmt"/>
          <line num="80" count="0" type="stmt"/>
          <line num="81" count="0" type="stmt"/>
        </file>
[...]
          <line num="111" count="0" type="stmt"/>
          <line num="113" count="0" type="stmt"/>
          <line num="114" count="0" type="stmt"/>
          <line num="116" count="0" type="stmt"/>
          <line num="119" count="0" type="stmt"/>
          <line num="127" count="0" type="stmt"/>
          <line num="130" count="0" type="stmt"/>
          <line num="131" count="0" type="stmt"/>
        </file>
        <file name="index.js" path="/Users/chenyutian0510/Documents/dev-js/chuangqi/react-cqtoolbox/components/tabs/index.js">
          <metrics statements="11" coveredstatements="0" conditionals="4" coveredconditionals="0" methods="2" coveredmethods="0"/>
          <line num="1" count="0" type="stmt"/>
          <line num="2" count="0" type="stmt"/>
          <line num="3" count="0" type="stmt"/>
          <line num="4" count="0" type="stmt"/>
          <line num="5" count="0" type="stmt"/>
          <line num="6" count="0" type="cond" truecount="0" falsecount="4"/>
          <line num="8" count="0" type="stmt"/>
          <line num="10" count="0" type="stmt"/>
          <line num="11" count="0" type="stmt"/>
          <line num="12" count="0" type="stmt"/>
          <line num="14" count="0" type="stmt"/>
        </file>
      </package>
      <package name="components.tag">
        <metrics statements="29" coveredstatements="0" conditionals="57" coveredconditionals="0" methods="16" coveredmethods="0"/>
        <file name="Tag.js" path="/Users/chenyutian0510/Documents/dev-js/chuangqi/react-cqtoolbox/components/tag/Tag.js">
          <metrics statements="22" coveredstatements="0" conditionals="53" coveredconditionals="0" methods="15" coveredmethods="0"/>
          <line num="1" count="0" type="cond" truecount="0" falsecount="12"/>
          <line num="2" count="0" type="stmt"/>
          <line num="3" count="0" type="stmt"/>
          <line num="4" count="0" type="cond" truecount="0" falsecount="29"/>
          <line num="6" count="0" type="stmt"/>
          <line num="7" count="0" type="cond" truecount="0" falsecount="2"/>
          <line num="35" count="0" type="stmt"/>
          <line num="36" count="0" type="stmt"/>
          <line num="38" count="0" type="stmt"/>
          <line num="40" count="0" type="cond" truecount="0" falsecount="2"/>
          <line num="41" count="0" type="stmt"/>
          <line num="43" count="0" type="stmt"/>
          <line num="57" count="0" type="stmt"/>
          <line num="61" count="0" type="stmt"/>
          <line num="63" count="0" type="cond" truecount="0" falsecount="2"/>
          <line num="70" count="0" type="cond" truecount="0" falsecount="2"/>
          <line num="74" count="0" type="stmt"/>
          <line num="79" count="0" type="cond" truecount="0" falsecount="2"/>
          <line num="90" count="0" type="stmt"/>
          <line num="98" count="0" type="stmt"/>
          <line num="101" count="0" type="stmt"/>
          <line num="102" count="0" type="stmt"/>
        </file>
        <file name="index.js" path="/Users/chenyutian0510/Documents/dev-js/chuangqi/react-cqtoolbox/components/tag/index.js">
          <metrics statements="7" coveredstatements="0" conditionals="4" coveredconditionals="0" methods="1" coveredmethods="0"/>
          <line num="1" count="0" type="stmt"/>
          <line num="2" count="0" type="stmt"/>
          <line num="3" count="0" type="stmt"/>
          <line num="4" count="0" type="stmt"/>
          <line num="5" count="0" type="cond" truecount="0" falsecount="4"/>
          <line num="7" count="0" type="stmt"/>
          <line num="8" count="0" type="stmt"/>
        </file>
      </package>
      <package name="components.tooltip">
        <metrics statements="22" coveredstatements="22" conditionals="5" coveredconditionals="4" methods="9" coveredmethods="8"/>
        <file name="Tooltip.js" path="/Users/chenyutian0510/Documents/dev-js/chuangqi/react-cqtoolbox/components/tooltip/Tooltip.js">
          <metrics statements="17" coveredstatements="17" conditionals="1" coveredconditionals="0" methods="7" coveredmethods="7"/>
          <line num="6" count="1" type="stmt"/>
          <line num="12" count="1" type="cond" truecount="0" falsecount="1"/>
          <line num="18" count="1" type="stmt"/>
          <line num="20" count="1" type="stmt"/>
          <line num="51" count="1" type="stmt"/>
          <line num="53" count="1" type="stmt"/>
          <line num="59" count="2" type="stmt"/>
          <line num="61" count="2" type="stmt"/>
          <line num="63" count="2" type="stmt"/>
          <line num="65" count="2" type="stmt"/>
          <line num="76" count="2" type="stmt"/>
          <line num="80" count="1" type="stmt"/>
          <line num="91" count="2" type="stmt"/>
          <line num="93" count="2" type="stmt"/>
          <line num="94" count="2" type="stmt"/>
          <line num="96" count="2" type="stmt"/>
          <line num="110" count="1" type="stmt"/>
        </file>
        <file name="index.js" path="/Users/chenyutian0510/Documents/dev-js/chuangqi/react-cqtoolbox/components/tooltip/index.js">
          <metrics statements="1" coveredstatements="1" conditionals="0" coveredconditionals="0" methods="1" coveredmethods="0"/>
          <line num="5" count="1" type="stmt"/>
        </file>
        <file name="placements.js" path="/Users/chenyutian0510/Documents/dev-js/chuangqi/react-cqtoolbox/components/tooltip/placements.js">
          <metrics statements="4" coveredstatements="4" conditionals="4" coveredconditionals="4" methods="1" coveredmethods="1"/>
          <line num="1" count="1" type="stmt"/>
          <line num="6" count="1" type="stmt"/>
          <line num="10" count="2" type="cond" truecount="3" falsecount="0"/>
          <line num="11" count="2" type="stmt"/>
        </file>
      </package>
      <package name="components.trigger">
        <metrics statements="103" coveredstatements="78" conditionals="51" coveredconditionals="40" methods="40" coveredmethods="29"/>
        <file name="Trigger.js" path="/Users/chenyutian0510/Documents/dev-js/chuangqi/react-cqtoolbox/components/trigger/Trigger.js">
          <metrics statements="54" coveredstatements="42" conditionals="24" coveredconditionals="18" methods="20" coveredmethods="12"/>
          <line num="39" count="0" type="stmt"/>
          <line num="47" count="6" type="cond" truecount="4" falsecount="0"/>
          <line num="49" count="5" type="stmt"/>
          <line num="54" count="3" type="cond" truecount="1" falsecount="1"/>
          <line num="55" count="3" type="cond" truecount="1" falsecount="1"/>
          <line num="56" count="0" type="stmt"/>
          <line num="60" count="3" type="stmt"/>
          <line num="65" count="1" type="stmt"/>
          <line num="67" count="1" type="cond" truecount="1" falsecount="1"/>
          <line num="68" count="0" type="stmt"/>
          <line num="69" count="0" type="stmt"/>
          <line num="70" count="0" type="stmt"/>
          <line num="73" count="1" type="stmt"/>
          <line num="78" count="1" type="cond" truecount="1" falsecount="1"/>
          <line num="79" count="0" type="stmt"/>
          <line num="80" count="0" type="stmt"/>
          <line num="85" count="3" type="stmt"/>
          <line num="96" count="6" type="stmt"/>
          <line num="98" count="6" type="stmt"/>
          <line num="100" count="6" type="cond" truecount="2" falsecount="0"/>
          <line num="101" count="1" type="stmt"/>
          <line num="102" count="1" type="stmt"/>
          <line num="105" count="6" type="stmt"/>
          <line num="122" count="9" type="stmt"/>
          <line num="123" count="9" type="stmt"/>
          <line num="127" count="15" type="stmt"/>
          <line num="128" count="15" type="stmt"/>
          <line num="132" count="3" type="stmt"/>
          <line num="133" count="3" type="cond" truecount="2" falsecount="0"/>
          <line num="134" count="2" type="stmt"/>
          <line num="136" count="3" type="stmt"/>
          <line num="137" count="3" type="cond" truecount="1" falsecount="1"/>
          <line num="138" count="0" type="stmt"/>
          <line num="143" count="2" type="stmt"/>
          <line num="144" count="2" type="stmt"/>
          <line num="145" count="2" type="stmt"/>
          <line num="149" count="1" type="stmt"/>
          <line num="150" count="1" type="stmt"/>
          <line num="154" count="0" type="stmt"/>
          <line num="155" count="0" type="stmt"/>
          <line num="159" count="0" type="stmt"/>
          <line num="163" count="0" type="stmt"/>
          <line num="167" count="9" type="stmt"/>
          <line num="169" count="9" type="stmt"/>
          <line num="171" count="9" type="stmt"/>
          <line num="175" count="9" type="cond" truecount="2" falsecount="0"/>
          <line num="176" count="7" type="stmt"/>
          <line num="178" count="2" type="stmt"/>
          <line num="181" count="9" type="cond" truecount="2" falsecount="0"/>
          <line num="182" count="2" type="stmt"/>
          <line num="183" count="2" type="stmt"/>
          <line num="185" count="7" type="stmt"/>
          <line num="186" count="7" type="stmt"/>
          <line num="189" count="9" type="stmt"/>
        </file>
        <file name="index.js" path="/Users/chenyutian0510/Documents/dev-js/chuangqi/react-cqtoolbox/components/trigger/index.js">
          <metrics statements="0" coveredstatements="0" conditionals="0" coveredconditionals="0" methods="0" coveredmethods="0"/>
        </file>
        <file name="popupRender.js" path="/Users/chenyutian0510/Documents/dev-js/chuangqi/react-cqtoolbox/components/trigger/popupRender.js">
          <metrics statements="49" coveredstatements="36" conditionals="27" coveredconditionals="22" methods="20" coveredmethods="17"/>
          <line num="4" count="2" type="stmt"/>
          <line num="8" count="2" type="cond" truecount="1" falsecount="0"/>
          <line num="11" count="2" type="stmt"/>
          <line num="13" count="2" type="stmt"/>
          <line num="14" count="2" type="stmt"/>
          <line num="31" count="3" type="stmt"/>
          <line num="35" count="6" type="cond" truecount="3" falsecount="1"/>
          <line num="36" count="0" type="stmt"/>
          <line num="37" count="0" type="stmt"/>
          <line num="38" count="0" type="stmt"/>
          <line num="41" count="6" type="cond" truecount="4" falsecount="0"/>
          <line num="42" count="6" type="cond" truecount="4" falsecount="0"/>
          <line num="46" count="6" type="stmt"/>
          <line num="50" count="0" type="stmt"/>
          <line num="51" count="0" type="stmt"/>
          <line num="52" count="0" type="stmt"/>
          <line num="53" count="0" type="stmt"/>
          <line num="57" count="3" type="cond" truecount="1" falsecount="1"/>
          <line num="58" count="3" type="stmt"/>
          <line num="59" count="3" type="stmt"/>
          <line num="64" count="2" type="stmt"/>
          <line num="65" count="2" type="stmt"/>
          <line num="66" count="0" type="stmt"/>
          <line num="67" count="0" type="stmt"/>
          <line num="73" count="6" type="stmt"/>
          <line num="75" count="6" type="stmt"/>
          <line num="82" count="9" type="stmt"/>
          <line num="84" count="9" type="cond" truecount="2" falsecount="0"/>
          <line num="85" count="6" type="stmt"/>
          <line num="86" count="6" type="stmt"/>
          <line num="87" count="6" type="stmt"/>
          <line num="89" count="3" type="stmt"/>
          <line num="90" count="3" type="stmt"/>
          <line num="95" count="3" type="cond" truecount="1" falsecount="1"/>
          <line num="96" count="0" type="stmt"/>
          <line num="97" count="0" type="stmt"/>
          <line num="102" count="6" type="cond" truecount="2" falsecount="0"/>
          <line num="103" count="3" type="stmt"/>
          <line num="104" count="3" type="stmt"/>
          <line num="105" count="3" type="stmt"/>
          <line num="110" count="3" type="cond" truecount="1" falsecount="1"/>
          <line num="111" count="0" type="stmt"/>
          <line num="112" count="0" type="stmt"/>
          <line num="114" count="3" type="stmt"/>
          <line num="121" count="9" type="stmt"/>
          <line num="123" count="9" type="stmt"/>
          <line num="124" count="15" type="stmt"/>
          <line num="131" count="3" type="cond" truecount="1" falsecount="1"/>
          <line num="134" count="3" type="cond" truecount="2" falsecount="0"/>
        </file>
      </package>
      <package name="components.utils">
        <metrics statements="101" coveredstatements="4" conditionals="54" coveredconditionals="0" methods="17" coveredmethods="0"/>
        <file name="animationHeightFactory.js" path="/Users/chenyutian0510/Documents/dev-js/chuangqi/react-cqtoolbox/components/utils/animationHeightFactory.js">
          <metrics statements="11" coveredstatements="0" conditionals="4" coveredconditionals="0" methods="2" coveredmethods="0"/>
          <line num="5" count="0" type="stmt"/>
          <line num="7" count="0" type="cond" truecount="0" falsecount="2"/>
          <line num="8" count="0" type="stmt"/>
          <line num="10" count="0" type="stmt"/>
          <line num="11" count="0" type="stmt"/>
          <line num="15" count="0" type="cond" truecount="0" falsecount="2"/>
          <line num="18" count="0" type="stmt"/>
          <line num="19" count="0" type="stmt"/>
          <line num="25" count="0" type="stmt"/>
          <line num="27" count="0" type="stmt"/>
          <line num="30" count="0" type="stmt"/>
        </file>
        <file name="debounce.js" path="/Users/chenyutian0510/Documents/dev-js/chuangqi/react-cqtoolbox/components/utils/debounce.js">
          <metrics statements="28" coveredstatements="0" conditionals="14" coveredconditionals="0" methods="3" coveredmethods="0"/>
          <line num="1" count="0" type="stmt"/>
          <line num="2" count="0" type="stmt"/>
          <line num="3" count="0" type="stmt"/>
          <line num="4" count="0" type="stmt"/>
          <line num="5" count="0" type="stmt"/>
          <line num="6" count="0" type="stmt"/>
          <line num="8" count="0" type="stmt"/>
          <line num="9" count="0" type="stmt"/>
          <line num="11" count="0" type="cond" truecount="0" falsecount="4"/>
          <line num="12" count="0" type="stmt"/>
          <line num="14" count="0" type="stmt"/>
          <line num="15" count="0" type="cond" truecount="0" falsecount="2"/>
          <line num="16" count="0" type="stmt"/>
          <line num="17" count="0" type="cond" truecount="0" falsecount="2"/>
          <line num="18" count="0" type="stmt"/>
          <line num="19" count="0" type="stmt"/>
          <line num="25" count="0" type="stmt"/>
          <line num="26" count="0" type="stmt"/>
          <line num="27" count="0" type="stmt"/>
          <line num="28" count="0" type="stmt"/>
          <line num="30" count="0" type="cond" truecount="0" falsecount="2"/>
          <line num="31" count="0" type="cond" truecount="0" falsecount="2"/>
          <line num="32" count="0" type="stmt"/>
          <line num="35" count="0" type="cond" truecount="0" falsecount="2"/>
          <line num="36" count="0" type="stmt"/>
          <line num="37" count="0" type="stmt"/>
          <line num="38" count="0" type="stmt"/>
          <line num="41" count="0" type="stmt"/>
        </file>
        <file name="events.js" path="/Users/chenyutian0510/Documents/dev-js/chuangqi/react-cqtoolbox/components/utils/events.js">
          <metrics statements="24" coveredstatements="1" conditionals="19" coveredconditionals="0" methods="4" coveredmethods="0"/>
          <line num="4" count="0" type="stmt"/>
          <line num="11" count="0" type="stmt"/>
          <line num="18" count="0" type="stmt"/>
          <line num="19" count="0" type="stmt"/>
          <line num="23" count="0" type="stmt"/>
          <line num="24" count="0" type="stmt"/>
          <line num="29" count="0" type="stmt"/>
          <line num="30" count="0" type="stmt"/>
          <line num="35" count="0" type="stmt"/>
          <line num="36" count="0" type="stmt"/>
          <line num="37" count="0" type="cond" truecount="0" falsecount="2"/>
          <line num="38" count="0" type="stmt"/>
          <line num="40" count="0" type="stmt"/>
          <line num="44" count="0" type="stmt"/>
          <line num="45" count="0" type="cond" truecount="0" falsecount="2"/>
          <line num="46" count="0" type="stmt"/>
          <line num="47" count="0" type="stmt"/>
          <line num="51" count="0" type="stmt"/>
          <line num="52" count="0" type="cond" truecount="0" falsecount="2"/>
          <line num="53" count="0" type="stmt"/>
          <line num="54" count="0" type="stmt"/>
          <line num="58" count="5" type="stmt"/>
          <line num="66" count="0" type="stmt"/>
          <line num="67" count="0" type="cond" truecount="0" falsecount="5"/>
        </file>
        <file name="polyfills.js" path="/Users/chenyutian0510/Documents/dev-js/chuangqi/react-cqtoolbox/components/utils/polyfills.js">
          <metrics statements="4" coveredstatements="0" conditionals="2" coveredconditionals="0" methods="0" coveredmethods="0"/>
          <line num="3" count="0" type="cond" truecount="0" falsecount="2"/>
          <line num="7" count="0" type="stmt"/>
          <line num="8" count="0" type="stmt"/>
          <line num="13" count="0" type="stmt"/>
        </file>
        <file name="prefixer.js" path="/Users/chenyutian0510/Documents/dev-js/chuangqi/react-cqtoolbox/components/utils/prefixer.js">
          <metrics statements="19" coveredstatements="3" conditionals="7" coveredconditionals="0" methods="5" coveredmethods="0"/>
          <line num="1" count="4" type="stmt"/>
          <line num="2" count="4" type="stmt"/>
          <line num="4" count="4" type="stmt"/>
          <line num="9" count="0" type="stmt"/>
          <line num="13" count="0" type="stmt"/>
          <line num="14" count="0" type="stmt"/>
          <line num="15" count="0" type="stmt"/>
          <line num="20" count="0" type="stmt"/>
          <line num="21" count="0" type="stmt"/>
          <line num="22" count="0" type="cond" truecount="0" falsecount="2"/>
          <line num="23" count="0" type="stmt"/>
          <line num="27" count="0" type="stmt"/>
          <line num="31" count="0" type="stmt"/>
          <line num="32" count="0" type="stmt"/>
          <line num="33" count="0" type="cond" truecount="0" falsecount="2"/>
          <line num="34" count="0" type="stmt"/>
          <line num="35" count="0" type="cond" truecount="0" falsecount="2"/>
          <line num="36" count="0" type="stmt"/>
          <line num="41" count="0" type="stmt"/>
        </file>
        <file name="throttle.js" path="/Users/chenyutian0510/Documents/dev-js/chuangqi/react-cqtoolbox/components/utils/throttle.js">
          <metrics statements="15" coveredstatements="0" conditionals="8" coveredconditionals="0" methods="3" coveredmethods="0"/>
          <line num="1" count="0" type="stmt"/>
          <line num="2" count="0" type="cond" truecount="0" falsecount="2"/>
          <line num="3" count="0" type="stmt"/>
          <line num="4" count="0" type="stmt"/>
          <line num="5" count="0" type="stmt"/>
          <line num="6" count="0" type="cond" truecount="0" falsecount="2"/>
          <line num="8" count="0" type="stmt"/>
          <line num="9" count="0" type="stmt"/>
          <line num="10" count="0" type="cond" truecount="0" falsecount="4"/>
          <line num="12" count="0" type="stmt"/>
          <line num="13" count="0" type="stmt"/>
          <line num="14" count="0" type="stmt"/>
          <line num="15" count="0" type="stmt"/>
          <line num="18" count="0" type="stmt"/>
          <line num="19" count="0" type="stmt"/>
        </file>
      </package>
    </metrics>
  </project>
</coverage>
