{"/Users/chenyutian0510/Documents/dev-js/chuangqi/react-cqtoolbox/components/identifiers.js": {"path":"/Users/chenyutian0510/Documents/dev-js/chuangqi/react-cqtoolbox/components/identifiers.js","statementMap":{"0":{"start":{"line":1,"column":22},"end":{"line":1,"column":32}},"1":{"start":{"line":2,"column":27},"end":{"line":2,"column":42}},"2":{"start":{"line":3,"column":22},"end":{"line":3,"column":32}},"3":{"start":{"line":4,"column":20},"end":{"line":4,"column":28}},"4":{"start":{"line":5,"column":22},"end":{"line":5,"column":32}},"5":{"start":{"line":6,"column":28},"end":{"line":6,"column":43}},"6":{"start":{"line":7,"column":26},"end":{"line":7,"column":40}},"7":{"start":{"line":8,"column":20},"end":{"line":8,"column":28}},"8":{"start":{"line":9,"column":21},"end":{"line":9,"column":30}},"9":{"start":{"line":10,"column":23},"end":{"line":10,"column":34}},"10":{"start":{"line":11,"column":22},"end":{"line":11,"column":32}},"11":{"start":{"line":12,"column":21},"end":{"line":12,"column":30}},"12":{"start":{"line":13,"column":26},"end":{"line":13,"column":40}},"13":{"start":{"line":14,"column":28},"end":{"line":14,"column":44}},"14":{"start":{"line":15,"column":23},"end":{"line":15,"column":34}},"15":{"start":{"line":16,"column":22},"end":{"line":16,"column":32}},"16":{"start":{"line":17,"column":20},"end":{"line":17,"column":28}},"17":{"start":{"line":18,"column":23},"end":{"line":18,"column":34}},"18":{"start":{"line":19,"column":24},"end":{"line":19,"column":36}},"19":{"start":{"line":20,"column":25},"end":{"line":20,"column":38}},"20":{"start":{"line":21,"column":21},"end":{"line":21,"column":30}},"21":{"start":{"line":22,"column":20},"end":{"line":22,"column":28}},"22":{"start":{"line":23,"column":26},"end":{"line":23,"column":40}},"23":{"start":{"line":24,"column":19},"end":{"line":24,"column":26}},"24":{"start":{"line":25,"column":21},"end":{"line":25,"column":30}},"25":{"start":{"line":26,"column":22},"end":{"line":26,"column":32}},"26":{"start":{"line":27,"column":22},"end":{"line":27,"column":32}}},"fnMap":{},"branchMap":{},"s":{"0":5,"1":5,"2":5,"3":5,"4":5,"5":5,"6":5,"7":5,"8":5,"9":5,"10":5,"11":5,"12":5,"13":5,"14":5,"15":5,"16":5,"17":5,"18":5,"19":5,"20":5,"21":5,"22":5,"23":5,"24":5,"25":5,"26":5},"f":{},"b":{},"_coverageSchema":"332fd63041d2c1bcb487cc26dd0d5f7d97098a6c","hash":"d224e57c0ea8988f63a72f3bbdec02bb40cb0a5a"}
,"/Users/chenyutian0510/Documents/dev-js/chuangqi/react-cqtoolbox/components/index.js": {"path":"/Users/chenyutian0510/Documents/dev-js/chuangqi/react-cqtoolbox/components/index.js","statementMap":{"0":{"start":{"line":1,"column":13},"end":{"line":1,"column":75}},"1":{"start":{"line":1,"column":75},"end":{"line":1,"column":425}},"2":{"start":{"line":1,"column":445},"end":{"line":1,"column":470}},"3":{"start":{"line":1,"column":471},"end":{"line":3,"column":17}},"4":{"start":{"line":1,"column":559},"end":{"line":3,"column":12}},"5":{"start":{"line":3,"column":31},"end":{"line":3,"column":50}},"6":{"start":{"line":4,"column":0},"end":{"line":4,"column":204}},"7":{"start":{"line":4,"column":45},"end":{"line":4,"column":99}},"8":{"start":{"line":4,"column":92},"end":{"line":4,"column":99}},"9":{"start":{"line":4,"column":99},"end":{"line":4,"column":201}},"10":{"start":{"line":4,"column":176},"end":{"line":4,"column":196}},"11":{"start":{"line":4,"column":223},"end":{"line":4,"column":247}},"12":{"start":{"line":5,"column":0},"end":{"line":5,"column":214}},"13":{"start":{"line":5,"column":50},"end":{"line":5,"column":104}},"14":{"start":{"line":5,"column":97},"end":{"line":5,"column":104}},"15":{"start":{"line":5,"column":104},"end":{"line":5,"column":211}},"16":{"start":{"line":5,"column":181},"end":{"line":5,"column":206}},"17":{"start":{"line":5,"column":228},"end":{"line":5,"column":247}},"18":{"start":{"line":5,"column":248},"end":{"line":6,"column":17}},"19":{"start":{"line":5,"column":330},"end":{"line":6,"column":12}},"20":{"start":{"line":6,"column":34},"end":{"line":6,"column":56}},"21":{"start":{"line":6,"column":57},"end":{"line":7,"column":17}},"22":{"start":{"line":6,"column":141},"end":{"line":7,"column":12}},"23":{"start":{"line":7,"column":30},"end":{"line":7,"column":48}},"24":{"start":{"line":7,"column":49},"end":{"line":8,"column":17}},"25":{"start":{"line":7,"column":130},"end":{"line":8,"column":12}},"26":{"start":{"line":8,"column":36},"end":{"line":8,"column":60}},"27":{"start":{"line":8,"column":61},"end":{"line":9,"column":17}},"28":{"start":{"line":8,"column":147},"end":{"line":9,"column":12}},"29":{"start":{"line":9,"column":31},"end":{"line":9,"column":50}},"30":{"start":{"line":10,"column":0},"end":{"line":10,"column":204}},"31":{"start":{"line":10,"column":45},"end":{"line":10,"column":99}},"32":{"start":{"line":10,"column":92},"end":{"line":10,"column":99}},"33":{"start":{"line":10,"column":99},"end":{"line":10,"column":201}},"34":{"start":{"line":10,"column":176},"end":{"line":10,"column":196}},"35":{"start":{"line":10,"column":216},"end":{"line":10,"column":233}},"36":{"start":{"line":11,"column":0},"end":{"line":11,"column":200}},"37":{"start":{"line":11,"column":43},"end":{"line":11,"column":97}},"38":{"start":{"line":11,"column":90},"end":{"line":11,"column":97}},"39":{"start":{"line":11,"column":97},"end":{"line":11,"column":197}},"40":{"start":{"line":11,"column":174},"end":{"line":11,"column":192}},"41":{"start":{"line":11,"column":215},"end":{"line":11,"column":235}},"42":{"start":{"line":11,"column":236},"end":{"line":12,"column":17}},"43":{"start":{"line":11,"column":319},"end":{"line":12,"column":12}},"44":{"start":{"line":12,"column":30},"end":{"line":12,"column":48}},"45":{"start":{"line":12,"column":49},"end":{"line":13,"column":17}},"46":{"start":{"line":12,"column":130},"end":{"line":13,"column":12}},"47":{"start":{"line":13,"column":31},"end":{"line":13,"column":50}},"48":{"start":{"line":14,"column":0},"end":{"line":14,"column":204}},"49":{"start":{"line":14,"column":45},"end":{"line":14,"column":99}},"50":{"start":{"line":14,"column":92},"end":{"line":14,"column":99}},"51":{"start":{"line":14,"column":99},"end":{"line":14,"column":201}},"52":{"start":{"line":14,"column":176},"end":{"line":14,"column":196}},"53":{"start":{"line":14,"column":219},"end":{"line":14,"column":239}},"54":{"start":{"line":14,"column":240},"end":{"line":15,"column":17}},"55":{"start":{"line":14,"column":323},"end":{"line":15,"column":12}},"56":{"start":{"line":15,"column":30},"end":{"line":15,"column":48}},"57":{"start":{"line":15,"column":49},"end":{"line":16,"column":17}},"58":{"start":{"line":15,"column":130},"end":{"line":16,"column":12}},"59":{"start":{"line":16,"column":32},"end":{"line":16,"column":52}},"60":{"start":{"line":16,"column":53},"end":{"line":17,"column":17}},"61":{"start":{"line":16,"column":136},"end":{"line":17,"column":12}},"62":{"start":{"line":17,"column":33},"end":{"line":17,"column":54}},"63":{"start":{"line":18,"column":0},"end":{"line":18,"column":208}},"64":{"start":{"line":18,"column":47},"end":{"line":18,"column":101}},"65":{"start":{"line":18,"column":94},"end":{"line":18,"column":101}},"66":{"start":{"line":18,"column":101},"end":{"line":18,"column":205}},"67":{"start":{"line":18,"column":178},"end":{"line":18,"column":200}},"68":{"start":{"line":18,"column":220},"end":{"line":18,"column":237}},"69":{"start":{"line":18,"column":238},"end":{"line":19,"column":17}},"70":{"start":{"line":18,"column":322},"end":{"line":19,"column":12}},"71":{"start":{"line":19,"column":35},"end":{"line":19,"column":58}},"72":{"start":{"line":19,"column":59},"end":{"line":20,"column":17}},"73":{"start":{"line":19,"column":144},"end":{"line":20,"column":12}},"74":{"start":{"line":20,"column":32},"end":{"line":20,"column":52}},"75":{"start":{"line":20,"column":53},"end":{"line":21,"column":17}},"76":{"start":{"line":20,"column":136},"end":{"line":21,"column":12}},"77":{"start":{"line":21,"column":30},"end":{"line":21,"column":48}},"78":{"start":{"line":21,"column":49},"end":{"line":22,"column":17}},"79":{"start":{"line":21,"column":130},"end":{"line":22,"column":12}},"80":{"start":{"line":22,"column":31},"end":{"line":22,"column":50}},"81":{"start":{"line":22,"column":51},"end":{"line":23,"column":17}},"82":{"start":{"line":22,"column":133},"end":{"line":23,"column":12}},"83":{"start":{"line":23,"column":35},"end":{"line":23,"column":58}},"84":{"start":{"line":23,"column":59},"end":{"line":24,"column":17}},"85":{"start":{"line":23,"column":145},"end":{"line":24,"column":12}},"86":{"start":{"line":24,"column":31},"end":{"line":24,"column":50}},"87":{"start":{"line":24,"column":51},"end":{"line":25,"column":17}},"88":{"start":{"line":24,"column":133},"end":{"line":25,"column":12}},"89":{"start":{"line":25,"column":30},"end":{"line":25,"column":48}},"90":{"start":{"line":25,"column":49},"end":{"line":26,"column":17}},"91":{"start":{"line":25,"column":130},"end":{"line":26,"column":12}},"92":{"start":{"line":26,"column":29},"end":{"line":26,"column":46}},"93":{"start":{"line":27,"column":0},"end":{"line":27,"column":200}},"94":{"start":{"line":27,"column":43},"end":{"line":27,"column":97}},"95":{"start":{"line":27,"column":90},"end":{"line":27,"column":97}},"96":{"start":{"line":27,"column":97},"end":{"line":27,"column":197}},"97":{"start":{"line":27,"column":174},"end":{"line":27,"column":192}},"98":{"start":{"line":27,"column":211},"end":{"line":27,"column":227}},"99":{"start":{"line":27,"column":228},"end":{"line":28,"column":17}},"100":{"start":{"line":27,"column":307},"end":{"line":28,"column":12}},"101":{"start":{"line":28,"column":17},"end":{"line":28,"column":46}},"102":{"start":{"line":28,"column":84},"end":{"line":28,"column":138}}},"fnMap":{"0":{"name":"get","decl":{"start":{"line":1,"column":552},"end":{"line":1,"column":555}},"loc":{"start":{"line":1,"column":558},"end":{"line":3,"column":13}},"line":1},"1":{"name":"(anonymous_1)","decl":{"start":{"line":4,"column":29},"end":{"line":4,"column":30}},"loc":{"start":{"line":4,"column":44},"end":{"line":4,"column":202}},"line":4},"2":{"name":"get","decl":{"start":{"line":4,"column":169},"end":{"line":4,"column":172}},"loc":{"start":{"line":4,"column":175},"end":{"line":4,"column":197}},"line":4},"3":{"name":"(anonymous_3)","decl":{"start":{"line":5,"column":34},"end":{"line":5,"column":35}},"loc":{"start":{"line":5,"column":49},"end":{"line":5,"column":212}},"line":5},"4":{"name":"get","decl":{"start":{"line":5,"column":174},"end":{"line":5,"column":177}},"loc":{"start":{"line":5,"column":180},"end":{"line":5,"column":207}},"line":5},"5":{"name":"get","decl":{"start":{"line":5,"column":323},"end":{"line":5,"column":326}},"loc":{"start":{"line":5,"column":329},"end":{"line":6,"column":13}},"line":5},"6":{"name":"get","decl":{"start":{"line":6,"column":134},"end":{"line":6,"column":137}},"loc":{"start":{"line":6,"column":140},"end":{"line":7,"column":13}},"line":6},"7":{"name":"get","decl":{"start":{"line":7,"column":123},"end":{"line":7,"column":126}},"loc":{"start":{"line":7,"column":129},"end":{"line":8,"column":13}},"line":7},"8":{"name":"get","decl":{"start":{"line":8,"column":140},"end":{"line":8,"column":143}},"loc":{"start":{"line":8,"column":146},"end":{"line":9,"column":13}},"line":8},"9":{"name":"(anonymous_9)","decl":{"start":{"line":10,"column":29},"end":{"line":10,"column":30}},"loc":{"start":{"line":10,"column":44},"end":{"line":10,"column":202}},"line":10},"10":{"name":"get","decl":{"start":{"line":10,"column":169},"end":{"line":10,"column":172}},"loc":{"start":{"line":10,"column":175},"end":{"line":10,"column":197}},"line":10},"11":{"name":"(anonymous_11)","decl":{"start":{"line":11,"column":27},"end":{"line":11,"column":28}},"loc":{"start":{"line":11,"column":42},"end":{"line":11,"column":198}},"line":11},"12":{"name":"get","decl":{"start":{"line":11,"column":167},"end":{"line":11,"column":170}},"loc":{"start":{"line":11,"column":173},"end":{"line":11,"column":193}},"line":11},"13":{"name":"get","decl":{"start":{"line":11,"column":312},"end":{"line":11,"column":315}},"loc":{"start":{"line":11,"column":318},"end":{"line":12,"column":13}},"line":11},"14":{"name":"get","decl":{"start":{"line":12,"column":123},"end":{"line":12,"column":126}},"loc":{"start":{"line":12,"column":129},"end":{"line":13,"column":13}},"line":12},"15":{"name":"(anonymous_15)","decl":{"start":{"line":14,"column":29},"end":{"line":14,"column":30}},"loc":{"start":{"line":14,"column":44},"end":{"line":14,"column":202}},"line":14},"16":{"name":"get","decl":{"start":{"line":14,"column":169},"end":{"line":14,"column":172}},"loc":{"start":{"line":14,"column":175},"end":{"line":14,"column":197}},"line":14},"17":{"name":"get","decl":{"start":{"line":14,"column":316},"end":{"line":14,"column":319}},"loc":{"start":{"line":14,"column":322},"end":{"line":15,"column":13}},"line":14},"18":{"name":"get","decl":{"start":{"line":15,"column":123},"end":{"line":15,"column":126}},"loc":{"start":{"line":15,"column":129},"end":{"line":16,"column":13}},"line":15},"19":{"name":"get","decl":{"start":{"line":16,"column":129},"end":{"line":16,"column":132}},"loc":{"start":{"line":16,"column":135},"end":{"line":17,"column":13}},"line":16},"20":{"name":"(anonymous_20)","decl":{"start":{"line":18,"column":31},"end":{"line":18,"column":32}},"loc":{"start":{"line":18,"column":46},"end":{"line":18,"column":206}},"line":18},"21":{"name":"get","decl":{"start":{"line":18,"column":171},"end":{"line":18,"column":174}},"loc":{"start":{"line":18,"column":177},"end":{"line":18,"column":201}},"line":18},"22":{"name":"get","decl":{"start":{"line":18,"column":315},"end":{"line":18,"column":318}},"loc":{"start":{"line":18,"column":321},"end":{"line":19,"column":13}},"line":18},"23":{"name":"get","decl":{"start":{"line":19,"column":137},"end":{"line":19,"column":140}},"loc":{"start":{"line":19,"column":143},"end":{"line":20,"column":13}},"line":19},"24":{"name":"get","decl":{"start":{"line":20,"column":129},"end":{"line":20,"column":132}},"loc":{"start":{"line":20,"column":135},"end":{"line":21,"column":13}},"line":20},"25":{"name":"get","decl":{"start":{"line":21,"column":123},"end":{"line":21,"column":126}},"loc":{"start":{"line":21,"column":129},"end":{"line":22,"column":13}},"line":21},"26":{"name":"get","decl":{"start":{"line":22,"column":126},"end":{"line":22,"column":129}},"loc":{"start":{"line":22,"column":132},"end":{"line":23,"column":13}},"line":22},"27":{"name":"get","decl":{"start":{"line":23,"column":138},"end":{"line":23,"column":141}},"loc":{"start":{"line":23,"column":144},"end":{"line":24,"column":13}},"line":23},"28":{"name":"get","decl":{"start":{"line":24,"column":126},"end":{"line":24,"column":129}},"loc":{"start":{"line":24,"column":132},"end":{"line":25,"column":13}},"line":24},"29":{"name":"get","decl":{"start":{"line":25,"column":123},"end":{"line":25,"column":126}},"loc":{"start":{"line":25,"column":129},"end":{"line":26,"column":13}},"line":25},"30":{"name":"(anonymous_30)","decl":{"start":{"line":27,"column":27},"end":{"line":27,"column":28}},"loc":{"start":{"line":27,"column":42},"end":{"line":27,"column":198}},"line":27},"31":{"name":"get","decl":{"start":{"line":27,"column":167},"end":{"line":27,"column":170}},"loc":{"start":{"line":27,"column":173},"end":{"line":27,"column":193}},"line":27},"32":{"name":"get","decl":{"start":{"line":27,"column":300},"end":{"line":27,"column":303}},"loc":{"start":{"line":27,"column":306},"end":{"line":28,"column":13}},"line":27},"33":{"name":"_interopRequireDefault","decl":{"start":{"line":28,"column":55},"end":{"line":28,"column":77}},"loc":{"start":{"line":28,"column":83},"end":{"line":28,"column":139}},"line":28}},"branchMap":{"0":{"loc":{"start":{"line":4,"column":45},"end":{"line":4,"column":99}},"type":"if","locations":[{"start":{"line":4,"column":45},"end":{"line":4,"column":99}},{"start":{"line":4,"column":45},"end":{"line":4,"column":99}}],"line":4},"1":{"loc":{"start":{"line":4,"column":49},"end":{"line":4,"column":90}},"type":"binary-expr","locations":[{"start":{"line":4,"column":49},"end":{"line":4,"column":66}},{"start":{"line":4,"column":70},"end":{"line":4,"column":90}}],"line":4},"2":{"loc":{"start":{"line":5,"column":50},"end":{"line":5,"column":104}},"type":"if","locations":[{"start":{"line":5,"column":50},"end":{"line":5,"column":104}},{"start":{"line":5,"column":50},"end":{"line":5,"column":104}}],"line":5},"3":{"loc":{"start":{"line":5,"column":54},"end":{"line":5,"column":95}},"type":"binary-expr","locations":[{"start":{"line":5,"column":54},"end":{"line":5,"column":71}},{"start":{"line":5,"column":75},"end":{"line":5,"column":95}}],"line":5},"4":{"loc":{"start":{"line":10,"column":45},"end":{"line":10,"column":99}},"type":"if","locations":[{"start":{"line":10,"column":45},"end":{"line":10,"column":99}},{"start":{"line":10,"column":45},"end":{"line":10,"column":99}}],"line":10},"5":{"loc":{"start":{"line":10,"column":49},"end":{"line":10,"column":90}},"type":"binary-expr","locations":[{"start":{"line":10,"column":49},"end":{"line":10,"column":66}},{"start":{"line":10,"column":70},"end":{"line":10,"column":90}}],"line":10},"6":{"loc":{"start":{"line":11,"column":43},"end":{"line":11,"column":97}},"type":"if","locations":[{"start":{"line":11,"column":43},"end":{"line":11,"column":97}},{"start":{"line":11,"column":43},"end":{"line":11,"column":97}}],"line":11},"7":{"loc":{"start":{"line":11,"column":47},"end":{"line":11,"column":88}},"type":"binary-expr","locations":[{"start":{"line":11,"column":47},"end":{"line":11,"column":64}},{"start":{"line":11,"column":68},"end":{"line":11,"column":88}}],"line":11},"8":{"loc":{"start":{"line":14,"column":45},"end":{"line":14,"column":99}},"type":"if","locations":[{"start":{"line":14,"column":45},"end":{"line":14,"column":99}},{"start":{"line":14,"column":45},"end":{"line":14,"column":99}}],"line":14},"9":{"loc":{"start":{"line":14,"column":49},"end":{"line":14,"column":90}},"type":"binary-expr","locations":[{"start":{"line":14,"column":49},"end":{"line":14,"column":66}},{"start":{"line":14,"column":70},"end":{"line":14,"column":90}}],"line":14},"10":{"loc":{"start":{"line":18,"column":47},"end":{"line":18,"column":101}},"type":"if","locations":[{"start":{"line":18,"column":47},"end":{"line":18,"column":101}},{"start":{"line":18,"column":47},"end":{"line":18,"column":101}}],"line":18},"11":{"loc":{"start":{"line":18,"column":51},"end":{"line":18,"column":92}},"type":"binary-expr","locations":[{"start":{"line":18,"column":51},"end":{"line":18,"column":68}},{"start":{"line":18,"column":72},"end":{"line":18,"column":92}}],"line":18},"12":{"loc":{"start":{"line":27,"column":43},"end":{"line":27,"column":97}},"type":"if","locations":[{"start":{"line":27,"column":43},"end":{"line":27,"column":97}},{"start":{"line":27,"column":43},"end":{"line":27,"column":97}}],"line":27},"13":{"loc":{"start":{"line":27,"column":47},"end":{"line":27,"column":88}},"type":"binary-expr","locations":[{"start":{"line":27,"column":47},"end":{"line":27,"column":64}},{"start":{"line":27,"column":68},"end":{"line":27,"column":88}}],"line":27},"14":{"loc":{"start":{"line":28,"column":91},"end":{"line":28,"column":137}},"type":"cond-expr","locations":[{"start":{"line":28,"column":115},"end":{"line":28,"column":118}},{"start":{"line":28,"column":121},"end":{"line":28,"column":137}}],"line":28},"15":{"loc":{"start":{"line":28,"column":91},"end":{"line":28,"column":112}},"type":"binary-expr","locations":[{"start":{"line":28,"column":91},"end":{"line":28,"column":94}},{"start":{"line":28,"column":98},"end":{"line":28,"column":112}}],"line":28}},"s":{"0":0,"1":0,"2":0,"3":0,"4":0,"5":0,"6":0,"7":0,"8":0,"9":0,"10":0,"11":0,"12":0,"13":0,"14":0,"15":0,"16":0,"17":0,"18":0,"19":0,"20":0,"21":0,"22":0,"23":0,"24":0,"25":0,"26":0,"27":0,"28":0,"29":0,"30":0,"31":0,"32":0,"33":0,"34":0,"35":0,"36":0,"37":0,"38":0,"39":0,"40":0,"41":0,"42":0,"43":0,"44":0,"45":0,"46":0,"47":0,"48":0,"49":0,"50":0,"51":0,"52":0,"53":0,"54":0,"55":0,"56":0,"57":0,"58":0,"59":0,"60":0,"61":0,"62":0,"63":0,"64":0,"65":0,"66":0,"67":0,"68":0,"69":0,"70":0,"71":0,"72":0,"73":0,"74":0,"75":0,"76":0,"77":0,"78":0,"79":0,"80":0,"81":0,"82":0,"83":0,"84":0,"85":0,"86":0,"87":0,"88":0,"89":0,"90":0,"91":0,"92":0,"93":0,"94":0,"95":0,"96":0,"97":0,"98":0,"99":0,"100":0,"101":0,"102":0},"f":{"0":0,"1":0,"2":0,"3":0,"4":0,"5":0,"6":0,"7":0,"8":0,"9":0,"10":0,"11":0,"12":0,"13":0,"14":0,"15":0,"16":0,"17":0,"18":0,"19":0,"20":0,"21":0,"22":0,"23":0,"24":0,"25":0,"26":0,"27":0,"28":0,"29":0,"30":0,"31":0,"32":0,"33":0},"b":{"0":[0,0],"1":[0,0],"2":[0,0],"3":[0,0],"4":[0,0],"5":[0,0],"6":[0,0],"7":[0,0],"8":[0,0],"9":[0,0],"10":[0,0],"11":[0,0],"12":[0,0],"13":[0,0],"14":[0,0],"15":[0,0]}}
,"/Users/chenyutian0510/Documents/dev-js/chuangqi/react-cqtoolbox/components/alert/Alert.js": {"path":"/Users/chenyutian0510/Documents/dev-js/chuangqi/react-cqtoolbox/components/alert/Alert.js","statementMap":{"0":{"start":{"line":1,"column":13},"end":{"line":1,"column":75}},"1":{"start":{"line":1,"column":75},"end":{"line":1,"column":108}},"2":{"start":{"line":1,"column":123},"end":{"line":1,"column":354}},"3":{"start":{"line":1,"column":159},"end":{"line":1,"column":339}},"4":{"start":{"line":1,"column":216},"end":{"line":1,"column":228}},"5":{"start":{"line":1,"column":229},"end":{"line":1,"column":338}},"6":{"start":{"line":1,"column":254},"end":{"line":1,"column":337}},"7":{"start":{"line":1,"column":310},"end":{"line":1,"column":336}},"8":{"start":{"line":1,"column":339},"end":{"line":1,"column":353}},"9":{"start":{"line":1,"column":374},"end":{"line":1,"column":465}},"10":{"start":{"line":1,"column":485},"end":{"line":1,"column":1014}},"11":{"start":{"line":1,"column":540},"end":{"line":1,"column":805}},"12":{"start":{"line":1,"column":597},"end":{"line":1,"column":605}},"13":{"start":{"line":1,"column":606},"end":{"line":1,"column":661}},"14":{"start":{"line":1,"column":661},"end":{"line":1,"column":692}},"15":{"start":{"line":1,"column":692},"end":{"line":1,"column":746}},"16":{"start":{"line":1,"column":719},"end":{"line":1,"column":746}},"17":{"start":{"line":1,"column":746},"end":{"line":1,"column":804}},"18":{"start":{"line":1,"column":806},"end":{"line":1,"column":1011}},"19":{"start":{"line":1,"column":862},"end":{"line":1,"column":930}},"20":{"start":{"line":1,"column":878},"end":{"line":1,"column":930}},"21":{"start":{"line":1,"column":930},"end":{"line":1,"column":990}},"22":{"start":{"line":1,"column":947},"end":{"line":1,"column":990}},"23":{"start":{"line":1,"column":990},"end":{"line":1,"column":1009}},"24":{"start":{"line":1,"column":1028},"end":{"line":1,"column":1044}},"25":{"start":{"line":1,"column":1059},"end":{"line":1,"column":1089}},"26":{"start":{"line":2,"column":17},"end":{"line":2,"column":38}},"27":{"start":{"line":2,"column":57},"end":{"line":2,"column":91}},"28":{"start":{"line":3,"column":30},"end":{"line":3,"column":75}},"29":{"start":{"line":3,"column":107},"end":{"line":3,"column":154}},"30":{"start":{"line":4,"column":19},"end":{"line":4,"column":40}},"31":{"start":{"line":4,"column":60},"end":{"line":4,"column":96}},"32":{"start":{"line":4,"column":135},"end":{"line":4,"column":189}},"33":{"start":{"line":4,"column":233},"end":{"line":4,"column":380}},"34":{"start":{"line":4,"column":250},"end":{"line":4,"column":354}},"35":{"start":{"line":4,"column":362},"end":{"line":4,"column":379}},"36":{"start":{"line":4,"column":380},"end":{"line":4,"column":391}},"37":{"start":{"line":4,"column":451},"end":{"line":4,"column":453}},"38":{"start":{"line":4,"column":454},"end":{"line":4,"column":589}},"39":{"start":{"line":4,"column":474},"end":{"line":4,"column":509}},"40":{"start":{"line":4,"column":500},"end":{"line":4,"column":509}},"41":{"start":{"line":4,"column":509},"end":{"line":4,"column":569}},"42":{"start":{"line":4,"column":560},"end":{"line":4,"column":569}},"43":{"start":{"line":4,"column":569},"end":{"line":4,"column":588}},"44":{"start":{"line":4,"column":589},"end":{"line":4,"column":603}},"45":{"start":{"line":4,"column":653},"end":{"line":4,"column":752}},"46":{"start":{"line":4,"column":694},"end":{"line":4,"column":751}},"47":{"start":{"line":4,"column":802},"end":{"line":4,"column":901}},"48":{"start":{"line":4,"column":814},"end":{"line":4,"column":900}},"49":{"start":{"line":4,"column":901},"end":{"line":4,"column":987}},"50":{"start":{"line":4,"column":1030},"end":{"line":4,"column":1193}},"51":{"start":{"line":4,"column":1092},"end":{"line":4,"column":1192}},"52":{"start":{"line":4,"column":1193},"end":{"line":4,"column":1357}},"53":{"start":{"line":4,"column":1357},"end":{"line":4,"column":1475}},"54":{"start":{"line":4,"column":1373},"end":{"line":4,"column":1475}},"55":{"start":{"line":6,"column":16},"end":{"line":10,"column":33}},"56":{"start":{"line":13,"column":14},"end":{"line":89,"column":1}},"57":{"start":{"line":14,"column":11},"end":{"line":85,"column":432}},"58":{"start":{"line":14,"column":58},"end":{"line":14,"column":93}},"59":{"start":{"line":14,"column":143},"end":{"line":14,"column":172}},"60":{"start":{"line":14,"column":172},"end":{"line":14,"column":288}},"61":{"start":{"line":14,"column":258},"end":{"line":14,"column":287}},"62":{"start":{"line":14,"column":288},"end":{"line":37,"column":57}},"63":{"start":{"line":36,"column":8},"end":{"line":36,"column":41}},"64":{"start":{"line":37,"column":58},"end":{"line":85,"column":12}},"65":{"start":{"line":49,"column":8},"end":{"line":49,"column":18}},"66":{"start":{"line":49,"column":26},"end":{"line":49,"column":37}},"67":{"start":{"line":49,"column":48},"end":{"line":49,"column":62}},"68":{"start":{"line":49,"column":77},"end":{"line":49,"column":95}},"69":{"start":{"line":49,"column":108},"end":{"line":49,"column":124}},"70":{"start":{"line":49,"column":136},"end":{"line":49,"column":151}},"71":{"start":{"line":49,"column":163},"end":{"line":49,"column":178}},"72":{"start":{"line":49,"column":187},"end":{"line":49,"column":199}},"73":{"start":{"line":49,"column":208},"end":{"line":49,"column":322}},"74":{"start":{"line":53,"column":8},"end":{"line":53,"column":25}},"75":{"start":{"line":55,"column":22},"end":{"line":58,"column":18}},"76":{"start":{"line":60,"column":24},"end":{"line":62,"column":138}},"77":{"start":{"line":66,"column":8},"end":{"line":82,"column":19}},"78":{"start":{"line":85,"column":12},"end":{"line":85,"column":25}},"79":{"start":{"line":88,"column":2},"end":{"line":88,"column":15}},"80":{"start":{"line":89,"column":2},"end":{"line":93,"column":23}}},"fnMap":{"0":{"name":"(anonymous_0)","decl":{"start":{"line":1,"column":140},"end":{"line":1,"column":141}},"loc":{"start":{"line":1,"column":158},"end":{"line":1,"column":354}},"line":1},"1":{"name":"(anonymous_1)","decl":{"start":{"line":1,"column":485},"end":{"line":1,"column":486}},"loc":{"start":{"line":1,"column":497},"end":{"line":1,"column":1012}},"line":1},"2":{"name":"defineProperties","decl":{"start":{"line":1,"column":507},"end":{"line":1,"column":523}},"loc":{"start":{"line":1,"column":539},"end":{"line":1,"column":806}},"line":1},"3":{"name":"(anonymous_3)","decl":{"start":{"line":1,"column":813},"end":{"line":1,"column":814}},"loc":{"start":{"line":1,"column":861},"end":{"line":1,"column":1010}},"line":1},"4":{"name":"_interopRequireDefault","decl":{"start":{"line":4,"column":106},"end":{"line":4,"column":128}},"loc":{"start":{"line":4,"column":134},"end":{"line":4,"column":190}},"line":4},"5":{"name":"_defineProperty","decl":{"start":{"line":4,"column":199},"end":{"line":4,"column":214}},"loc":{"start":{"line":4,"column":232},"end":{"line":4,"column":392}},"line":4},"6":{"name":"_objectWithoutProperties","decl":{"start":{"line":4,"column":401},"end":{"line":4,"column":425}},"loc":{"start":{"line":4,"column":437},"end":{"line":4,"column":604}},"line":4},"7":{"name":"_classCallCheck","decl":{"start":{"line":4,"column":613},"end":{"line":4,"column":628}},"loc":{"start":{"line":4,"column":652},"end":{"line":4,"column":753}},"line":4},"8":{"name":"_possibleConstructorReturn","decl":{"start":{"line":4,"column":762},"end":{"line":4,"column":788}},"loc":{"start":{"line":4,"column":801},"end":{"line":4,"column":988}},"line":4},"9":{"name":"_inherits","decl":{"start":{"line":4,"column":997},"end":{"line":4,"column":1006}},"loc":{"start":{"line":4,"column":1029},"end":{"line":4,"column":1476}},"line":4},"10":{"name":"factory","decl":{"start":{"line":13,"column":23},"end":{"line":13,"column":30}},"loc":{"start":{"line":13,"column":41},"end":{"line":89,"column":1}},"line":13},"11":{"name":"(anonymous_11)","decl":{"start":{"line":14,"column":29},"end":{"line":14,"column":30}},"loc":{"start":{"line":14,"column":57},"end":{"line":85,"column":26}},"line":14},"12":{"name":"Alert","decl":{"start":{"line":14,"column":102},"end":{"line":14,"column":107}},"loc":{"start":{"line":14,"column":110},"end":{"line":37,"column":58}},"line":14},"13":{"name":"(anonymous_13)","decl":{"start":{"line":35,"column":20},"end":{"line":35,"column":21}},"loc":{"start":{"line":35,"column":32},"end":{"line":37,"column":7}},"line":35},"14":{"name":"render","decl":{"start":{"line":37,"column":112},"end":{"line":37,"column":118}},"loc":{"start":{"line":39,"column":6},"end":{"line":85,"column":7}},"line":39}},"branchMap":{"0":{"loc":{"start":{"line":1,"column":123},"end":{"line":1,"column":354}},"type":"binary-expr","locations":[{"start":{"line":1,"column":123},"end":{"line":1,"column":136}},{"start":{"line":1,"column":140},"end":{"line":1,"column":354}}],"line":1},"1":{"loc":{"start":{"line":1,"column":254},"end":{"line":1,"column":337}},"type":"if","locations":[{"start":{"line":1,"column":254},"end":{"line":1,"column":337}},{"start":{"line":1,"column":254},"end":{"line":1,"column":337}}],"line":1},"2":{"loc":{"start":{"line":1,"column":630},"end":{"line":1,"column":660}},"type":"binary-expr","locations":[{"start":{"line":1,"column":630},"end":{"line":1,"column":651}},{"start":{"line":1,"column":655},"end":{"line":1,"column":660}}],"line":1},"3":{"loc":{"start":{"line":1,"column":692},"end":{"line":1,"column":746}},"type":"if","locations":[{"start":{"line":1,"column":692},"end":{"line":1,"column":746}},{"start":{"line":1,"column":692},"end":{"line":1,"column":746}}],"line":1},"4":{"loc":{"start":{"line":1,"column":862},"end":{"line":1,"column":930}},"type":"if","locations":[{"start":{"line":1,"column":862},"end":{"line":1,"column":930}},{"start":{"line":1,"column":862},"end":{"line":1,"column":930}}],"line":1},"5":{"loc":{"start":{"line":1,"column":930},"end":{"line":1,"column":990}},"type":"if","locations":[{"start":{"line":1,"column":930},"end":{"line":1,"column":990}},{"start":{"line":1,"column":930},"end":{"line":1,"column":990}}],"line":1},"6":{"loc":{"start":{"line":4,"column":142},"end":{"line":4,"column":188}},"type":"cond-expr","locations":[{"start":{"line":4,"column":166},"end":{"line":4,"column":169}},{"start":{"line":4,"column":172},"end":{"line":4,"column":188}}],"line":4},"7":{"loc":{"start":{"line":4,"column":142},"end":{"line":4,"column":163}},"type":"binary-expr","locations":[{"start":{"line":4,"column":142},"end":{"line":4,"column":145}},{"start":{"line":4,"column":149},"end":{"line":4,"column":163}}],"line":4},"8":{"loc":{"start":{"line":4,"column":233},"end":{"line":4,"column":380}},"type":"if","locations":[{"start":{"line":4,"column":233},"end":{"line":4,"column":380}},{"start":{"line":4,"column":233},"end":{"line":4,"column":380}}],"line":4},"9":{"loc":{"start":{"line":4,"column":474},"end":{"line":4,"column":509}},"type":"if","locations":[{"start":{"line":4,"column":474},"end":{"line":4,"column":509}},{"start":{"line":4,"column":474},"end":{"line":4,"column":509}}],"line":4},"10":{"loc":{"start":{"line":4,"column":509},"end":{"line":4,"column":569}},"type":"if","locations":[{"start":{"line":4,"column":509},"end":{"line":4,"column":569}},{"start":{"line":4,"column":509},"end":{"line":4,"column":569}}],"line":4},"11":{"loc":{"start":{"line":4,"column":653},"end":{"line":4,"column":752}},"type":"if","locations":[{"start":{"line":4,"column":653},"end":{"line":4,"column":752}},{"start":{"line":4,"column":653},"end":{"line":4,"column":752}}],"line":4},"12":{"loc":{"start":{"line":4,"column":802},"end":{"line":4,"column":901}},"type":"if","locations":[{"start":{"line":4,"column":802},"end":{"line":4,"column":901}},{"start":{"line":4,"column":802},"end":{"line":4,"column":901}}],"line":4},"13":{"loc":{"start":{"line":4,"column":908},"end":{"line":4,"column":986}},"type":"cond-expr","locations":[{"start":{"line":4,"column":975},"end":{"line":4,"column":979}},{"start":{"line":4,"column":982},"end":{"line":4,"column":986}}],"line":4},"14":{"loc":{"start":{"line":4,"column":908},"end":{"line":4,"column":972}},"type":"binary-expr","locations":[{"start":{"line":4,"column":908},"end":{"line":4,"column":912}},{"start":{"line":4,"column":917},"end":{"line":4,"column":941}},{"start":{"line":4,"column":945},"end":{"line":4,"column":971}}],"line":4},"15":{"loc":{"start":{"line":4,"column":1030},"end":{"line":4,"column":1193}},"type":"if","locations":[{"start":{"line":4,"column":1030},"end":{"line":4,"column":1193}},{"start":{"line":4,"column":1030},"end":{"line":4,"column":1193}}],"line":4},"16":{"loc":{"start":{"line":4,"column":1034},"end":{"line":4,"column":1089}},"type":"binary-expr","locations":[{"start":{"line":4,"column":1034},"end":{"line":4,"column":1066}},{"start":{"line":4,"column":1070},"end":{"line":4,"column":1089}}],"line":4},"17":{"loc":{"start":{"line":4,"column":1228},"end":{"line":4,"column":1262}},"type":"binary-expr","locations":[{"start":{"line":4,"column":1228},"end":{"line":4,"column":1238}},{"start":{"line":4,"column":1242},"end":{"line":4,"column":1262}}],"line":4},"18":{"loc":{"start":{"line":4,"column":1357},"end":{"line":4,"column":1475}},"type":"if","locations":[{"start":{"line":4,"column":1357},"end":{"line":4,"column":1475}},{"start":{"line":4,"column":1357},"end":{"line":4,"column":1475}}],"line":4},"19":{"loc":{"start":{"line":4,"column":1373},"end":{"line":4,"column":1474}},"type":"cond-expr","locations":[{"start":{"line":4,"column":1397},"end":{"line":4,"column":1440}},{"start":{"line":4,"column":1443},"end":{"line":4,"column":1474}}],"line":4},"20":{"loc":{"start":{"line":14,"column":361},"end":{"line":14,"column":408}},"type":"binary-expr","locations":[{"start":{"line":14,"column":361},"end":{"line":14,"column":376}},{"start":{"line":14,"column":380},"end":{"line":14,"column":408}}],"line":14},"21":{"loc":{"start":{"line":60,"column":24},"end":{"line":62,"column":138}},"type":"binary-expr","locations":[{"start":{"line":60,"column":24},"end":{"line":60,"column":32}},{"start":{"line":61,"column":8},"end":{"line":62,"column":138}}],"line":60},"22":{"loc":{"start":{"line":71,"column":12},"end":{"line":82,"column":16}},"type":"cond-expr","locations":[{"start":{"line":72,"column":12},"end":{"line":80,"column":27}},{"start":{"line":82,"column":12},"end":{"line":82,"column":16}}],"line":71},"23":{"loc":{"start":{"line":77,"column":16},"end":{"line":77,"column":177}},"type":"binary-expr","locations":[{"start":{"line":77,"column":16},"end":{"line":77,"column":24}},{"start":{"line":77,"column":28},"end":{"line":77,"column":177}}],"line":77}},"s":{"0":0,"1":0,"2":0,"3":0,"4":0,"5":0,"6":0,"7":0,"8":0,"9":0,"10":0,"11":0,"12":0,"13":0,"14":0,"15":0,"16":0,"17":0,"18":0,"19":0,"20":0,"21":0,"22":0,"23":0,"24":0,"25":0,"26":0,"27":0,"28":0,"29":0,"30":0,"31":0,"32":0,"33":0,"34":0,"35":0,"36":0,"37":0,"38":0,"39":0,"40":0,"41":0,"42":0,"43":0,"44":0,"45":0,"46":0,"47":0,"48":0,"49":0,"50":0,"51":0,"52":0,"53":0,"54":0,"55":0,"56":0,"57":0,"58":0,"59":0,"60":0,"61":0,"62":0,"63":0,"64":0,"65":0,"66":0,"67":0,"68":0,"69":0,"70":0,"71":0,"72":0,"73":0,"74":0,"75":0,"76":0,"77":0,"78":0,"79":0,"80":0},"f":{"0":0,"1":0,"2":0,"3":0,"4":0,"5":0,"6":0,"7":0,"8":0,"9":0,"10":0,"11":0,"12":0,"13":0,"14":0},"b":{"0":[0,0],"1":[0,0],"2":[0,0],"3":[0,0],"4":[0,0],"5":[0,0],"6":[0,0],"7":[0,0],"8":[0,0],"9":[0,0],"10":[0,0],"11":[0,0],"12":[0,0],"13":[0,0],"14":[0,0,0],"15":[0,0],"16":[0,0],"17":[0,0],"18":[0,0],"19":[0,0],"20":[0,0],"21":[0,0],"22":[0,0],"23":[0,0]}}
,"/Users/chenyutian0510/Documents/dev-js/chuangqi/react-cqtoolbox/components/alert/index.js": {"path":"/Users/chenyutian0510/Documents/dev-js/chuangqi/react-cqtoolbox/components/alert/index.js","statementMap":{"0":{"start":{"line":1,"column":13},"end":{"line":1,"column":75}},"1":{"start":{"line":1,"column":75},"end":{"line":1,"column":101}},"2":{"start":{"line":1,"column":122},"end":{"line":1,"column":148}},"3":{"start":{"line":2,"column":19},"end":{"line":2,"column":44}},"4":{"start":{"line":3,"column":13},"end":{"line":3,"column":31}},"5":{"start":{"line":4,"column":17},"end":{"line":4,"column":40}},"6":{"start":{"line":4,"column":59},"end":{"line":4,"column":93}},"7":{"start":{"line":5,"column":13},"end":{"line":5,"column":35}},"8":{"start":{"line":5,"column":50},"end":{"line":5,"column":80}},"9":{"start":{"line":5,"column":119},"end":{"line":5,"column":173}},"10":{"start":{"line":7,"column":18},"end":{"line":7,"column":127}},"11":{"start":{"line":7,"column":128},"end":{"line":8,"column":12}},"12":{"start":{"line":8,"column":12},"end":{"line":9,"column":20}}},"fnMap":{"0":{"name":"_interopRequireDefault","decl":{"start":{"line":5,"column":90},"end":{"line":5,"column":112}},"loc":{"start":{"line":5,"column":118},"end":{"line":5,"column":174}},"line":5}},"branchMap":{"0":{"loc":{"start":{"line":5,"column":126},"end":{"line":5,"column":172}},"type":"cond-expr","locations":[{"start":{"line":5,"column":150},"end":{"line":5,"column":153}},{"start":{"line":5,"column":156},"end":{"line":5,"column":172}}],"line":5},"1":{"loc":{"start":{"line":5,"column":126},"end":{"line":5,"column":147}},"type":"binary-expr","locations":[{"start":{"line":5,"column":126},"end":{"line":5,"column":129}},{"start":{"line":5,"column":133},"end":{"line":5,"column":147}}],"line":5}},"s":{"0":0,"1":0,"2":0,"3":0,"4":0,"5":0,"6":0,"7":0,"8":0,"9":0,"10":0,"11":0,"12":0},"f":{"0":0},"b":{"0":[0,0],"1":[0,0]}}
,"/Users/chenyutian0510/Documents/dev-js/chuangqi/react-cqtoolbox/components/autocomplete/Autocomplete.js": {"path":"/Users/chenyutian0510/Documents/dev-js/chuangqi/react-cqtoolbox/components/autocomplete/Autocomplete.js","statementMap":{"0":{"start":{"line":1,"column":13},"end":{"line":1,"column":75}},"1":{"start":{"line":1,"column":75},"end":{"line":1,"column":115}},"2":{"start":{"line":1,"column":129},"end":{"line":1,"column":379}},"3":{"start":{"line":1,"column":215},"end":{"line":1,"column":233}},"4":{"start":{"line":1,"column":253},"end":{"line":1,"column":378}},"5":{"start":{"line":1,"column":399},"end":{"line":1,"column":504}},"6":{"start":{"line":1,"column":524},"end":{"line":1,"column":1053}},"7":{"start":{"line":1,"column":579},"end":{"line":1,"column":844}},"8":{"start":{"line":1,"column":636},"end":{"line":1,"column":644}},"9":{"start":{"line":1,"column":645},"end":{"line":1,"column":700}},"10":{"start":{"line":1,"column":700},"end":{"line":1,"column":731}},"11":{"start":{"line":1,"column":731},"end":{"line":1,"column":785}},"12":{"start":{"line":1,"column":758},"end":{"line":1,"column":785}},"13":{"start":{"line":1,"column":785},"end":{"line":1,"column":843}},"14":{"start":{"line":1,"column":845},"end":{"line":1,"column":1050}},"15":{"start":{"line":1,"column":901},"end":{"line":1,"column":969}},"16":{"start":{"line":1,"column":917},"end":{"line":1,"column":969}},"17":{"start":{"line":1,"column":969},"end":{"line":1,"column":1029}},"18":{"start":{"line":1,"column":986},"end":{"line":1,"column":1029}},"19":{"start":{"line":1,"column":1029},"end":{"line":1,"column":1048}},"20":{"start":{"line":1,"column":1067},"end":{"line":1,"column":1083}},"21":{"start":{"line":1,"column":1098},"end":{"line":1,"column":1128}},"22":{"start":{"line":2,"column":18},"end":{"line":2,"column":55}},"23":{"start":{"line":2,"column":75},"end":{"line":2,"column":110}},"24":{"start":{"line":3,"column":13},"end":{"line":3,"column":39}},"25":{"start":{"line":3,"column":54},"end":{"line":3,"column":84}},"26":{"start":{"line":3,"column":123},"end":{"line":3,"column":177}},"27":{"start":{"line":3,"column":227},"end":{"line":3,"column":326}},"28":{"start":{"line":3,"column":268},"end":{"line":3,"column":325}},"29":{"start":{"line":3,"column":376},"end":{"line":3,"column":475}},"30":{"start":{"line":3,"column":388},"end":{"line":3,"column":474}},"31":{"start":{"line":3,"column":475},"end":{"line":3,"column":561}},"32":{"start":{"line":3,"column":604},"end":{"line":3,"column":767}},"33":{"start":{"line":3,"column":666},"end":{"line":3,"column":766}},"34":{"start":{"line":3,"column":767},"end":{"line":3,"column":931}},"35":{"start":{"line":3,"column":931},"end":{"line":3,"column":1049}},"36":{"start":{"line":3,"column":947},"end":{"line":3,"column":1049}},"37":{"start":{"line":5,"column":14},"end":{"line":163,"column":1}},"38":{"start":{"line":6,"column":18},"end":{"line":158,"column":792}},"39":{"start":{"line":6,"column":58},"end":{"line":6,"column":94}},"40":{"start":{"line":40,"column":47},"end":{"line":40,"column":51}},"41":{"start":{"line":40,"column":52},"end":{"line":40,"column":88}},"42":{"start":{"line":40,"column":100},"end":{"line":41,"column":13}},"43":{"start":{"line":41,"column":14},"end":{"line":62,"column":8}},"44":{"start":{"line":57,"column":8},"end":{"line":59,"column":38}},"45":{"start":{"line":62,"column":8},"end":{"line":81,"column":8}},"46":{"start":{"line":65,"column":20},"end":{"line":65,"column":37}},"47":{"start":{"line":67,"column":24},"end":{"line":69,"column":32}},"48":{"start":{"line":72,"column":8},"end":{"line":78,"column":83}},"49":{"start":{"line":81,"column":8},"end":{"line":90,"column":8}},"50":{"start":{"line":84,"column":21},"end":{"line":84,"column":43}},"51":{"start":{"line":85,"column":23},"end":{"line":85,"column":47}},"52":{"start":{"line":87,"column":8},"end":{"line":89,"column":9}},"53":{"start":{"line":88,"column":10},"end":{"line":88,"column":64}},"54":{"start":{"line":90,"column":8},"end":{"line":100,"column":8}},"55":{"start":{"line":93,"column":21},"end":{"line":93,"column":43}},"56":{"start":{"line":95,"column":8},"end":{"line":99,"column":9}},"57":{"start":{"line":96,"column":28},"end":{"line":96,"column":74}},"58":{"start":{"line":97,"column":29},"end":{"line":97,"column":99}},"59":{"start":{"line":98,"column":10},"end":{"line":98,"column":57}},"60":{"start":{"line":100,"column":8},"end":{"line":105,"column":12}},"61":{"start":{"line":102,"column":45},"end":{"line":105,"column":10}},"62":{"start":{"line":103,"column":10},"end":{"line":103,"column":28}},"63":{"start":{"line":104,"column":10},"end":{"line":104,"column":37}},"64":{"start":{"line":105,"column":12},"end":{"line":109,"column":8}},"65":{"start":{"line":108,"column":8},"end":{"line":108,"column":58}},"66":{"start":{"line":109,"column":8},"end":{"line":116,"column":8}},"67":{"start":{"line":112,"column":8},"end":{"line":114,"column":30}},"68":{"start":{"line":116,"column":8},"end":{"line":116,"column":56}},"69":{"start":{"line":116,"column":56},"end":{"line":116,"column":69}},"70":{"start":{"line":116,"column":70},"end":{"line":158,"column":12}},"71":{"start":{"line":116,"column":199},"end":{"line":116,"column":306}},"72":{"start":{"line":126,"column":8},"end":{"line":126,"column":18}},"73":{"start":{"line":126,"column":30},"end":{"line":126,"column":45}},"74":{"start":{"line":126,"column":54},"end":{"line":126,"column":66}},"75":{"start":{"line":126,"column":80},"end":{"line":126,"column":97}},"76":{"start":{"line":126,"column":109},"end":{"line":126,"column":124}},"77":{"start":{"line":126,"column":133},"end":{"line":126,"column":145}},"78":{"start":{"line":126,"column":161},"end":{"line":126,"column":180}},"79":{"start":{"line":128,"column":20},"end":{"line":128,"column":30}},"80":{"start":{"line":130,"column":19},"end":{"line":130,"column":44}},"81":{"start":{"line":132,"column":20},"end":{"line":133,"column":159}},"82":{"start":{"line":135,"column":25},"end":{"line":140,"column":24}},"83":{"start":{"line":143,"column":27},"end":{"line":145,"column":19}},"84":{"start":{"line":148,"column":8},"end":{"line":155,"column":27}},"85":{"start":{"line":158,"column":12},"end":{"line":158,"column":32}},"86":{"start":{"line":158,"column":654},"end":{"line":158,"column":668}},"87":{"start":{"line":158,"column":702},"end":{"line":158,"column":716}},"88":{"start":{"line":162,"column":2},"end":{"line":162,"column":49}},"89":{"start":{"line":163,"column":2},"end":{"line":165,"column":30}}},"fnMap":{"0":{"name":"(anonymous_0)","decl":{"start":{"line":1,"column":199},"end":{"line":1,"column":200}},"loc":{"start":{"line":1,"column":214},"end":{"line":1,"column":234}},"line":1},"1":{"name":"(anonymous_1)","decl":{"start":{"line":1,"column":237},"end":{"line":1,"column":238}},"loc":{"start":{"line":1,"column":252},"end":{"line":1,"column":379}},"line":1},"2":{"name":"(anonymous_2)","decl":{"start":{"line":1,"column":524},"end":{"line":1,"column":525}},"loc":{"start":{"line":1,"column":536},"end":{"line":1,"column":1051}},"line":1},"3":{"name":"defineProperties","decl":{"start":{"line":1,"column":546},"end":{"line":1,"column":562}},"loc":{"start":{"line":1,"column":578},"end":{"line":1,"column":845}},"line":1},"4":{"name":"(anonymous_4)","decl":{"start":{"line":1,"column":852},"end":{"line":1,"column":853}},"loc":{"start":{"line":1,"column":900},"end":{"line":1,"column":1049}},"line":1},"5":{"name":"_interopRequireDefault","decl":{"start":{"line":3,"column":94},"end":{"line":3,"column":116}},"loc":{"start":{"line":3,"column":122},"end":{"line":3,"column":178}},"line":3},"6":{"name":"_classCallCheck","decl":{"start":{"line":3,"column":187},"end":{"line":3,"column":202}},"loc":{"start":{"line":3,"column":226},"end":{"line":3,"column":327}},"line":3},"7":{"name":"_possibleConstructorReturn","decl":{"start":{"line":3,"column":336},"end":{"line":3,"column":362}},"loc":{"start":{"line":3,"column":375},"end":{"line":3,"column":562}},"line":3},"8":{"name":"_inherits","decl":{"start":{"line":3,"column":571},"end":{"line":3,"column":580}},"loc":{"start":{"line":3,"column":603},"end":{"line":3,"column":1050}},"line":3},"9":{"name":"factory","decl":{"start":{"line":5,"column":23},"end":{"line":5,"column":30}},"loc":{"start":{"line":5,"column":63},"end":{"line":163,"column":1}},"line":5},"10":{"name":"(anonymous_10)","decl":{"start":{"line":6,"column":35},"end":{"line":6,"column":36}},"loc":{"start":{"line":6,"column":57},"end":{"line":158,"column":33}},"line":6},"11":{"name":"Autocomplete","decl":{"start":{"line":40,"column":13},"end":{"line":40,"column":25}},"loc":{"start":{"line":40,"column":33},"end":{"line":116,"column":70}},"line":40},"12":{"name":"(anonymous_12)","decl":{"start":{"line":56,"column":17},"end":{"line":56,"column":18}},"loc":{"start":{"line":56,"column":33},"end":{"line":62,"column":7}},"line":56},"13":{"name":"(anonymous_13)","decl":{"start":{"line":64,"column":16},"end":{"line":64,"column":17}},"loc":{"start":{"line":64,"column":39},"end":{"line":81,"column":7}},"line":64},"14":{"name":"(anonymous_14)","decl":{"start":{"line":83,"column":27},"end":{"line":83,"column":28}},"loc":{"start":{"line":83,"column":44},"end":{"line":90,"column":7}},"line":83},"15":{"name":"(anonymous_15)","decl":{"start":{"line":92,"column":25},"end":{"line":92,"column":26}},"loc":{"start":{"line":92,"column":42},"end":{"line":100,"column":7}},"line":92},"16":{"name":"(anonymous_16)","decl":{"start":{"line":102,"column":28},"end":{"line":102,"column":29}},"loc":{"start":{"line":102,"column":44},"end":{"line":105,"column":11}},"line":102},"17":{"name":"(anonymous_17)","decl":{"start":{"line":102,"column":52},"end":{"line":102,"column":53}},"loc":{"start":{"line":102,"column":64},"end":{"line":105,"column":9}},"line":102},"18":{"name":"(anonymous_18)","decl":{"start":{"line":107,"column":18},"end":{"line":107,"column":19}},"loc":{"start":{"line":107,"column":30},"end":{"line":109,"column":7}},"line":107},"19":{"name":"(anonymous_19)","decl":{"start":{"line":111,"column":19},"end":{"line":111,"column":20}},"loc":{"start":{"line":111,"column":31},"end":{"line":116,"column":7}},"line":111},"20":{"name":"componentWillReceiveProps","decl":{"start":{"line":116,"column":150},"end":{"line":116,"column":175}},"loc":{"start":{"line":116,"column":198},"end":{"line":116,"column":307}},"line":116},"21":{"name":"render","decl":{"start":{"line":116,"column":344},"end":{"line":116,"column":350}},"loc":{"start":{"line":118,"column":6},"end":{"line":158,"column":7}},"line":118},"22":{"name":"onChange","decl":{"start":{"line":158,"column":642},"end":{"line":158,"column":650}},"loc":{"start":{"line":158,"column":653},"end":{"line":158,"column":669}},"line":158},"23":{"name":"onSelect","decl":{"start":{"line":158,"column":690},"end":{"line":158,"column":698}},"loc":{"start":{"line":158,"column":701},"end":{"line":158,"column":717}},"line":158}},"branchMap":{"0":{"loc":{"start":{"line":1,"column":129},"end":{"line":1,"column":379}},"type":"cond-expr","locations":[{"start":{"line":1,"column":199},"end":{"line":1,"column":234}},{"start":{"line":1,"column":237},"end":{"line":1,"column":379}}],"line":1},"1":{"loc":{"start":{"line":1,"column":129},"end":{"line":1,"column":196}},"type":"binary-expr","locations":[{"start":{"line":1,"column":129},"end":{"line":1,"column":157}},{"start":{"line":1,"column":161},"end":{"line":1,"column":196}}],"line":1},"2":{"loc":{"start":{"line":1,"column":260},"end":{"line":1,"column":377}},"type":"cond-expr","locations":[{"start":{"line":1,"column":356},"end":{"line":1,"column":364}},{"start":{"line":1,"column":367},"end":{"line":1,"column":377}}],"line":1},"3":{"loc":{"start":{"line":1,"column":260},"end":{"line":1,"column":353}},"type":"binary-expr","locations":[{"start":{"line":1,"column":260},"end":{"line":1,"column":263}},{"start":{"line":1,"column":267},"end":{"line":1,"column":295}},{"start":{"line":1,"column":299},"end":{"line":1,"column":325}},{"start":{"line":1,"column":329},"end":{"line":1,"column":353}}],"line":1},"4":{"loc":{"start":{"line":1,"column":669},"end":{"line":1,"column":699}},"type":"binary-expr","locations":[{"start":{"line":1,"column":669},"end":{"line":1,"column":690}},{"start":{"line":1,"column":694},"end":{"line":1,"column":699}}],"line":1},"5":{"loc":{"start":{"line":1,"column":731},"end":{"line":1,"column":785}},"type":"if","locations":[{"start":{"line":1,"column":731},"end":{"line":1,"column":785}},{"start":{"line":1,"column":731},"end":{"line":1,"column":785}}],"line":1},"6":{"loc":{"start":{"line":1,"column":901},"end":{"line":1,"column":969}},"type":"if","locations":[{"start":{"line":1,"column":901},"end":{"line":1,"column":969}},{"start":{"line":1,"column":901},"end":{"line":1,"column":969}}],"line":1},"7":{"loc":{"start":{"line":1,"column":969},"end":{"line":1,"column":1029}},"type":"if","locations":[{"start":{"line":1,"column":969},"end":{"line":1,"column":1029}},{"start":{"line":1,"column":969},"end":{"line":1,"column":1029}}],"line":1},"8":{"loc":{"start":{"line":3,"column":130},"end":{"line":3,"column":176}},"type":"cond-expr","locations":[{"start":{"line":3,"column":154},"end":{"line":3,"column":157}},{"start":{"line":3,"column":160},"end":{"line":3,"column":176}}],"line":3},"9":{"loc":{"start":{"line":3,"column":130},"end":{"line":3,"column":151}},"type":"binary-expr","locations":[{"start":{"line":3,"column":130},"end":{"line":3,"column":133}},{"start":{"line":3,"column":137},"end":{"line":3,"column":151}}],"line":3},"10":{"loc":{"start":{"line":3,"column":227},"end":{"line":3,"column":326}},"type":"if","locations":[{"start":{"line":3,"column":227},"end":{"line":3,"column":326}},{"start":{"line":3,"column":227},"end":{"line":3,"column":326}}],"line":3},"11":{"loc":{"start":{"line":3,"column":376},"end":{"line":3,"column":475}},"type":"if","locations":[{"start":{"line":3,"column":376},"end":{"line":3,"column":475}},{"start":{"line":3,"column":376},"end":{"line":3,"column":475}}],"line":3},"12":{"loc":{"start":{"line":3,"column":482},"end":{"line":3,"column":560}},"type":"cond-expr","locations":[{"start":{"line":3,"column":549},"end":{"line":3,"column":553}},{"start":{"line":3,"column":556},"end":{"line":3,"column":560}}],"line":3},"13":{"loc":{"start":{"line":3,"column":482},"end":{"line":3,"column":546}},"type":"binary-expr","locations":[{"start":{"line":3,"column":482},"end":{"line":3,"column":486}},{"start":{"line":3,"column":491},"end":{"line":3,"column":515}},{"start":{"line":3,"column":519},"end":{"line":3,"column":545}}],"line":3},"14":{"loc":{"start":{"line":3,"column":604},"end":{"line":3,"column":767}},"type":"if","locations":[{"start":{"line":3,"column":604},"end":{"line":3,"column":767}},{"start":{"line":3,"column":604},"end":{"line":3,"column":767}}],"line":3},"15":{"loc":{"start":{"line":3,"column":608},"end":{"line":3,"column":663}},"type":"binary-expr","locations":[{"start":{"line":3,"column":608},"end":{"line":3,"column":640}},{"start":{"line":3,"column":644},"end":{"line":3,"column":663}}],"line":3},"16":{"loc":{"start":{"line":3,"column":802},"end":{"line":3,"column":836}},"type":"binary-expr","locations":[{"start":{"line":3,"column":802},"end":{"line":3,"column":812}},{"start":{"line":3,"column":816},"end":{"line":3,"column":836}}],"line":3},"17":{"loc":{"start":{"line":3,"column":931},"end":{"line":3,"column":1049}},"type":"if","locations":[{"start":{"line":3,"column":931},"end":{"line":3,"column":1049}},{"start":{"line":3,"column":931},"end":{"line":3,"column":1049}}],"line":3},"18":{"loc":{"start":{"line":3,"column":947},"end":{"line":3,"column":1048}},"type":"cond-expr","locations":[{"start":{"line":3,"column":971},"end":{"line":3,"column":1014}},{"start":{"line":3,"column":1017},"end":{"line":3,"column":1048}}],"line":3},"19":{"loc":{"start":{"line":40,"column":134},"end":{"line":40,"column":195}},"type":"binary-expr","locations":[{"start":{"line":40,"column":134},"end":{"line":40,"column":156}},{"start":{"line":40,"column":160},"end":{"line":40,"column":195}}],"line":40},"20":{"loc":{"start":{"line":76,"column":29},"end":{"line":76,"column":86}},"type":"cond-expr","locations":[{"start":{"line":76,"column":59},"end":{"line":76,"column":70}},{"start":{"line":76,"column":73},"end":{"line":76,"column":86}}],"line":76},"21":{"loc":{"start":{"line":78,"column":22},"end":{"line":78,"column":79}},"type":"cond-expr","locations":[{"start":{"line":78,"column":52},"end":{"line":78,"column":63}},{"start":{"line":78,"column":66},"end":{"line":78,"column":79}}],"line":78},"22":{"loc":{"start":{"line":87,"column":8},"end":{"line":89,"column":9}},"type":"if","locations":[{"start":{"line":87,"column":8},"end":{"line":89,"column":9}},{"start":{"line":87,"column":8},"end":{"line":89,"column":9}}],"line":87},"23":{"loc":{"start":{"line":87,"column":12},"end":{"line":87,"column":53}},"type":"binary-expr","locations":[{"start":{"line":87,"column":12},"end":{"line":87,"column":30}},{"start":{"line":87,"column":34},"end":{"line":87,"column":53}}],"line":87},"24":{"loc":{"start":{"line":95,"column":8},"end":{"line":99,"column":9}},"type":"if","locations":[{"start":{"line":95,"column":8},"end":{"line":99,"column":9}},{"start":{"line":95,"column":8},"end":{"line":99,"column":9}}],"line":95},"25":{"loc":{"start":{"line":97,"column":69},"end":{"line":97,"column":97}},"type":"cond-expr","locations":[{"start":{"line":97,"column":90},"end":{"line":97,"column":92}},{"start":{"line":97,"column":95},"end":{"line":97,"column":97}}],"line":97},"26":{"loc":{"start":{"line":113,"column":16},"end":{"line":113,"column":70}},"type":"binary-expr","locations":[{"start":{"line":113,"column":16},"end":{"line":113,"column":49}},{"start":{"line":113,"column":53},"end":{"line":113,"column":70}}],"line":113},"27":{"loc":{"start":{"line":116,"column":221},"end":{"line":116,"column":302}},"type":"binary-expr","locations":[{"start":{"line":116,"column":221},"end":{"line":116,"column":252}},{"start":{"line":116,"column":256},"end":{"line":116,"column":302}}],"line":116},"28":{"loc":{"start":{"line":132,"column":20},"end":{"line":133,"column":159}},"type":"cond-expr","locations":[{"start":{"line":133,"column":8},"end":{"line":133,"column":47}},{"start":{"line":133,"column":50},"end":{"line":133,"column":159}}],"line":132},"29":{"loc":{"start":{"line":132,"column":20},"end":{"line":132,"column":72}},"type":"binary-expr","locations":[{"start":{"line":132,"column":20},"end":{"line":132,"column":28}},{"start":{"line":132,"column":32},"end":{"line":132,"column":72}}],"line":132}},"s":{"0":0,"1":0,"2":0,"3":0,"4":0,"5":0,"6":0,"7":0,"8":0,"9":0,"10":0,"11":0,"12":0,"13":0,"14":0,"15":0,"16":0,"17":0,"18":0,"19":0,"20":0,"21":0,"22":0,"23":0,"24":0,"25":0,"26":0,"27":0,"28":0,"29":0,"30":0,"31":0,"32":0,"33":0,"34":0,"35":0,"36":0,"37":0,"38":0,"39":0,"40":0,"41":0,"42":0,"43":0,"44":0,"45":0,"46":0,"47":0,"48":0,"49":0,"50":0,"51":0,"52":0,"53":0,"54":0,"55":0,"56":0,"57":0,"58":0,"59":0,"60":0,"61":0,"62":0,"63":0,"64":0,"65":0,"66":0,"67":0,"68":0,"69":0,"70":0,"71":0,"72":0,"73":0,"74":0,"75":0,"76":0,"77":0,"78":0,"79":0,"80":0,"81":0,"82":0,"83":0,"84":0,"85":0,"86":0,"87":0,"88":0,"89":0},"f":{"0":0,"1":0,"2":0,"3":0,"4":0,"5":0,"6":0,"7":0,"8":0,"9":0,"10":0,"11":0,"12":0,"13":0,"14":0,"15":0,"16":0,"17":0,"18":0,"19":0,"20":0,"21":0,"22":0,"23":0},"b":{"0":[0,0],"1":[0,0],"2":[0,0],"3":[0,0,0,0],"4":[0,0],"5":[0,0],"6":[0,0],"7":[0,0],"8":[0,0],"9":[0,0],"10":[0,0],"11":[0,0],"12":[0,0],"13":[0,0,0],"14":[0,0],"15":[0,0],"16":[0,0],"17":[0,0],"18":[0,0],"19":[0,0],"20":[0,0],"21":[0,0],"22":[0,0],"23":[0,0],"24":[0,0],"25":[0,0],"26":[0,0],"27":[0,0],"28":[0,0],"29":[0,0]}}
,"/Users/chenyutian0510/Documents/dev-js/chuangqi/react-cqtoolbox/components/autocomplete/index.js": {"path":"/Users/chenyutian0510/Documents/dev-js/chuangqi/react-cqtoolbox/components/autocomplete/index.js","statementMap":{"0":{"start":{"line":1,"column":13},"end":{"line":1,"column":75}},"1":{"start":{"line":1,"column":75},"end":{"line":1,"column":108}},"2":{"start":{"line":1,"column":128},"end":{"line":1,"column":156}},"3":{"start":{"line":2,"column":13},"end":{"line":2,"column":35}},"4":{"start":{"line":2,"column":50},"end":{"line":2,"column":80}},"5":{"start":{"line":3,"column":21},"end":{"line":3,"column":47}},"6":{"start":{"line":4,"column":19},"end":{"line":4,"column":44}},"7":{"start":{"line":5,"column":15},"end":{"line":5,"column":36}},"8":{"start":{"line":5,"column":53},"end":{"line":5,"column":85}},"9":{"start":{"line":6,"column":12},"end":{"line":6,"column":35}},"10":{"start":{"line":6,"column":49},"end":{"line":6,"column":78}},"11":{"start":{"line":7,"column":16},"end":{"line":7,"column":43}},"12":{"start":{"line":8,"column":14},"end":{"line":8,"column":34}},"13":{"start":{"line":8,"column":50},"end":{"line":8,"column":81}},"14":{"start":{"line":10,"column":13},"end":{"line":10,"column":32}},"15":{"start":{"line":10,"column":47},"end":{"line":10,"column":77}},"16":{"start":{"line":10,"column":116},"end":{"line":10,"column":170}},"17":{"start":{"line":11,"column":21},"end":{"line":11,"column":141}},"18":{"start":{"line":12,"column":17},"end":{"line":12,"column":94}},"19":{"start":{"line":14,"column":19},"end":{"line":14,"column":121}},"20":{"start":{"line":15,"column":25},"end":{"line":15,"column":108}},"21":{"start":{"line":15,"column":109},"end":{"line":17,"column":19}},"22":{"start":{"line":17,"column":19},"end":{"line":18,"column":34}}},"fnMap":{"0":{"name":"_interopRequireDefault","decl":{"start":{"line":10,"column":87},"end":{"line":10,"column":109}},"loc":{"start":{"line":10,"column":115},"end":{"line":10,"column":171}},"line":10}},"branchMap":{"0":{"loc":{"start":{"line":10,"column":123},"end":{"line":10,"column":169}},"type":"cond-expr","locations":[{"start":{"line":10,"column":147},"end":{"line":10,"column":150}},{"start":{"line":10,"column":153},"end":{"line":10,"column":169}}],"line":10},"1":{"loc":{"start":{"line":10,"column":123},"end":{"line":10,"column":144}},"type":"binary-expr","locations":[{"start":{"line":10,"column":123},"end":{"line":10,"column":126}},{"start":{"line":10,"column":130},"end":{"line":10,"column":144}}],"line":10}},"s":{"0":0,"1":0,"2":0,"3":0,"4":0,"5":0,"6":0,"7":0,"8":0,"9":0,"10":0,"11":0,"12":0,"13":0,"14":0,"15":0,"16":0,"17":0,"18":0,"19":0,"20":0,"21":0,"22":0},"f":{"0":0},"b":{"0":[0,0],"1":[0,0]}}
,"/Users/chenyutian0510/Documents/dev-js/chuangqi/react-cqtoolbox/components/badge/Badge.js": {"path":"/Users/chenyutian0510/Documents/dev-js/chuangqi/react-cqtoolbox/components/badge/Badge.js","statementMap":{"0":{"start":{"line":1,"column":13},"end":{"line":1,"column":75}},"1":{"start":{"line":1,"column":75},"end":{"line":1,"column":108}},"2":{"start":{"line":1,"column":127},"end":{"line":1,"column":218}},"3":{"start":{"line":1,"column":238},"end":{"line":1,"column":767}},"4":{"start":{"line":1,"column":293},"end":{"line":1,"column":558}},"5":{"start":{"line":1,"column":350},"end":{"line":1,"column":358}},"6":{"start":{"line":1,"column":359},"end":{"line":1,"column":414}},"7":{"start":{"line":1,"column":414},"end":{"line":1,"column":445}},"8":{"start":{"line":1,"column":445},"end":{"line":1,"column":499}},"9":{"start":{"line":1,"column":472},"end":{"line":1,"column":499}},"10":{"start":{"line":1,"column":499},"end":{"line":1,"column":557}},"11":{"start":{"line":1,"column":559},"end":{"line":1,"column":764}},"12":{"start":{"line":1,"column":615},"end":{"line":1,"column":683}},"13":{"start":{"line":1,"column":631},"end":{"line":1,"column":683}},"14":{"start":{"line":1,"column":683},"end":{"line":1,"column":743}},"15":{"start":{"line":1,"column":700},"end":{"line":1,"column":743}},"16":{"start":{"line":1,"column":743},"end":{"line":1,"column":762}},"17":{"start":{"line":1,"column":783},"end":{"line":1,"column":1014}},"18":{"start":{"line":1,"column":819},"end":{"line":1,"column":999}},"19":{"start":{"line":1,"column":876},"end":{"line":1,"column":888}},"20":{"start":{"line":1,"column":889},"end":{"line":1,"column":998}},"21":{"start":{"line":1,"column":914},"end":{"line":1,"column":997}},"22":{"start":{"line":1,"column":970},"end":{"line":1,"column":996}},"23":{"start":{"line":1,"column":999},"end":{"line":1,"column":1013}},"24":{"start":{"line":1,"column":1028},"end":{"line":1,"column":1044}},"25":{"start":{"line":1,"column":1059},"end":{"line":1,"column":1089}},"26":{"start":{"line":2,"column":18},"end":{"line":2,"column":39}},"27":{"start":{"line":2,"column":59},"end":{"line":2,"column":94}},"28":{"start":{"line":2,"column":133},"end":{"line":2,"column":187}},"29":{"start":{"line":2,"column":247},"end":{"line":2,"column":249}},"30":{"start":{"line":2,"column":250},"end":{"line":2,"column":385}},"31":{"start":{"line":2,"column":270},"end":{"line":2,"column":305}},"32":{"start":{"line":2,"column":296},"end":{"line":2,"column":305}},"33":{"start":{"line":2,"column":305},"end":{"line":2,"column":365}},"34":{"start":{"line":2,"column":356},"end":{"line":2,"column":365}},"35":{"start":{"line":2,"column":365},"end":{"line":2,"column":384}},"36":{"start":{"line":2,"column":385},"end":{"line":2,"column":399}},"37":{"start":{"line":2,"column":449},"end":{"line":2,"column":548}},"38":{"start":{"line":2,"column":490},"end":{"line":2,"column":547}},"39":{"start":{"line":2,"column":598},"end":{"line":2,"column":697}},"40":{"start":{"line":2,"column":610},"end":{"line":2,"column":696}},"41":{"start":{"line":2,"column":697},"end":{"line":2,"column":783}},"42":{"start":{"line":2,"column":826},"end":{"line":2,"column":989}},"43":{"start":{"line":2,"column":888},"end":{"line":2,"column":988}},"44":{"start":{"line":2,"column":989},"end":{"line":2,"column":1153}},"45":{"start":{"line":2,"column":1153},"end":{"line":2,"column":1271}},"46":{"start":{"line":2,"column":1169},"end":{"line":2,"column":1271}},"47":{"start":{"line":4,"column":15},"end":{"line":9,"column":13}},"48":{"start":{"line":12,"column":19},"end":{"line":91,"column":1}},"49":{"start":{"line":12,"column":58},"end":{"line":12,"column":128}},"50":{"start":{"line":12,"column":153},"end":{"line":19,"column":20}},"51":{"start":{"line":19,"column":34},"end":{"line":19,"column":55}},"52":{"start":{"line":19,"column":79},"end":{"line":19,"column":110}},"53":{"start":{"line":19,"column":130},"end":{"line":19,"column":157}},"54":{"start":{"line":19,"column":172},"end":{"line":19,"column":194}},"55":{"start":{"line":19,"column":210},"end":{"line":19,"column":233}},"56":{"start":{"line":21,"column":2},"end":{"line":90,"column":4}},"57":{"start":{"line":22,"column":23},"end":{"line":86,"column":657}},"58":{"start":{"line":22,"column":69},"end":{"line":22,"column":114}},"59":{"start":{"line":22,"column":142},"end":{"line":22,"column":181}},"60":{"start":{"line":22,"column":181},"end":{"line":22,"column":315}},"61":{"start":{"line":22,"column":316},"end":{"line":86,"column":14}},"62":{"start":{"line":56,"column":10},"end":{"line":56,"column":20}},"63":{"start":{"line":56,"column":29},"end":{"line":56,"column":41}},"64":{"start":{"line":56,"column":49},"end":{"line":56,"column":60}},"65":{"start":{"line":56,"column":67},"end":{"line":56,"column":77}},"66":{"start":{"line":56,"column":86},"end":{"line":56,"column":98}},"67":{"start":{"line":56,"column":110},"end":{"line":56,"column":125}},"68":{"start":{"line":56,"column":138},"end":{"line":56,"column":154}},"69":{"start":{"line":56,"column":171},"end":{"line":56,"column":191}},"70":{"start":{"line":56,"column":200},"end":{"line":56,"column":309}},"71":{"start":{"line":58,"column":24},"end":{"line":58,"column":73}},"72":{"start":{"line":60,"column":22},"end":{"line":60,"column":25}},"73":{"start":{"line":61,"column":29},"end":{"line":61,"column":80}},"74":{"start":{"line":63,"column":10},"end":{"line":65,"column":11}},"75":{"start":{"line":64,"column":12},"end":{"line":64,"column":30}},"76":{"start":{"line":67,"column":23},"end":{"line":67,"column":65}},"77":{"start":{"line":68,"column":24},"end":{"line":68,"column":98}},"78":{"start":{"line":69,"column":23},"end":{"line":69,"column":65}},"79":{"start":{"line":72,"column":30},"end":{"line":72,"column":187}},"80":{"start":{"line":73,"column":28},"end":{"line":73,"column":174}},"81":{"start":{"line":75,"column":10},"end":{"line":83,"column":28}},"82":{"start":{"line":86,"column":14},"end":{"line":86,"column":37}},"83":{"start":{"line":89,"column":4},"end":{"line":89,"column":27}},"84":{"start":{"line":91,"column":2},"end":{"line":94,"column":28}}},"fnMap":{"0":{"name":"(anonymous_0)","decl":{"start":{"line":1,"column":238},"end":{"line":1,"column":239}},"loc":{"start":{"line":1,"column":250},"end":{"line":1,"column":765}},"line":1},"1":{"name":"defineProperties","decl":{"start":{"line":1,"column":260},"end":{"line":1,"column":276}},"loc":{"start":{"line":1,"column":292},"end":{"line":1,"column":559}},"line":1},"2":{"name":"(anonymous_2)","decl":{"start":{"line":1,"column":566},"end":{"line":1,"column":567}},"loc":{"start":{"line":1,"column":614},"end":{"line":1,"column":763}},"line":1},"3":{"name":"(anonymous_3)","decl":{"start":{"line":1,"column":800},"end":{"line":1,"column":801}},"loc":{"start":{"line":1,"column":818},"end":{"line":1,"column":1014}},"line":1},"4":{"name":"_interopRequireDefault","decl":{"start":{"line":2,"column":104},"end":{"line":2,"column":126}},"loc":{"start":{"line":2,"column":132},"end":{"line":2,"column":188}},"line":2},"5":{"name":"_objectWithoutProperties","decl":{"start":{"line":2,"column":197},"end":{"line":2,"column":221}},"loc":{"start":{"line":2,"column":233},"end":{"line":2,"column":400}},"line":2},"6":{"name":"_classCallCheck","decl":{"start":{"line":2,"column":409},"end":{"line":2,"column":424}},"loc":{"start":{"line":2,"column":448},"end":{"line":2,"column":549}},"line":2},"7":{"name":"_possibleConstructorReturn","decl":{"start":{"line":2,"column":558},"end":{"line":2,"column":584}},"loc":{"start":{"line":2,"column":597},"end":{"line":2,"column":784}},"line":2},"8":{"name":"_inherits","decl":{"start":{"line":2,"column":793},"end":{"line":2,"column":802}},"loc":{"start":{"line":2,"column":825},"end":{"line":2,"column":1272}},"line":2},"9":{"name":"badgeFactory","decl":{"start":{"line":12,"column":28},"end":{"line":12,"column":40}},"loc":{"start":{"line":12,"column":43},"end":{"line":91,"column":1}},"line":12},"10":{"name":"(anonymous_10)","decl":{"start":{"line":21,"column":9},"end":{"line":21,"column":10}},"loc":{"start":{"line":21,"column":38},"end":{"line":90,"column":3}},"line":21},"11":{"name":"(anonymous_11)","decl":{"start":{"line":22,"column":40},"end":{"line":22,"column":41}},"loc":{"start":{"line":22,"column":68},"end":{"line":86,"column":38}},"line":22},"12":{"name":"BadgedComponent","decl":{"start":{"line":22,"column":123},"end":{"line":22,"column":138}},"loc":{"start":{"line":22,"column":141},"end":{"line":22,"column":316}},"line":22},"13":{"name":"render","decl":{"start":{"line":22,"column":380},"end":{"line":22,"column":386}},"loc":{"start":{"line":46,"column":8},"end":{"line":86,"column":9}},"line":46}},"branchMap":{"0":{"loc":{"start":{"line":1,"column":383},"end":{"line":1,"column":413}},"type":"binary-expr","locations":[{"start":{"line":1,"column":383},"end":{"line":1,"column":404}},{"start":{"line":1,"column":408},"end":{"line":1,"column":413}}],"line":1},"1":{"loc":{"start":{"line":1,"column":445},"end":{"line":1,"column":499}},"type":"if","locations":[{"start":{"line":1,"column":445},"end":{"line":1,"column":499}},{"start":{"line":1,"column":445},"end":{"line":1,"column":499}}],"line":1},"2":{"loc":{"start":{"line":1,"column":615},"end":{"line":1,"column":683}},"type":"if","locations":[{"start":{"line":1,"column":615},"end":{"line":1,"column":683}},{"start":{"line":1,"column":615},"end":{"line":1,"column":683}}],"line":1},"3":{"loc":{"start":{"line":1,"column":683},"end":{"line":1,"column":743}},"type":"if","locations":[{"start":{"line":1,"column":683},"end":{"line":1,"column":743}},{"start":{"line":1,"column":683},"end":{"line":1,"column":743}}],"line":1},"4":{"loc":{"start":{"line":1,"column":783},"end":{"line":1,"column":1014}},"type":"binary-expr","locations":[{"start":{"line":1,"column":783},"end":{"line":1,"column":796}},{"start":{"line":1,"column":800},"end":{"line":1,"column":1014}}],"line":1},"5":{"loc":{"start":{"line":1,"column":914},"end":{"line":1,"column":997}},"type":"if","locations":[{"start":{"line":1,"column":914},"end":{"line":1,"column":997}},{"start":{"line":1,"column":914},"end":{"line":1,"column":997}}],"line":1},"6":{"loc":{"start":{"line":2,"column":140},"end":{"line":2,"column":186}},"type":"cond-expr","locations":[{"start":{"line":2,"column":164},"end":{"line":2,"column":167}},{"start":{"line":2,"column":170},"end":{"line":2,"column":186}}],"line":2},"7":{"loc":{"start":{"line":2,"column":140},"end":{"line":2,"column":161}},"type":"binary-expr","locations":[{"start":{"line":2,"column":140},"end":{"line":2,"column":143}},{"start":{"line":2,"column":147},"end":{"line":2,"column":161}}],"line":2},"8":{"loc":{"start":{"line":2,"column":270},"end":{"line":2,"column":305}},"type":"if","locations":[{"start":{"line":2,"column":270},"end":{"line":2,"column":305}},{"start":{"line":2,"column":270},"end":{"line":2,"column":305}}],"line":2},"9":{"loc":{"start":{"line":2,"column":305},"end":{"line":2,"column":365}},"type":"if","locations":[{"start":{"line":2,"column":305},"end":{"line":2,"column":365}},{"start":{"line":2,"column":305},"end":{"line":2,"column":365}}],"line":2},"10":{"loc":{"start":{"line":2,"column":449},"end":{"line":2,"column":548}},"type":"if","locations":[{"start":{"line":2,"column":449},"end":{"line":2,"column":548}},{"start":{"line":2,"column":449},"end":{"line":2,"column":548}}],"line":2},"11":{"loc":{"start":{"line":2,"column":598},"end":{"line":2,"column":697}},"type":"if","locations":[{"start":{"line":2,"column":598},"end":{"line":2,"column":697}},{"start":{"line":2,"column":598},"end":{"line":2,"column":697}}],"line":2},"12":{"loc":{"start":{"line":2,"column":704},"end":{"line":2,"column":782}},"type":"cond-expr","locations":[{"start":{"line":2,"column":771},"end":{"line":2,"column":775}},{"start":{"line":2,"column":778},"end":{"line":2,"column":782}}],"line":2},"13":{"loc":{"start":{"line":2,"column":704},"end":{"line":2,"column":768}},"type":"binary-expr","locations":[{"start":{"line":2,"column":704},"end":{"line":2,"column":708}},{"start":{"line":2,"column":713},"end":{"line":2,"column":737}},{"start":{"line":2,"column":741},"end":{"line":2,"column":767}}],"line":2},"14":{"loc":{"start":{"line":2,"column":826},"end":{"line":2,"column":989}},"type":"if","locations":[{"start":{"line":2,"column":826},"end":{"line":2,"column":989}},{"start":{"line":2,"column":826},"end":{"line":2,"column":989}}],"line":2},"15":{"loc":{"start":{"line":2,"column":830},"end":{"line":2,"column":885}},"type":"binary-expr","locations":[{"start":{"line":2,"column":830},"end":{"line":2,"column":862}},{"start":{"line":2,"column":866},"end":{"line":2,"column":885}}],"line":2},"16":{"loc":{"start":{"line":2,"column":1024},"end":{"line":2,"column":1058}},"type":"binary-expr","locations":[{"start":{"line":2,"column":1024},"end":{"line":2,"column":1034}},{"start":{"line":2,"column":1038},"end":{"line":2,"column":1058}}],"line":2},"17":{"loc":{"start":{"line":2,"column":1153},"end":{"line":2,"column":1271}},"type":"if","locations":[{"start":{"line":2,"column":1153},"end":{"line":2,"column":1271}},{"start":{"line":2,"column":1153},"end":{"line":2,"column":1271}}],"line":2},"18":{"loc":{"start":{"line":2,"column":1169},"end":{"line":2,"column":1270}},"type":"cond-expr","locations":[{"start":{"line":2,"column":1193},"end":{"line":2,"column":1236}},{"start":{"line":2,"column":1239},"end":{"line":2,"column":1270}}],"line":2},"19":{"loc":{"start":{"line":12,"column":58},"end":{"line":12,"column":128}},"type":"cond-expr","locations":[{"start":{"line":12,"column":111},"end":{"line":12,"column":123}},{"start":{"line":12,"column":126},"end":{"line":12,"column":128}}],"line":12},"20":{"loc":{"start":{"line":12,"column":58},"end":{"line":12,"column":108}},"type":"binary-expr","locations":[{"start":{"line":12,"column":58},"end":{"line":12,"column":78}},{"start":{"line":12,"column":82},"end":{"line":12,"column":108}}],"line":12},"21":{"loc":{"start":{"line":22,"column":222},"end":{"line":22,"column":289}},"type":"binary-expr","locations":[{"start":{"line":22,"column":222},"end":{"line":22,"column":247}},{"start":{"line":22,"column":251},"end":{"line":22,"column":289}}],"line":22},"22":{"loc":{"start":{"line":61,"column":29},"end":{"line":61,"column":80}},"type":"cond-expr","locations":[{"start":{"line":61,"column":53},"end":{"line":61,"column":72}},{"start":{"line":61,"column":75},"end":{"line":61,"column":80}}],"line":61},"23":{"loc":{"start":{"line":63,"column":10},"end":{"line":65,"column":11}},"type":"if","locations":[{"start":{"line":63,"column":10},"end":{"line":65,"column":11}},{"start":{"line":63,"column":10},"end":{"line":65,"column":11}}],"line":63},"24":{"loc":{"start":{"line":67,"column":23},"end":{"line":67,"column":65}},"type":"binary-expr","locations":[{"start":{"line":67,"column":23},"end":{"line":67,"column":43}},{"start":{"line":67,"column":47},"end":{"line":67,"column":65}}],"line":67},"25":{"loc":{"start":{"line":68,"column":24},"end":{"line":68,"column":98}},"type":"binary-expr","locations":[{"start":{"line":68,"column":24},"end":{"line":68,"column":45}},{"start":{"line":68,"column":49},"end":{"line":68,"column":75}},{"start":{"line":68,"column":79},"end":{"line":68,"column":98}}],"line":68},"26":{"loc":{"start":{"line":69,"column":23},"end":{"line":69,"column":65}},"type":"binary-expr","locations":[{"start":{"line":69,"column":24},"end":{"line":69,"column":31}},{"start":{"line":69,"column":35},"end":{"line":69,"column":41}},{"start":{"line":69,"column":45},"end":{"line":69,"column":54}},{"start":{"line":69,"column":59},"end":{"line":69,"column":65}}],"line":69},"27":{"loc":{"start":{"line":72,"column":30},"end":{"line":72,"column":187}},"type":"binary-expr","locations":[{"start":{"line":72,"column":30},"end":{"line":72,"column":37}},{"start":{"line":72,"column":41},"end":{"line":72,"column":187}}],"line":72},"28":{"loc":{"start":{"line":73,"column":28},"end":{"line":73,"column":174}},"type":"binary-expr","locations":[{"start":{"line":73,"column":28},"end":{"line":73,"column":32}},{"start":{"line":73,"column":36},"end":{"line":73,"column":174}}],"line":73},"29":{"loc":{"start":{"line":80,"column":14},"end":{"line":82,"column":27}},"type":"cond-expr","locations":[{"start":{"line":81,"column":14},"end":{"line":81,"column":144}},{"start":{"line":82,"column":14},"end":{"line":82,"column":27}}],"line":80}},"s":{"0":0,"1":0,"2":0,"3":0,"4":0,"5":0,"6":0,"7":0,"8":0,"9":0,"10":0,"11":0,"12":0,"13":0,"14":0,"15":0,"16":0,"17":0,"18":0,"19":0,"20":0,"21":0,"22":0,"23":0,"24":0,"25":0,"26":0,"27":0,"28":0,"29":0,"30":0,"31":0,"32":0,"33":0,"34":0,"35":0,"36":0,"37":0,"38":0,"39":0,"40":0,"41":0,"42":0,"43":0,"44":0,"45":0,"46":0,"47":0,"48":0,"49":0,"50":0,"51":0,"52":0,"53":0,"54":0,"55":0,"56":0,"57":0,"58":0,"59":0,"60":0,"61":0,"62":0,"63":0,"64":0,"65":0,"66":0,"67":0,"68":0,"69":0,"70":0,"71":0,"72":0,"73":0,"74":0,"75":0,"76":0,"77":0,"78":0,"79":0,"80":0,"81":0,"82":0,"83":0,"84":0},"f":{"0":0,"1":0,"2":0,"3":0,"4":0,"5":0,"6":0,"7":0,"8":0,"9":0,"10":0,"11":0,"12":0,"13":0},"b":{"0":[0,0],"1":[0,0],"2":[0,0],"3":[0,0],"4":[0,0],"5":[0,0],"6":[0,0],"7":[0,0],"8":[0,0],"9":[0,0],"10":[0,0],"11":[0,0],"12":[0,0],"13":[0,0,0],"14":[0,0],"15":[0,0],"16":[0,0],"17":[0,0],"18":[0,0],"19":[0,0],"20":[0,0],"21":[0,0],"22":[0,0],"23":[0,0],"24":[0,0],"25":[0,0,0],"26":[0,0,0,0],"27":[0,0],"28":[0,0],"29":[0,0]}}
,"/Users/chenyutian0510/Documents/dev-js/chuangqi/react-cqtoolbox/components/badge/index.js": {"path":"/Users/chenyutian0510/Documents/dev-js/chuangqi/react-cqtoolbox/components/badge/index.js","statementMap":{"0":{"start":{"line":1,"column":13},"end":{"line":1,"column":75}},"1":{"start":{"line":1,"column":75},"end":{"line":1,"column":108}},"2":{"start":{"line":1,"column":123},"end":{"line":1,"column":354}},"3":{"start":{"line":1,"column":159},"end":{"line":1,"column":339}},"4":{"start":{"line":1,"column":216},"end":{"line":1,"column":228}},"5":{"start":{"line":1,"column":229},"end":{"line":1,"column":338}},"6":{"start":{"line":1,"column":254},"end":{"line":1,"column":337}},"7":{"start":{"line":1,"column":310},"end":{"line":1,"column":336}},"8":{"start":{"line":1,"column":339},"end":{"line":1,"column":353}},"9":{"start":{"line":2,"column":13},"end":{"line":2,"column":31}},"10":{"start":{"line":3,"column":13},"end":{"line":3,"column":35}},"11":{"start":{"line":3,"column":50},"end":{"line":3,"column":80}},"12":{"start":{"line":3,"column":119},"end":{"line":3,"column":173}},"13":{"start":{"line":5,"column":24},"end":{"line":5,"column":145}},"14":{"start":{"line":5,"column":61},"end":{"line":5,"column":144}},"15":{"start":{"line":5,"column":146},"end":{"line":6,"column":53}},"16":{"start":{"line":6,"column":53},"end":{"line":7,"column":33}}},"fnMap":{"0":{"name":"(anonymous_0)","decl":{"start":{"line":1,"column":140},"end":{"line":1,"column":141}},"loc":{"start":{"line":1,"column":158},"end":{"line":1,"column":354}},"line":1},"1":{"name":"_interopRequireDefault","decl":{"start":{"line":3,"column":90},"end":{"line":3,"column":112}},"loc":{"start":{"line":3,"column":118},"end":{"line":3,"column":174}},"line":3},"2":{"name":"themeBadgeFactory","decl":{"start":{"line":5,"column":33},"end":{"line":5,"column":50}},"loc":{"start":{"line":5,"column":60},"end":{"line":5,"column":145}},"line":5}},"branchMap":{"0":{"loc":{"start":{"line":1,"column":123},"end":{"line":1,"column":354}},"type":"binary-expr","locations":[{"start":{"line":1,"column":123},"end":{"line":1,"column":136}},{"start":{"line":1,"column":140},"end":{"line":1,"column":354}}],"line":1},"1":{"loc":{"start":{"line":1,"column":254},"end":{"line":1,"column":337}},"type":"if","locations":[{"start":{
[...]
,"/Users/chenyutian0510/Documents/dev-js/chuangqi/react-cqtoolbox/components/utils/animationHeightFactory.js": {"path":"/Users/chenyutian0510/Documents/dev-js/chuangqi/react-cqtoolbox/components/utils/animationHeightFactory.js","statementMap":{"0":{"start":{"line":5,"column":2},"end":{"line":21,"column":5}},"1":{"start":{"line":7,"column":6},"end":{"line":12,"column":7}},"2":{"start":{"line":8,"column":8},"end":{"line":8,"column":53}},"3":{"start":{"line":10,"column":8},"end":{"line":10,"column":35}},"4":{"start":{"line":11,"column":8},"end":{"line":11,"column":30}},"5":{"start":{"line":15,"column":6},"end":{"line":15,"column":51}},"6":{"start":{"line":18,"column":6},"end":{"line":18,"column":29}},"7":{"start":{"line":19,"column":6},"end":{"line":19,"column":13}},"8":{"start":{"line":25,"column":2},"end":{"line":32,"column":4}},"9":{"start":{"line":27,"column":6},"end":{"line":27,"column":55}},"10":{"start":{"line":30,"column":6},"end":{"line":30,"column":56}}},"fnMap":{"0":{"name":"animate","decl":{"start":{"line":3,"column":9},"end":{"line":3,"column":16}},"loc":{"start":{"line":3,"column":51},"end":{"line":22,"column":1}},"line":3},"1":{"name":"animation","decl":{"start":{"line":24,"column":9},"end":{"line":24,"column":18}},"loc":{"start":{"line":24,"column":35},"end":{"line":33,"column":1}},"line":24}},"branchMap":{"0":{"loc":{"start":{"line":7,"column":6},"end":{"line":12,"column":7}},"type":"if","locations":[{"start":{"line":7,"column":6},"end":{"line":12,"column":7}},{"start":{"line":7,"column":6},"end":{"line":12,"column":7}}],"line":7},"1":{"loc":{"start":{"line":15,"column":29},"end":{"line":15,"column":46}},"type":"cond-expr","locations":[{"start":{"line":15,"column":36},"end":{"line":15,"column":42}},{"start":{"line":15,"column":45},"end":{"line":15,"column":46}}],"line":15}},"s":{"0":0,"1":0,"2":0,"3":0,"4":0,"5":0,"6":0,"7":0,"8":0,"9":0,"10":0},"f":{"0":0,"1":0},"b":{"0":[0,0],"1":[0,0]},"_coverageSchema":"332fd63041d2c1bcb487cc26dd0d5f7d97098a6c","hash":"dbd9955f79d1c9db64eb07f1bab1b87b0c0ec844"}
,"/Users/chenyutian0510/Documents/dev-js/chuangqi/react-cqtoolbox/components/utils/debounce.js": {"path":"/Users/chenyutian0510/Documents/dev-js/chuangqi/react-cqtoolbox/components/utils/debounce.js","statementMap":{"0":{"start":{"line":1,"column":13},"end":{"line":1,"column":75}},"1":{"start":{"line":1,"column":75},"end":{"line":1,"column":102}},"2":{"start":{"line":2,"column":16},"end":{"line":2,"column":22}},"3":{"start":{"line":3,"column":13},"end":{"line":3,"column":19}},"4":{"start":{"line":4,"column":16},"end":{"line":4,"column":22}},"5":{"start":{"line":5,"column":18},"end":{"line":5,"column":24}},"6":{"start":{"line":6,"column":15},"end":{"line":6,"column":21}},"7":{"start":{"line":8,"column":14},"end":{"line":23,"column":3}},"8":{"start":{"line":9,"column":15},"end":{"line":9,"column":38}},"9":{"start":{"line":11,"column":4},"end":{"line":22,"column":5}},"10":{"start":{"line":12,"column":6},"end":{"line":12,"column":47}},"11":{"start":{"line":14,"column":6},"end":{"line":14,"column":21}},"12":{"start":{"line":15,"column":6},"end":{"line":21,"column":7}},"13":{"start":{"line":16,"column":8},"end":{"line":16,"column":43}},"14":{"start":{"line":17,"column":8},"end":{"line":20,"column":9}},"15":{"start":{"line":18,"column":10},"end":{"line":18,"column":25}},"16":{"start":{"line":19,"column":10},"end":{"line":19,"column":22}},"17":{"start":{"line":25,"column":2},"end":{"line":42,"column":4}},"18":{"start":{"line":26,"column":4},"end":{"line":26,"column":19}},"19":{"start":{"line":27,"column":4},"end":{"line":27,"column":21}},"20":{"start":{"line":28,"column":4},"end":{"line":28,"column":28}},"21":{"start":{"line":30,"column":18},"end":{"line":30,"column":39}},"22":{"start":{"line":31,"column":4},"end":{"line":33,"column":5}},"23":{"start":{"line":32,"column":6},"end":{"line":32,"column":40}},"24":{"start":{"line":35,"column":4},"end":{"line":39,"column":5}},"25":{"start":{"line":36,"column":6},"end":{"line":36,"column":41}},"26":{"start":{"line":37,"column":6},"end":{"line":37,"column":21}},"27":{"start":{"line":38,"column":6},"end":{"line":38,"column":18}},"28":{"start":{"line":41,"column":4},"end":{"line":41,"column":18}}},"fnMap":{"0":{"name":"debounce","decl":{"start":{"line":1,"column":111},"end":{"line":1,"column":119}},"loc":{"start":{"line":1,"column":143},"end":{"line":43,"column":1}},"line":1},"1":{"name":"later","decl":{"start":{"line":8,"column":23},"end":{"line":8,"column":28}},"loc":{"start":{"line":8,"column":31},"end":{"line":23,"column":3}},"line":8},"2":{"name":"debounced","decl":{"start":{"line":25,"column":18},"end":{"line":25,"column":27}},"loc":{"start":{"line":25,"column":30},"end":{"line":42,"column":3}},"line":25}},"branchMap":{"0":{"loc":{"start":{"line":11,"column":4},"end":{"line":22,"column":5}},"type":"if","locations":[{"start":{"line":11,"column":4},"end":{"line":22,"column":5}},{"start":{"line":11,"column":4},"end":{"line":22,"column":5}}],"line":11},"1":{"loc":{"start":{"line":11,"column":8},"end":{"line":11,"column":32}},"type":"binary-expr","locations":[{"start":{"line":11,"column":8},"end":{"line":11,"column":19}},{"start":{"line":11,"column":23},"end":{"line":11,"column":32}}],"line":11},"2":{"loc":{"start":{"line":15,"column":6},"end":{"line":21,"column":7}},"type":"if","locations":[{"start":{"line":15,"column":6},"end":{"line":21,"column":7}},{"start":{"line":15,"column":6},"end":{"line":21,"column":7}}],"line":15},"3":{"loc":{"start":{"line":17,"column":8},"end":{"line":20,"column":9}},"type":"if","locations":[{"start":{"line":17,"column":8},"end":{"line":20,"column":9}},{"start":{"line":17,"column":8},"end":{"line":20,"column":9}}],"line":17},"4":{"loc":{"start":{"line":30,"column":18},"end":{"line":30,"column":39}},"type":"binary-expr","locations":[{"start":{"line":30,"column":18},"end":{"line":30,"column":27}},{"start":{"line":30,"column":31},"end":{"line":30,"column":39}}],"line":30},"5":{"loc":{"start":{"line":31,"column":4},"end":{"line":33,"column":5}},"type":"if","locations":[{"start":{"line":31,"column":4},"end":{"line":33,"column":5}},{"start":{"line":31,"column":4},"end":{"line":33,"column":5}}],"line":31},"6":{"loc":{"start":{"line":35,"column":4},"end":{"line":39,"column":5}},"type":"if","locations":[{"start":{"line":35,"column":4},"end":{"line":39,"column":5}},{"start":{"line":35,"column":4},"end":{"line":39,"column":5}}],"line":35}},"s":{"0":0,"1":0,"2":0,"3":0,"4":0,"5":0,"6":0,"7":0,"8":0,"9":0,"10":0,"11":0,"12":0,"13":0,"14":0,"15":0,"16":0,"17":0,"18":0,"19":0,"20":0,"21":0,"22":0,"23":0,"24":0,"25":0,"26":0,"27":0,"28":0},"f":{"0":0,"1":0,"2":0},"b":{"0":[0,0],"1":[0,0],"2":[0,0],"3":[0,0],"4":[0,0],"5":[0,0],"6":[0,0]}}
,"/Users/chenyutian0510/Documents/dev-js/chuangqi/react-cqtoolbox/components/utils/events.js": {"path":"/Users/chenyutian0510/Documents/dev-js/chuangqi/react-cqtoolbox/components/utils/events.js","statementMap":{"0":{"start":{"line":4,"column":4},"end":{"line":7,"column":6}},"1":{"start":{"line":11,"column":4},"end":{"line":14,"column":6}},"2":{"start":{"line":18,"column":4},"end":{"line":18,"column":28}},"3":{"start":{"line":19,"column":4},"end":{"line":19,"column":27}},"4":{"start":{"line":23,"column":4},"end":{"line":25,"column":7}},"5":{"start":{"line":24,"column":6},"end":{"line":24,"column":59}},"6":{"start":{"line":29,"column":4},"end":{"line":31,"column":7}},"7":{"start":{"line":30,"column":6},"end":{"line":30,"column":62}},"8":{"start":{"line":35,"column":15},"end":{"line":35,"column":27}},"9":{"start":{"line":36,"column":4},"end":{"line":39,"column":5}},"10":{"start":{"line":37,"column":6},"end":{"line":37,"column":39}},"11":{"start":{"line":37,"column":27},"end":{"line":37,"column":39}},"12":{"start":{"line":38,"column":6},"end":{"line":38,"column":29}},"13":{"start":{"line":40,"column":4},"end":{"line":40,"column":17}},"14":{"start":{"line":44,"column":22},"end":{"line":44,"column":54}},"15":{"start":{"line":45,"column":4},"end":{"line":45,"column":33}},"16":{"start":{"line":45,"column":20},"end":{"line":45,"column":33}},"17":{"start":{"line":46,"column":4},"end":{"line":46,"column":44}},"18":{"start":{"line":47,"column":4},"end":{"line":47,"column":16}},"19":{"start":{"line":51,"column":22},"end":{"line":51,"column":54}},"20":{"start":{"line":52,"column":4},"end":{"line":52,"column":33}},"21":{"start":{"line":52,"column":20},"end":{"line":52,"column":33}},"22":{"start":{"line":53,"column":4},"end":{"line":53,"column":47}},"23":{"start":{"line":54,"column":4},"end":{"line":54,"column":16}},"24":{"start":{"line":58,"column":20},"end":{"line":63,"column":1}},"25":{"start":{"line":66,"column":2},"end":{"line":70,"column":11}},"26":{"start":{"line":67,"column":4},"end":{"line":69,"column":14}}},"fnMap":{"0":{"name":"(anonymous_0)","decl":{"start":{"line":23,"column":34},"end":{"line":23,"column":35}},"loc":{"start":{"line":23,"column":43},"end":{"line":25,"column":5}},"line":23},"1":{"name":"(anonymous_1)","decl":{"start":{"line":29,"column":34},"end":{"line":29,"column":35}},"loc":{"start":{"line":29,"column":43},"end":{"line":31,"column":5}},"line":29},"2":{"name":"transitionEventNamesFor","decl":{"start":{"line":65,"column":9},"end":{"line":65,"column":32}},"loc":{"start":{"line":65,"column":42},"end":{"line":71,"column":1}},"line":65},"3":{"name":"(anonymous_3)","decl":{"start":{"line":66,"column":41},"end":{"line":66,"column":42}},"loc":{"start":{"line":67,"column":4},"end":{"line":69,"column":14}},"line":67}},"branchMap":{"0":{"loc":{"start":{"line":5,"column":24},"end":{"line":5,"column":60}},"type":"binary-expr","locations":[{"start":{"line":5,"column":24},"end":{"line":5,"column":38}},{"start":{"line":5,"column":42},"end":{"line":5,"column":60}}],"line":5},"1":{"loc":{"start":{"line":6,"column":24},"end":{"line":6,"column":60}},"type":"binary-expr","locations":[{"start":{"line":6,"column":24},"end":{"line":6,"column":38}},{"start":{"line":6,"column":42},"end":{"line":6,"column":60}}],"line":6},"2":{"loc":{"start":{"line":12,"column":35},"end":{"line":12,"column":71}},"type":"binary-expr","locations":[{"start":{"line":12,"column":35},"end":{"line":12,"column":49}},{"start":{"line":12,"column":53},"end":{"line":12,"column":71}}],"line":12},"3":{"loc":{"start":{"line":13,"column":35},"end":{"line":13,"column":71}},"type":"binary-expr","locations":[{"start":{"line":13,"column":35},"end":{"line":13,"column":49}},{"start":{"line":13,"column":53},"end":{"line":13,"column":71}}],"line":13},"4":{"loc":{"start":{"line":37,"column":6},"end":{"line":37,"column":39}},"type":"if","locations":[{"start":{"line":37,"column":6},"end":{"line":37,"column":39}},{"start":{"line":37,"column":6},"end":{"line":37,"column":39}}],"line":37},"5":{"loc":{"start":{"line":45,"column":4},"end":{"line":45,"column":33}},"type":"if","locations":[{"start":{"line":45,"column":4},"end":{"line":45,"column":33}},{"start":{"line":45,"column":4},"end":{"line":45,"column":33}}],"line":45},"6":{"loc":{"start":{"line":52,"column":4},"end":{"line":52,"column":33}},"type":"if","locations":[{"start":{"line":52,"column":4},"end":{"line":52,"column":33}},{"start":{"line":52,"column":4},"end":{"line":52,"column":33}}],"line":52},"7":{"loc":{"start":{"line":67,"column":4},"end":{"line":69,"column":14}},"type":"cond-expr","locations":[{"start":{"line":68,"column":8},"end":{"line":68,"column":31}},{"start":{"line":69,"column":8},"end":{"line":69,"column":14}}],"line":67},"8":{"loc":{"start":{"line":67,"column":4},"end":{"line":67,"column":67}},"type":"binary-expr","locations":[{"start":{"line":67,"column":4},"end":{"line":67,"column":11}},{"start":{"line":67,"column":16},"end":{"line":67,"column":23}},{"start":{"line":67,"column":27},"end":{"line":67,"column":66}}],"line":67}},"s":{"0":0,"1":0,"2":0,"3":0,"4":0,"5":0,"6":0,"7":0,"8":0,"9":0,"10":0,"11":0,"12":0,"13":0,"14":0,"15":0,"16":0,"17":0,"18":0,"19":0,"20":0,"21":0,"22":0,"23":0,"24":5,"25":0,"26":0},"f":{"0":0,"1":0,"2":0,"3":0},"b":{"0":[0,0],"1":[0,0],"2":[0,0],"3":[0,0],"4":[0,0],"5":[0,0],"6":[0,0],"7":[0,0],"8":[0,0,0]},"_coverageSchema":"332fd63041d2c1bcb487cc26dd0d5f7d97098a6c","hash":"708ebd19cb4fa79485aa71c6a79d49f1ea41c8d5"}
,"/Users/chenyutian0510/Documents/dev-js/chuangqi/react-cqtoolbox/components/utils/polyfills.js": {"path":"/Users/chenyutian0510/Documents/dev-js/chuangqi/react-cqtoolbox/components/utils/polyfills.js","statementMap":{"0":{"start":{"line":3,"column":0},"end":{"line":9,"column":1}},"1":{"start":{"line":7,"column":2},"end":{"line":7,"column":53}},"2":{"start":{"line":8,"column":2},"end":{"line":8,"column":60}},"3":{"start":{"line":13,"column":0},"end":{"line":13,"column":41}}},"fnMap":{},"branchMap":{"0":{"loc":{"start":{"line":3,"column":0},"end":{"line":9,"column":1}},"type":"if","locations":[{"start":{"line":3,"column":0},"end":{"line":9,"column":1}},{"start":{"line":3,"column":0},"end":{"line":9,"column":1}}],"line":3}},"s":{"0":0,"1":0,"2":0,"3":0},"f":{},"b":{"0":[0,0]}}
,"/Users/chenyutian0510/Documents/dev-js/chuangqi/react-cqtoolbox/components/utils/prefixer.js": {"path":"/Users/chenyutian0510/Documents/dev-js/chuangqi/react-cqtoolbox/components/utils/prefixer.js","statementMap":{"0":{"start":{"line":1,"column":15},"end":{"line":1,"column":23}},"1":{"start":{"line":2,"column":18},"end":{"line":2,"column":22}},"2":{"start":{"line":4,"column":19},"end":{"line":6,"column":1}},"3":{"start":{"line":9,"column":2},"end":{"line":9,"column":59}},"4":{"start":{"line":13,"column":2},"end":{"line":16,"column":9}},"5":{"start":{"line":14,"column":4},"end":{"line":14,"column":50}},"6":{"start":{"line":15,"column":4},"end":{"line":15,"column":15}},"7":{"start":{"line":20,"column":17},"end":{"line":20,"column":45}},"8":{"start":{"line":21,"column":2},"end":{"line":25,"column":3}},"9":{"start":{"line":22,"column":4},"end":{"line":24,"column":5}},"10":{"start":{"line":23,"column":6},"end":{"line":23,"column":37}},"11":{"start":{"line":27,"column":2},"end":{"line":27,"column":15}},"12":{"start":{"line":31,"column":17},"end":{"line":31,"column":29}},"13":{"start":{"line":32,"column":2},"end":{"line":39,"column":3}},"14":{"start":{"line":33,"column":4},"end":{"line":38,"column":5}},"15":{"start":{"line":34,"column":6},"end":{"line":34,"column":41}},"16":{"start":{"line":35,"column":6},"end":{"line":37,"column":7}},"17":{"start":{"line":36,"column":8},"end":{"line":36,"column":57}},"18":{"start":{"line":41,"column":2},"end":{"line":41,"column":16}}},"fnMap":{"0":{"name":"capitalize","decl":{"start":{"line":8,"column":9},"end":{"line":8,"column":19}},"loc":{"start":{"line":8,"column":28},"end":{"line":10,"column":1}},"line":8},"1":{"name":"getPrefixes","decl":{"start":{"line":12,"column":9},"end":{"line":12,"column":20}},"loc":{"start":{"line":12,"column":38},"end":{"line":17,"column":1}},"line":12},"2":{"name":"(anonymous_2)","decl":{"start":{"line":13,"column":37},"end":{"line":13,"column":38}},"loc":{"start":{"line":13,"column":52},"end":{"line":16,"column":3}},"line":13},"3":{"name":"addPrefixesTo","decl":{"start":{"line":19,"column":9},"end":{"line":19,"column":22}},"loc":{"start":{"line":19,"column":47},"end":{"line":28,"column":1}},"line":19},"4":{"name":"prefixer","decl":{"start":{"line":30,"column":9},"end":{"line":30,"column":17}},"loc":{"start":{"line":30,"column":44},"end":{"line":42,"column":1}},"line":30}},"branchMap":{"0":{"loc":{"start":{"line":22,"column":4},"end":{"line":24,"column":5}},"type":"if","locations":[{"start":{"line":22,"column":4},"end":{"line":24,"column":5}},{"start":{"line":22,"column":4},"end":{"line":24,"column":5}}],"line":22},"1":{"loc":{"start":{"line":30,"column":25},"end":{"line":30,"column":42}},"type":"default-arg","locations":[{"start":{"line":30,"column":40},"end":{"line":30,"column":42}}],"line":30},"2":{"loc":{"start":{"line":33,"column":4},"end":{"line":38,"column":5}},"type":"if","locations":[{"start":{"line":33,"column":4},"end":{"line":38,"column":5}},{"start":{"line":33,"column":4},"end":{"line":38,"column":5}}],"line":33},"3":{"loc":{"start":{"line":35,"column":6},"end":{"line":37,"column":7}},"type":"if","locations":[{"start":{"line":35,"column":6},"end":{"line":37,"column":7}},{"start":{"line":35,"column":6},"end":{"line":37,"column":7}}],"line":35}},"s":{"0":4,"1":4,"2":4,"3":0,"4":0,"5":0,"6":0,"7":0,"8":0,"9":0,"10":0,"11":0,"12":0,"13":0,"14":0,"15":0,"16":0,"17":0,"18":0},"f":{"0":0,"1":0,"2":0,"3":0,"4":0},"b":{"0":[0,0],"1":[0],"2":[0,0],"3":[0,0]},"_coverageSchema":"332fd63041d2c1bcb487cc26dd0d5f7d97098a6c","hash":"d2018fc7ed44dc69a8692b4870095fe94ef0f8a1"}
,"/Users/chenyutian0510/Documents/dev-js/chuangqi/react-cqtoolbox/components/utils/throttle.js": {"path":"/Users/chenyutian0510/Documents/dev-js/chuangqi/react-cqtoolbox/components/utils/throttle.js","statementMap":{"0":{"start":{"line":1,"column":13},"end":{"line":1,"column":75}},"1":{"start":{"line":1,"column":75},"end":{"line":1,"column":102}},"2":{"start":{"line":2,"column":2},"end":{"line":2,"column":35}},"3":{"start":{"line":3,"column":13},"end":{"line":3,"column":19}},"4":{"start":{"line":4,"column":15},"end":{"line":4,"column":21}},"5":{"start":{"line":5,"column":2},"end":{"line":21,"column":4}},"6":{"start":{"line":6,"column":18},"end":{"line":6,"column":31}},"7":{"start":{"line":8,"column":14},"end":{"line":8,"column":24}},"8":{"start":{"line":9,"column":11},"end":{"line":9,"column":20}},"9":{"start":{"line":10,"column":4},"end":{"line":20,"column":5}},"10":{"start":{"line":12,"column":6},"end":{"line":12,"column":31}},"11":{"start":{"line":13,"column":6},"end":{"line":16,"column":21}},"12":{"start":{"line":14,"column":8},"end":{"line":14,"column":19}},"13":{"start":{"line":15,"column":8},"end":{"line":15,"column":32}},"14":{"start":{"line":18,"column":6},"end":{"line":18,"column":17}},"15":{"start":{"line":19,"column":6},"end":{"line":19,"column":30}}},"fnMap":{"0":{"name":"throttle","decl":{"start":{"line":1,"column":111},"end":{"line":1,"column":119}},"loc":{"start":{"line":1,"column":143},"end":{"line":22,"column":1}},"line":1},"1":{"name":"(anonymous_1)","decl":{"start":{"line":5,"column":9},"end":{"line":5,"column":10}},"loc":{"start":{"line":5,"column":21},"end":{"line":21,"column":3}},"line":5},"2":{"name":"(anonymous_2)","decl":{"start":{"line":13,"column":30},"end":{"line":13,"column":31}},"loc":{"start":{"line":13,"column":42},"end":{"line":16,"column":7}},"line":13}},"branchMap":{"0":{"loc":{"start":{"line":2,"column":2},"end":{"line":2,"column":34}},"type":"binary-expr","locations":[{"start":{"line":2,"column":2},"end":{"line":2,"column":12}},{"start":{"line":2,"column":17},"end":{"line":2,"column":33}}],"line":2},"1":{"loc":{"start":{"line":6,"column":18},"end":{"line":6,"column":31}},"type":"binary-expr","locations":[{"start":{"line":6,"column":18},"end":{"line":6,"column":23}},{"start":{"line":6,"column":27},"end":{"line":6,"column":31}}],"line":6},"2":{"loc":{"start":{"line":10,"column":4},"end":{"line":20,"column":5}},"type":"if","locations":[{"start":{"line":10,"column":4},"end":{"line":20,"column":5}},{"start":{"line":10,"column":4},"end":{"line":20,"column":5}}],"line":10},"3":{"loc":{"start":{"line":10,"column":8},"end":{"line":10,"column":39}},"type":"binary-expr","locations":[{"start":{"line":10,"column":8},"end":{"line":10,"column":12}},{"start":{"line":10,"column":16},"end":{"line":10,"column":39}}],"line":10}},"s":{"0":0,"1":0,"2":0,"3":0,"4":0,"5":0,"6":0,"7":0,"8":0,"9":0,"10":0,"11":0,"12":0,"13":0,"14":0,"15":0},"f":{"0":0,"1":0,"2":0},"b":{"0":[0,0],"1":[0,0],"2":[0,0],"3":[0,0]}}
}
