TN:
SF:/Users/chenyutian0510/Documents/dev-js/chuangqi/react-cqtoolbox/components/identifiers.js
FNF:0
FNH:0
DA:1,5
DA:2,5
DA:3,5
DA:4,5
DA:5,5
DA:6,5
DA:7,5
DA:8,5
DA:9,5
DA:10,5
DA:11,5
DA:12,5
DA:13,5
DA:14,5
DA:15,5
DA:16,5
DA:17,5
DA:18,5
DA:19,5
DA:20,5
DA:21,5
DA:22,5
DA:23,5
DA:24,5
DA:25,5
DA:26,5
DA:27,5
LF:27
LH:27
BRF:0
BRH:0
end_of_record
TN:
SF:/Users/chenyutian0510/Documents/dev-js/chuangqi/react-cqtoolbox/components/index.js
FN:1,get
FN:4,(anonymous_1)
FN:4,get
FN:5,(anonymous_3)
FN:5,get
FN:5,get
FN:6,get
FN:7,get
FN:8,get
FN:10,(anonymous_9)
FN:10,get
FN:11,(anonymous_11)
FN:11,get
FN:11,get
FN:12,get
FN:14,(anonymous_15)
FN:14,get
FN:14,get
FN:15,get
FN:16,get
FN:18,(anonymous_20)
FN:18,get
FN:18,get
FN:19,get
FN:20,get
FN:21,get
FN:22,get
FN:23,get
FN:24,get
FN:25,get
FN:27,(anonymous_30)
FN:27,get
FN:27,get
FN:28,_interopRequireDefault
FNF:34
FNH:0
FNDA:0,get
FNDA:0,(anonymous_1)
FNDA:0,get
FNDA:0,(anonymous_3)
FNDA:0,get
FNDA:0,get
FNDA:0,get
FNDA:0,get
FNDA:0,get
FNDA:0,(anonymous_9)
FNDA:0,get
FNDA:0,(anonymous_11)
FNDA:0,get
FNDA:0,get
FNDA:0,get
FNDA:0,(anonymous_15)
FNDA:0,get
FNDA:0,get
FNDA:0,get
FNDA:0,get
FNDA:0,(anonymous_20)
FNDA:0,get
FNDA:0,get
FNDA:0,get
FNDA:0,get
FNDA:0,get
FNDA:0,get
FNDA:0,get
FNDA:0,get
FNDA:0,get
FNDA:0,(anonymous_30)
FNDA:0,get
FNDA:0,get
FNDA:0,_interopRequireDefault
DA:1,0
DA:3,0
DA:4,0
DA:5,0
DA:6,0
DA:7,0
DA:8,0
DA:9,0
DA:10,0
DA:11,0
DA:12,0
DA:13,0
DA:14,0
DA:15,0
DA:16,0
DA:17,0
DA:18,0
DA:19,0
DA:20,0
DA:21,0
DA:22,0
DA:23,0
DA:24,0
DA:25,0
DA:26,0
DA:27,0
DA:28,0
LF:27
LH:0
BRDA:4,0,0,0
BRDA:4,0,1,0
BRDA:4,1,0,0
BRDA:4,1,1,0
BRDA:5,2,0,0
BRDA:5,2,1,0
BRDA:5,3,0,0
BRDA:5,3,1,0
BRDA:10,4,0,0
BRDA:10,4,1,0
BRDA:10,5,0,0
BRDA:10,5,1,0
BRDA:11,6,0,0
BRDA:11,6,1,0
BRDA:11,7,0,0
BRDA:11,7,1,0
BRDA:14,8,0,0
BRDA:14,8,1,0
BRDA:14,9,0,0
BRDA:14,9,1,0
BRDA:18,10,0,0
BRDA:18,10,1,0
BRDA:18,11,0,0
BRDA:18,11,1,0
BRDA:27,12,0,0
BRDA:27,12,1,0
BRDA:27,13,0,0
BRDA:27,13,1,0
BRDA:28,14,0,0
BRDA:28,14,1,0
BRDA:28,15,0,0
BRDA:28,15,1,0
BRF:32
BRH:0
end_of_record
TN:
SF:/Users/chenyutian0510/Documents/dev-js/chuangqi/react-cqtoolbox/components/alert/Alert.js
FN:1,(anonymous_0)
FN:1,(anonymous_1)
FN:1,defineProperties
FN:1,(anonymous_3)
FN:4,_interopRequireDefault
FN:4,_defineProperty
FN:4,_objectWithoutProperties
FN:4,_classCallCheck
FN:4,_possibleConstructorReturn
FN:4,_inherits
FN:13,factory
FN:14,(anonymous_11)
FN:14,Alert
FN:35,(anonymous_13)
FN:37,render
FNF:15
FNH:0
FNDA:0,(anonymous_0)
FNDA:0,(anonymous_1)
FNDA:0,defineProperties
FNDA:0,(anonymous_3)
FNDA:0,_interopRequireDefault
FNDA:0,_defineProperty
FNDA:0,_objectWithoutProperties
FNDA:0,_classCallCheck
FNDA:0,_possibleConstructorReturn
FNDA:0,_inherits
FNDA:0,factory
FNDA:0,(anonymous_11)
FNDA:0,Alert
FNDA:0,(anonymous_13)
FNDA:0,render
DA:1,0
DA:2,0
DA:3,0
DA:4,0
DA:6,0
DA:13,0
DA:14,0
DA:36,0
DA:37,0
DA:49,0
DA:53,0
DA:55,0
DA:60,0
DA:66,0
DA:85,0
DA:88,0
DA:89,0
LF:17
LH:0
BRDA:1,0,0,0
BRDA:1,0,1,0
BRDA:1,1,0,0
BRDA:1,1,1,0
BRDA:1,2,0,0
BRDA:1,2,1,0
BRDA:1,3,0,0
BRDA:1,3,1,0
BRDA:1,4,0,0
BRDA:1,4,1,0
BRDA:1,5,0,0
BRDA:1,5,1,0
BRDA:4,6,0,0
BRDA:4,6,1,0
BRDA:4,7,0,0
BRDA:4,7,1,0
BRDA:4,8,0,0
BRDA:4,8,1,0
BRDA:4,9,0,0
BRDA:4,9,1,0
BRDA:4,10,0,0
BRDA:4,10,1,0
BRDA:4,11,0,0
BRDA:4,11,1,0
BRDA:4,12,0,0
BRDA:4,12,1,0
BRDA:4,13,0,0
BRDA:4,13,1,0
BRDA:4,14,0,0
BRDA:4,14,1,0
BRDA:4,14,2,0
BRDA:4,15,0,0
BRDA:4,15,1,0
BRDA:4,16,0,0
BRDA:4,16,1,0
BRDA:4,17,0,0
BRDA:4,17,1,0
BRDA:4,18,0,0
BRDA:4,18,1,0
BRDA:4,19,0,0
BRDA:4,19,1,0
BRDA:14,20,0,0
BRDA:14,20,1,0
BRDA:60,21,0,0
BRDA:60,21,1,0
BRDA:71,22,0,0
BRDA:71,22,1,0
BRDA:77,23,0,0
BRDA:77,23,1,0
BRF:49
BRH:0
end_of_record
TN:
SF:/Users/chenyutian0510/Documents/dev-js/chuangqi/react-cqtoolbox/components/alert/index.js
FN:5,_interopRequireDefault
FNF:1
FNH:0
FNDA:0,_interopRequireDefault
DA:1,0
DA:2,0
DA:3,0
DA:4,0
DA:5,0
DA:7,0
DA:8,0
LF:7
LH:0
BRDA:5,0,0,0
BRDA:5,0,1,0
BRDA:5,1,0,0
BRDA:5,1,1,0
BRF:4
BRH:0
end_of_record
TN:
SF:/Users/chenyutian0510/Documents/dev-js/chuangqi/react-cqtoolbox/components/autocomplete/Autocomplete.js
FN:1,(anonymous_0)
FN:1,(anonymous_1)
FN:1,(anonymous_2)
FN:1,defineProperties
FN:1,(anonymous_4)
FN:3,_interopRequireDefault
FN:3,_classCallCheck
FN:3,_possibleConstructorReturn
FN:3,_inherits
FN:5,factory
FN:6,(anonymous_10)
FN:40,Autocomplete
FN:56,(anonymous_12)
FN:64,(anonymous_13)
FN:83,(anonymous_14)
FN:92,(anonymous_15)
FN:102,(anonymous_16)
FN:102,(anonymous_17)
FN:107,(anonymous_18)
FN:111,(anonymous_19)
FN:116,componentWillReceiveProps
FN:116,render
FN:158,onChange
FN:158,onSelect
FNF:24
FNH:0
FNDA:0,(anonymous_0)
FNDA:0,(anonymous_1)
FNDA:0,(anonymous_2)
FNDA:0,defineProperties
FNDA:0,(anonymous_4)
FNDA:0,_interopRequireDefault
FNDA:0,_classCallCheck
FNDA:0,_possibleConstructorReturn
FNDA:0,_inherits
FNDA:0,factory
FNDA:0,(anonymous_10)
FNDA:0,Autocomplete
FNDA:0,(anonymous_12)
FNDA:0,(anonymous_13)
FNDA:0,(anonymous_14)
FNDA:0,(anonymous_15)
FNDA:0,(anonymous_16)
FNDA:0,(anonymous_17)
FNDA:0,(anonymous_18)
FNDA:0,(anonymous_19)
FNDA:0,componentWillReceiveProps
FNDA:0,render
FNDA:0,onChange
FNDA:0,onSelect
DA:1,0
DA:2,0
DA:3,0
DA:5,0
DA:6,0
DA:40,0
DA:41,0
DA:57,0
DA:62,0
DA:65,0
DA:67,0
DA:72,0
DA:81,0
DA:84,0
DA:85,0
DA:87,0
DA:88,0
DA:90,0
DA:93,0
DA:95,0
DA:96,0
DA:97,0
DA:98,0
DA:100,0
DA:102,0
DA:103,0
DA:104,0
DA:105,0
DA:108,0
DA:109,0
DA:112,0
DA:116,0
DA:126,0
DA:128,0
DA:130,0
DA:132,0
DA:135,0
DA:143,0
DA:148,0
DA:158,0
DA:162,0
DA:163,0
LF:42
LH:0
BRDA:1,0,0,0
BRDA:1,0,1,0
BRDA:1,1,0,0
BRDA:1,1,1,0
BRDA:1,2,0,0
BRDA:1,2,1,0
BRDA:1,3,0,0
BRDA:1,3,1,0
BRDA:1,3,2,0
BRDA:1,3,3,0
BRDA:1,4,0,0
BRDA:1,4,1,0
BRDA:1,5,0,0
BRDA:1,5,1,0
BRDA:1,6,0,0
BRDA:1,6,1,0
BRDA:1,7,0,0
BRDA:1,7,1,0
BRDA:3,8,0,0
BRDA:3,8,1,0
BRDA:3,9,0,0
BRDA:3,9,1,0
BRDA:3,10,0,0
BRDA:3,10,1,0
BRDA:3,11,0,0
BRDA:3,11,1,0
BRDA:3,12,0,0
BRDA:3,12,1,0
BRDA:3,13,0,0
BRDA:3,13,1,0
BRDA:3,13,2,0
BRDA:3,14,0,0
BRDA:3,14,1,0
BRDA:3,15,0,0
BRDA:3,15,1,0
BRDA:3,16,0,0
BRDA:3,16,1,0
BRDA:3,17,0,0
BRDA:3,17,1,0
BRDA:3,18,0,0
BRDA:3,18,1,0
BRDA:40,19,0,0
BRDA:40,19,1,0
BRDA:76,20,0,0
BRDA:76,20,1,0
BRDA:78,21,0,0
BRDA:78,21,1,0
BRDA:87,22,0,0
BRDA:87,22,1,0
BRDA:87,23,0,0
BRDA:87,23,1,0
BRDA:95,24,0,0
BRDA:95,24,1,0
BRDA:97,25,0,0
BRDA:97,25,1,0
BRDA:113,26,0,0
BRDA:113,26,1,0
BRDA:116,27,0,0
BRDA:116,27,1,0
BRDA:132,28,0,0
BRDA:132,28,1,0
BRDA:132,29,0,0
BRDA:132,29,1,0
BRF:63
BRH:0
end_of_record
TN:
SF:/Users/chenyutian0510/Documents/dev-js/chuangqi/react-cqtoolbox/components/autocomplete/index.js
FN:10,_interopRequireDefault
FNF:1
FNH:0
FNDA:0,_interopRequireDefault
DA:1,0
DA:2,0
DA:3,0
DA:4,0
DA:5,0
DA:6,0
DA:7,0
DA:8,0
DA:10,0
DA:11,0
DA:12,0
DA:14,0
DA:15,0
DA:17,0
LF:14
LH:0
BRDA:10,0,0,0
BRDA:10,0,1,0
BRDA:10,1,0,0
BRDA:10,1,1,0
BRF:4
BRH:0
end_of_record
TN:
SF:/Users/chenyutian0510/Documents/dev-js/chuangqi/react-cqtoolbox/components/badge/Badge.js
FN:1,(anonymous_0)
FN:1,defineProperties
FN:1,(anonymous_2)
FN:1,(anonymous_3)
FN:2,_interopRequireDefault
FN:2,_objectWithoutProperties
FN:2,_classCallCheck
FN:2,_possibleConstructorReturn
FN:2,_inherits
FN:12,badgeFactory
FN:21,(anonymous_10)
FN:22,(anonymous_11)
FN:22,BadgedComponent
FN:22,render
FNF:14
FNH:0
FNDA:0,(anonymous_0)
FNDA:0,defineProperties
FNDA:0,(anonymous_2)
FNDA:0,(anonymous_3)
FNDA:0,_interopRequireDefault
FNDA:0,_objectWithoutProperties
FNDA:0,_classCallCheck
FNDA:0,_possibleConstructorReturn
FNDA:0,_inherits
FNDA:0,badgeFactory
FNDA:0,(anonymous_10)
FNDA:0,(anonymous_11)
FNDA:0,BadgedComponent
FNDA:0,render
DA:1,0
DA:2,0
DA:4,0
DA:12,0
DA:19,0
DA:21,0
DA:22,0
DA:56,0
DA:58,0
DA:60,0
DA:61,0
DA:63,0
DA:64,0
DA:67,0
DA:68,0
DA:69,0
DA:72,0
DA:73,0
DA:75,0
DA:86,0
DA:89,0
DA:91,0
LF:22
LH:0
BRDA:1,0,0,0
BRDA:1,0,1,0
BRDA:1,1,0,0
BRDA:1,1,1,0
BRDA:1,2,0,0
BRDA:1,2,1,0
BRDA:1,3,0,0
BRDA:1,3,1,0
BRDA:1,4,0,0
BRDA:1,4,1,0
BRDA:1,5,0,0
BRDA:1,5,1,0
BRDA:2,6,0,0
BRDA:2,6,1,0
BRDA:2,7,0,0
BRDA:2,7,1,0
BRDA:2,8,0,0
BRDA:2,8,1,0
BRDA:2,9,0,0
BRDA:2,9,1,0
BRDA:2,10,0,0
BRDA:2,10,1,0
BRDA:2,11,0,0
BRDA:2,11,1,0
BRDA:2,12,0,0
BRDA:2,12,1,0
BRDA:2,13,0,0
BRDA:2,13,1,0
BRDA:2,13,2,0
BRDA:2,14,0,0
BRDA:2,14,1,0
BRDA:2,15,0,0
BRDA:2,15,1,0
BRDA:2,16,0,0
BRDA:2,16,1,0
BRDA:2,17,0,0
BRDA:2,17,1,0
BRDA:2,18,0,0
BRDA:2,18,1,0
BRDA:12,19,0,0
BRDA:12,19,1,0
BRDA:12,20,0,0
BRDA:12,20,1,0
BRDA:22,21,0,0
BRDA:22,21,1,0
BRDA:61,22,0,0
BRDA:61,22,1,0
BRDA:63,23,0,0
BRDA:63,23,1,0
BRDA:67,24,0,0
BRDA:67,24,1,0
BRDA:68,25,0,0
BRDA:68,25,1,0
BRDA:68,25,2,0
BRDA:69,26,0,0
BRDA:69,26,1,0
BRDA:69,26,2,0
BRDA:69,26,3,0
BRDA:72,27,0,0
BRDA:72,27,1,0
BRDA:73,28,0,0
BRDA:73,28,1,0
BRDA:80,29,0,0
BRDA:80,29,1,0
BRF:64
BRH:0
end_of_record
TN:
SF:/Users/chenyutian0510/Documents/dev-js/chuangqi/react-cqtoolbox/components/badge/index.js
FN:1,(anonymous_0)
FN:3,_interopRequireDefault
FN:5,themeBadgeFactory
FNF:3
FNH:0
FNDA:0,(anonymous_0)
FNDA:0,_interopRequireDefault
FNDA:0,themeBadgeFactory
DA:1,0
DA:2,0
DA:3,0
DA:5,0
DA:6,0
LF:5
LH:0
BRDA:1,0,0,0
BRDA:1,0,1,0
BRDA:1,1,0,0
BRDA:1,1,1,0
BRDA:3,2,0,0
BRDA:3,2,1,0
BRDA:3,3,0,0
BRDA:3,3,1,0
BRF:8
BRH:0
end_of_record
TN:
SF:/Users/chenyutian0510/Documents/dev-js/chuangqi/react-cqtoolbox/components/button/Button.js
FN:61,(anonymous_0)
FN:79,(anonymous_1)
FN:85,(anonymous_2)
FN:91,(anonymous_3)
FN:96,(anonymous_4)
FN:101,(anonymous_5)
FN:135,(anonymous_6)
FNF:7
FNH:5
FNDA:5,(anonymous_0)
FNDA:10,(anonymous_1)
FNDA:10,(anonymous_2)
FNDA:0,(anonymous_3)
FNDA:0,(anonymous_4)
FNDA:10,(anonymous_5)
FNDA:15,(anonymous_6)
DA:61,3
DA:80,10
DA:81,8
DA:82,7
DA:86,10
DA:87,8
DA:88,7
DA:92,0
DA:93,0
DA:97,0
DA:98,0
DA:121,10
DA:122,10
DA:123,10
DA:124,10
DA:126,10
DA:132,10
DA:135,15
DA:144,10
DA:152,5
DA:155,3
LF:21
LH:17
BRDA:80,0,0,2
BRDA:80,0,1,8
BRDA:81,1,0,1
BRDA:81,1,1,7
BRDA:86,2,0,2
BRDA:86,2,1,8
BRDA:87,3,0,1
BRDA:87,3,1,7
BRDA:93,4,0,0
BRDA:93,4,1,0
BRDA:98,5,0,0
BRDA:98,5,1,0
BRDA:122,6,0,0
BRDA:122,6,1,10
BRDA:140,7,0,10
BRDA:140,7,1,0
BRDA:145,8,0,1
BRDA:145,8,1,9
BRF:18
BRH:12
end_of_record
TN:
SF:/Users/chenyutian0510/Documents/dev-js/chuangqi/react-cqtoolbox/components/button/ButtonGroup.js
FN:20,(anonymous_0)
FN:22,(anonymous_1)
FN:30,(anonymous_2)
FN:33,(anonymous_3)
FN:41,(anonymous_4)
FNF:5
FNH:1
FNDA:2,(anonymous_0)
FNDA:0,(anonymous_1)
FNDA:0,(anonymous_2)
FNDA:0,(anonymous_3)
FNDA:0,(anonymous_4)
DA:20,2
DA:22,2
DA:31,0
DA:33,0
DA:34,0
DA:45,0
DA:47,0
DA:49,0
DA:57,2
LF:9
LH:3
BRDA:34,0,0,0
BRDA:34,0,1,0
BRF:2
BRH:0
end_of_record
TN:
SF:/Users/chenyutian0510/Documents/dev-js/chuangqi/react-cqtoolbox/components/button/index.js
FNF:0
FNH:0
DA:8,2
DA:9,2
DA:10,2
DA:12,2
LF:4
LH:4
BRF:0
BRH:0
end_of_record
TN:
SF:/Users/chenyutian0510/Documents/dev-js/chuangqi/react-cqtoolbox/components/checkbox/Check.js
FN:3,_interopRequireDefault
FN:3,_defineProperty
FN:5,factory
FN:6,Check
FNF:4
FNH:0
FNDA:0,_interopRequireDefault
FNDA:0,_defineProperty
FNDA:0,factory
FNDA:0,Check
DA:1,0
DA:2,0
DA:3,0
DA:5,0
DA:6,0
DA:17,0
DA:27,0
DA:28,0
LF:8
LH:0
BRDA:3,0,0,0
BRDA:3,0,1,0
BRDA:3,1,0,0
BRDA:3,1,1,0
BRDA:3,2,0,0
BRDA:3,2,1,0
BRF:6
BRH:0
end_of_record
TN:
SF:/Users/chenyutian0510/Documents/dev-js/chuangqi/react-cqtoolbox/components/checkbox/Checkbox.js
FN:1,(anonymous_0)
FN:1,(anonymous_1)
FN:1,defineProperties
FN:1,(anonymous_3)
FN:6,_interopRequireDefault
FN:6,_defineProperty
FN:6,_objectWithoutProperties
FN:6,_classCallCheck
FN:6,_possibleConstructorReturn
FN:6,_inherits
FN:8,factory
FN:9,(anonymous_11)
FN:9,Checkbox
FN:38,(anonymous_13)
FN:43,blur
FN:49,focus
FN:55,render
FN:77,onChange
FN:79,ref
FNF:19
FNH:0
FNDA:0,(anonymous_0)
FNDA:0,(anonymous_1)
FNDA:0,defineProperties
FNDA:0,(anonymous_3)
FNDA:0,_interopRequireDefault
FNDA:0,_defineProperty
FNDA:0,_objectWithoutProperties
FNDA:0,_classCallCheck
FNDA:0,_possibleConstructorReturn
FNDA:0,_inherits
FNDA:0,factory
FNDA:0,(anonymous_11)
FNDA:0,Checkbox
FNDA:0,(anonymous_13)
FNDA:0,blur
FNDA:0,focus
FNDA:0,render
FNDA:0,onChange
FNDA:0,ref
DA:1,0
DA:2,0
DA:3,0
DA:4,0
DA:5,0
DA:6,0
DA:8,0
DA:9,0
DA:39,0
DA:40,0
DA:41,0
DA:43,0
DA:46,0
DA:47,0
DA:52,0
DA:53,0
DA:57,0
DA:59,0
DA:60,0
DA:64,0
DA:79,0
DA:93,0
DA:96,0
DA:99,0
DA:100,0
DA:101,0
DA:102,0
LF:27
LH:0
BRDA:1,0,0,0
BRDA:1,0,1,0
BRDA:1,1,0,0
BRDA:1,1,1,0
BRDA:1,2,0,0
BRDA:1,2,1,0
BRDA:1,3,0,0
BRDA:1,3,1,0
BRDA:1,4,0,0
BRDA:1,4,1,0
BRDA:1,5,0,0
BRDA:1,5,1,0
BRDA:6,6,0,0
BRDA:6,6,1,0
BRDA:6,7,0,0
BRDA:6,7,1,0
BRDA:6,8,0,0
BRDA:6,8,1,0
BRDA:6,9,0,0
BRDA:6,9,1,0
BRDA:6,10,0,0
BRDA:6,10,1,0
BRDA:6,11,0,0
BRDA:6,11,1,0
BRDA:6,12,0,0
BRDA:6,12,1,0
BRDA:6,13,0,0
BRDA:6,13,1,0
BRDA:6,14,0,0
BRDA:6,14,1,0
BRDA:6,14,2,0
BRDA:6,15,0,0
BRDA:6,15,1,0
BRDA:6,16,0,0
BRDA:6,16,1,0
BRDA:6,17,0,0
BRDA:6,17,1,0
BRDA:6,18,0,0
BRDA:6,18,1,0
BRDA:6,19,0,0
BRDA:6,19,1,0
BRDA:9,20,0,0
BRDA:9,20,1,0
BRDA:39,21,0,0
BRDA:39,21,1,0
BRDA:39,22,0,0
BRDA:39,22,1,0
BRDA:40,23,0,0
BRDA:40,23,1,0
BRDA:40,24,0,0
BRDA:40,24,1,0
BRDA:46,25,0,0
BRDA:46,25,1,0
BRDA:52,26,0,0
BRDA:52,26,1,0
BRDA:89,27,0,0
BRDA:89,27,1,0
BRF:57
BRH:0
end_of_record
TN:
SF:/Users/chenyutian0510/Documents/dev-js/chuangqi/react-cqtoolbox/components/checkbox/index.js
FN:6,_interopRequireDefault
FNF:1
FNH:0
FNDA:0,_interopRequireDefault
DA:1,0
DA:2,0
DA:3,0
DA:4,0
DA:5,0
DA:6,0
DA:8,0
DA:9,0
DA:11,0
DA:12,0
LF:10
LH:0
BRDA:6,0,0,0
BRDA:6,0,1,0
BRDA:6,1,0,0
BRDA:6,1,1,0
BRF:4
BRH:0
end_of_record
TN:
SF:/Users/chenyutian0510/Documents/dev-js/chuangqi/react-cqtoolbox/components/date_select/DateRangeSelect.js
FN:1,(anonymous_0)
FN:1,defineProperties
FN:1,(anonymous_2)
FN:5,_interopRequireDefault
FN:5,_classCallCheck
FN:5,_possibleConstructorReturn
FN:5,_inherits
FN:12,factory
FN:13,(anonymous_8)
FN:37,DateRangeSelect
FN:56,componentWillReceiveProps
FN:70,render
FN:141,onChange
FN:141,_initialiseProps
FN:141,(anonymous_14)
FN:141,(anonymous_15)
FN:141,(anonymous_16)
FNF:17
FNH:0
FNDA:0,(anonymous_0)
FNDA:0,defineProperties
FNDA:0,(anonymous_2)
FNDA:0,_interopRequireDefault
FNDA:0,_classCallCheck
FNDA:0,_possibleConstructorReturn
FNDA:0,_inherits
FNDA:0,factory
FNDA:0,(anonymous_8)
FNDA:0,DateRangeSelect
FNDA:0,componentWillReceiveProps
FNDA:0,render
FNDA:0,onChange
FNDA:0,_initialiseProps
FNDA:0,(anonymous_14)
FNDA:0,(anonymous_15)
FNDA:0,(anonymous_16)
DA:1,0
DA:2,0
DA:3,0
DA:4,0
DA:5,0
DA:7,0
DA:12,0
DA:13,0
DA:37,0
DA:38,0
DA:40,0
DA:47,0
DA:53,0
DA:56,0
DA:59,0
DA:60,0
DA:63,0
DA:64,0
DA:67,0
DA:68,0
DA:124,0
DA:126,0
DA:127,0
DA:129,0
DA:141,0
DA:144,0
DA:145,0
LF:27
LH:0
BRDA:1,0,0,0
BRDA:1,0,1,0
BRDA:1,1,0,0
BRDA:1,1,1,0
BRDA:1,2,0,0
BRDA:1,2,1,0
BRDA:1,3,0,0
BRDA:1,3,1,0
BRDA:5,4,0,0
BRDA:5,4,1,0
BRDA:5,5,0,0
BRDA:5,5,1,0
BRDA:5,6,0,0
BRDA:5,6,1,0
BRDA:5,7,0,0
BRDA:5,7,1,0
BRDA:5,8,0,0
BRDA:5,8,1,0
BRDA:5,9,0,0
BRDA:5,9,1,0
BRDA:5,9,2,0
BRDA:5,10,0,0
BRDA:5,10,1,0
BRDA:5,11,0,0
BRDA:5,11,1,0
BRDA:5,12,0,0
BRDA:5,12,1,0
BRDA:5,13,0,0
BRDA:5,13,1,0
BRDA:5,14,0,0
BRDA:5,14,1,0
BRDA:37,15,0,0
BRDA:37,15,1,0
BRDA:42,16,0,0
BRDA:42,16,1,0
BRDA:43,17,0,0
BRDA:43,17,1,0
BRDA:59,18,0,0
BRDA:59,18,1,0
BRDA:63,19,0,0
BRDA:63,19,1,0
BRDA:67,20,0,0
BRDA:67,20,1,0
BRDA:141,21,0,0
BRDA:141,21,1,0
BRDA:141,22,0,0
BRDA:141,22,1,0
BRDA:141,23,0,0
BRDA:141,23,1,0
BRF:49
BRH:0
end_of_record
TN:
SF:/Users/chenyutian0510/Documents/dev-js/chuangqi/react-cqtoolbox/components/date_select/DateSelect.js
FN:1,(anonymous_0)
FN:1,defineProperties
FN:1,(anonymous_2)
FN:3,_interopRequireDefault
FN:3,_classCallCheck
FN:3,_possibleConstructorReturn
FN:3,_inherits
FN:10,factory
FN:11,(anonymous_8)
FN:29,DateSelect
FN:50,(anonymous_10)
FN:54,(anonymous_11)
FN:64,(anonymous_12)
FN:79,componentWillReceiveProps
FN:79,render
FN:98,onChange
FNF:16
FNH:0
FNDA:0,(anonymous_0)
FNDA:0,defineProperties
FNDA:0,(anonymous_2)
FNDA:0,_interopRequireDefault
FNDA:0,_classCallCheck
FNDA:0,_possibleConstructorReturn
FNDA:0,_inherits
FNDA:0,factory
FNDA:0,(anonymous_8)
FNDA:0,DateSelect
FNDA:0,(anonymous_10)
FNDA:0,(anonymous_11)
FNDA:0,(anonymous_12)
FNDA:0,componentWillReceiveProps
FNDA:0,render
FNDA:0,onChange
DA:1,0
DA:2,0
DA:3,0
DA:5,0
DA:10,0
DA:11,0
DA:29,0
DA:30,0
DA:51,0
DA:52,0
DA:55,0
DA:57,0
DA:58,0
DA:61,0
DA:62,0
DA:68,0
DA:70,0
DA:79,0
DA:82,0
DA:83,0
DA:84,0
DA:86,0
DA:98,0
DA:101,0
DA:102,0
LF:25
LH:0
BRDA:1,0,0,0
BRDA:1,0,1,0
BRDA:1,1,0,0
BRDA:1,1,1,0
BRDA:1,2,0,0
BRDA:1,2,1,0
BRDA:1,3,0,0
BRDA:1,3,1,0
BRDA:3,4,0,0
BRDA:3,4,1,0
BRDA:3,5,0,0
BRDA:3,5,1,0
BRDA:3,6,0,0
BRDA:3,6,1,0
BRDA:3,7,0,0
BRDA:3,7,1,0
BRDA:3,8,0,0
BRDA:3,8,1,0
BRDA:3,9,0,0
BRDA:3,9,1,0
BRDA:3,9,2,0
BRDA:3,10,0,0
BRDA:3,10,1,0
BRDA:3,11,0,0
BRDA:3,11,1,0
BRDA:3,12,0,0
BRDA:3,12,1,0
BRDA:3,13,0,0
BRDA:3,13,1,0
BRDA:3,14,0,0
BRDA:3,14,1,0
BRDA:29,15,0,0
BRDA:29,15,1,0
BRDA:57,16,0,0
BRDA:57,16,1,0
BRDA:77,17,0,0
BRDA:77,17,1,0
BRDA:79,18,0,0
BRDA:79,18,1,0
BRDA:79,19,0,0
BRDA:79,19,1,0
BRF:41
BRH:0
end_of_record
TN:
SF:/Users/chenyutian0510/Documents/dev-js/chuangqi/react-cqtoolbox/components/date_select/index.js
FN:6,_interopRequireDefault
FNF:1
FNH:0
FNDA:0,_interopRequireDefault
DA:1,0
DA:2,0
DA:3,0
DA:5,0
DA:6,0
DA:8,0
DA:9,0
DA:11,0
DA:12,0
LF:9
LH:0
BRDA:6,0,0,0
BRDA:6,0,1,0
BRDA:6,1,0,0
BRDA:6,1,1,0
BRF:4
BRH:0
end_of_record
TN:
SF:/Users/chenyutian0510/Documents/dev-js/chuangqi/react-cqtoolbox/components/date_select/ranges.js
FN:3,startDate
FN:6,endDate
FN:11,startDate
FN:14,endDate
FN:19,startDate
FN:22,endDate
FN:27,startDate
FN:30,endDate
FN:35,startDate
FN:38,endDate
FN:43,startDate
FN:46,endDate
FNF:12
FNH:0
FNDA:0,startDate
FNDA:0,endDate
FNDA:0,startDate
FNDA:0,endDate
FNDA:0,startDate
FNDA:0,endDate
FNDA:0,startDate
FNDA:0,endDate
FNDA:0,startDate
FNDA:0,endDate
FNDA:0,startDate
FNDA:0,endDate
DA:1,0
DA:4,0
DA:7,0
DA:12,0
DA:15,0
DA:20,0
DA:23,0
DA:28,0
DA:31,0
DA:36,0
DA:39,0
DA:44,0
DA:47,0
LF:13
LH:0
BRF:0
BRH:0
end_of_record
TN:
SF:/Users/chenyutian0510/Documents/dev-js/chuangqi/react-cqtoolbox/components/decorator/activableRenderer.js
FN:3,(anonymous_0)
FN:4,(anonymous_1)
FN:20,(anonymous_2)
FN:24,(anonymous_3)
FN:29,(anonymous_4)
FN:34,(anonymous_5)
FN:36,(anonymous_6)
FN:37,(anonymous_7)
FN:41,(anonymous_8)
FN:42,(anonymous_9)
FN:43,(anonymous_10)
FN:50,(anonymous_11)
FNF:12
FNH:7
FNDA:2,(anonymous_0)
FNDA:2,(anonymous_1)
FNDA:2,(anonymous_2)
FNDA:0,(anonymous_3)
FNDA:2,(anonymous_4)
FNDA:2,(anonymous_5)
FNDA:2,(anonymous_6)
FNDA:0,(anonymous_7)
FNDA:0,(anonymous_8)
FNDA:0,(anonymous_9)
FNDA:0,(anonymous_10)
FNDA:2,(anonymous_11)
DA:3,1
DA:4,2
DA:21,2
DA:25,0
DA:26,0
DA:30,2
DA:31,2
DA:35,2
DA:36,2
DA:37,2
DA:42,0
DA:43,0
DA:44,0
DA:45,0
DA:51,2
DA:52,2
DA:54,2
LF:17
LH:11
BRDA:3,0,0,2
BRDA:21,1,0,2
BRDA:21,1,1,0
BRDA:25,2,0,0
BRDA:25,2,1,0
BRDA:25,3,0,0
BRDA:25,3,1,0
BRDA:26,4,0,0
BRDA:26,4,1,0
BRDA:26,5,0,0
BRDA:26,5,1,0
BRDA:35,6,0,0
BRDA:35,6,1,2
BRDA:54,7,0,2
BRDA:54,7,1,0
BRF:15
BRH:4
end_of_record
TN:
SF:/Users/chenyutian0510/Documents/dev-js/chuangqi/react-cqtoolbox/components/decorator/pureRender.js
FN:2,shallowEqual
FN:9,(anonymous_1)
FN:14,PureRender
FN:15,(anonymous_3)
FN:22,(anonymous_4)
FNF:5
FNH:5
FNDA:9,shallowEqual
FNDA:25,(anonymous_1)
FNDA:3,PureRender
FNDA:9,(anonymous_3)
FNDA:9,(anonymous_4)
DA:3,9
DA:4,9
DA:5,9
DA:7,9
DA:9,9
DA:10,25
DA:15,3
DA:16,9
DA:19,3
DA:22,2
DA:23,9
LF:11
LH:11
BRDA:3,0,0,0
BRDA:3,0,1,9
BRDA:7,1,0,0
BRDA:7,1,1,9
BRDA:10,2,0,25
BRDA:10,2,1,25
BRDA:23,3,0,9
BRDA:23,3,1,0
BRF:8
BRH:5
end_of_record
TN:
SF:/Users/chenyutian0510/Documents/dev-js/chuangqi/react-cqtoolbox/components/dialog/Dialog.js
FN:8,(anonymous_0)
FN:41,(anonymous_1)
FN:52,(anonymous_2)
FNF:3
FNH:2
FNDA:2,(anonymous_0)
FNDA:2,(anonymous_1)
FNDA:0,(anonymous_2)
DA:8,1
DA:50,2
DA:52,2
DA:53,0
DA:54,0
DA:57,2
DA:61,2
DA:84,2
DA:87,1
LF:9
LH:7
BRDA:70,0,0,0
BRDA:70,0,1,2
BRDA:73,1,0,0
BRDA:73,1,1,2
BRF:4
BRH:2
end_of_record
TN:
SF:/Users/chenyutian0510/Documents/dev-js/chuangqi/react-cqtoolbox/components/dialog/confirm.js
FN:17,(anonymous_0)
FN:19,confirm
FN:25,(anonymous_2)
FN:32,(anonymous_3)
FN:39,(anonymous_4)
FNF:5
FNH:5
FNDA:4,(anonymous_0)
FNDA:2,confirm
FNDA:2,(anonymous_2)
FNDA:1,(anonymous_3)
FNDA:1,(anonymous_4)
DA:9,1
DA:17,1
DA:20,2
DA:22,2
DA:23,2
DA:25,2
DA:26,2
DA:27,2
DA:28,2
DA:32,2
DA:33,1
DA:34,1
DA:35,1
DA:39,2
DA:40,1
DA:41,1
DA:42,1
DA:47,2
DA:55,2
DA:72,2
DA:74,2
DA:87,4
LF:22
LH:22
BRDA:27,0,0,2
BRDA:27,0,1,0
BRDA:27,1,0,2
BRDA:27,1,1,2
BRDA:34,2,0,1
BRDA:34,2,1,0
BRDA:41,3,0,1
BRDA:41,3,1,0
BRDA:49,4,0,2
BRDA:49,4,1,0
BRDA:50,5,0,2
BRDA:50,5,1,2
BRDA:56,6,0,2
BRDA:56,6,1,2
BRDA:64,7,0,2
BRDA:64,7,1,2
BRF:16
BRH:12
end_of_record
TN:
SF:/Users/chenyutian0510/Documents/dev-js/chuangqi/react-cqtoolbox/components/dialog/index.js
FNF:0
FNH:0
DA:11,1
DA:12,1
DA:14,1
DA:20,1
DA:25,1
DA:30,1
DA:35,1
DA:36,1
DA:37,1
DA:38,1
LF:10
LH:10
BRF:0
BRH:0
end_of_record
TN:
SF:/Users/chenyutian0510/Documents/dev-js/chuangqi/react-cqtoolbox/components/font_icon/CaretDown.js
FN:3,(anonymous_0)
FNF:1
FNH:1
FNDA:7,(anonymous_0)
DA:3,4
DA:4,7
LF:2
LH:2
BRF:0
BRH:0
end_of_record
TN:
SF:/Users/chenyutian0510/Documents/dev-js/chuangqi/react-cqtoolbox/components/font_icon/FontIcon.js
FN:7,(anonymous_0)
FN:40,(anonymous_1)
FN:41,(anonymous_2)
FNF:3
FNH:3
FNDA:10,(anonymous_0)
FNDA:4,(anonymous_1)
FNDA:7,(anonymous_2)
DA:7,4
DA:8,10
DA:22,4
DA:31,4
DA:38,4
DA:40,4
DA:41,4
DA:42,7
LF:8
LH:8
BRF:0
BRH:0
end_of_record
TN:
SF:/Users/chenyutian0510/Documents/dev-js/chuangqi/react-cqtoolbox/components/font_icon/index.js
FNF:0
FNH:0
DA:5,4
DA:10,4
LF:2
LH:2
BRF:0
BRH:0
end_of_record
TN:
SF:/Users/chenyutian0510/Documents/dev-js/chuangqi/react-cqtoolbox/components/form/Form.js
FNF:0
FNH:0
LF:0
LH:0
BRF:0
BRH:0
end_of_record
TN:
SF:/Users/chenyutian0510/Documents/dev-js/chuangqi/react-cqtoolbox/components/form/FormItem.js
FN:1,(anonymous_0)
FN:1,defineProperties
FN:1,(anonymous_2)
FN:2,_interopRequireDefault
FN:2,_defineProperty
FN:2,_classCallCheck
FN:2,_possibleConstructorReturn
FN:2,_inherits
FN:4,factory
FN:6,isInput
FN:8,(anonymous_10)
FN:8,FormItem
FN:23,(anonymous_12)
FN:27,render
FNF:14
FNH:0
FNDA:0,(anonymous_0)
FNDA:0,defineProperties
FNDA:0,(anonymous_2)
FNDA:0,_interopRequireDefault
FNDA:0,_defineProperty
FNDA:0,_classCallCheck
FNDA:0,_possibleConstructorReturn
FNDA:0,_inherits
FNDA:0,factory
FNDA:0,isInput
FNDA:0,(anonymous_10)
FNDA:0,FormItem
FNDA:0,(anonymous_12)
FNDA:0,render
DA:1,0
DA:2,0
DA:4,0
DA:6,0
DA:8,0
DA:24,0
DA:26,0
DA:27,0
DA:30,0
DA:32,0
DA:34,0
DA:39,0
DA:46,0
DA:49,0
DA:50,0
LF:15
LH:0
BRDA:1,0,0,0
BRDA:1,0,1,0
BRDA:1,1,0,0
BRDA:1,1,1,0
BRDA:1,2,0,0
BRDA:1,2,1,0
BRDA:1,3,0,0
BRDA:1,3,1,0
BRDA:2,4,0,0
BRDA:2,4,1,0
BRDA:2,5,0,0
BRDA:2,5,1,0
BRDA:2,6,0,0
BRDA:2,6,1,0
BRDA:2,7,0,0
BRDA:2,7,1,0
BRDA:2,8,0,0
BRDA:2,8,1,0
BRDA:2,9,0,0
BRDA:2,9,1,0
BRDA:2,10,0,0
BRDA:2,10,1,0
BRDA:2,10,2,0
BRDA:2,11,0,0
BRDA:2,11,1,0
BRDA:2,12,0,0
BRDA:2,12,1,0
BRDA:2,13,0,0
BRDA:2,13,1,0
BRDA:2,14,0,0
BRDA:2,14,1,0
BRDA:2,15,0,0
BRDA:2,15,1,0
BRDA:8,16,0,0
BRDA:8,16,1,0
BRDA:43,17,0,0
BRDA:43,17,1,0
BRF:37
BRH:0
end_of_record
TN:
SF:/Users/chenyutian0510/Documents/dev-js/chuangqi/react-cqtoolbox/components/form/index.js
FN:5,_interopRequireDefault
FNF:1
FNH:0
FNDA:0,_interopRequireDefault
DA:1,0
DA:2,0
DA:3,0
DA:4,0
DA:5,0
DA:6,0
DA:8,0
LF:7
LH:0
BRDA:5,0,0,0
BRDA:5,0,1,0
BRDA:5,1,0,0
BRDA:5,1,1,0
BRF:4
BRH:0
end_of_record
TN:
SF:/Users/chenyutian0510/Documents/dev-js/chuangqi/react-cqtoolbox/components/input/Input.js
FN:1,(anonymous_0)
FN:1,(anonymous_1)
FN:1,defineProperties
FN:1,(anonymous_3)
FN:2,_interopRequireDefault
FN:2,_objectWithoutProperties
FN:2,_classCallCheck
FN:2,_possibleConstructorReturn
FN:2,_inherits
FN:4,factory
FN:5,(anonymous_10)
FN:5,Input
FN:39,(anonymous_12)
FN:44,render
FN:102,onPrefixClick
FN:102,onSuffixClick
FNF:16
FNH:0
FNDA:0,(anonymous_0)
FNDA:0,(anonymous_1)
FNDA:0,defineProperties
FNDA:0,(anonymous_3)
FNDA:0,_interopRequireDefault
FNDA:0,_objectWithoutProperties
FNDA:0,_classCallCheck
FNDA:0,_possibleConstructorReturn
FNDA:0,_inherits
FNDA:0,factory
FNDA:0,(anonymous_10)
FNDA:0,Input
FNDA:0,(anonymous_12)
FNDA:0,render
FNDA:0,onPrefixClick
FNDA:0,onSuffixClick
DA:1,0
DA:2,0
DA:4,0
DA:5,0
DA:40,0
DA:41,0
DA:42,0
DA:44,0
DA:57,0
DA:60,0
DA:61,0
DA:63,0
DA:72,0
DA:74,0
DA:81,0
DA:88,0
DA:102,0
DA:105,0
DA:106,0
LF:19
LH:0
BRDA:1,0,0,0
BRDA:1,0,1,0
BRDA:1,1,0,0
BRDA:1,1,1,0
BRDA:1,2,0,0
BRDA:1,2,1,0
BRDA:1,3,0,0
BRDA:1,3,1,0
BRDA:1,4,0,0
BRDA:1,4,1,0
BRDA:1,5,0,0
BRDA:1,5,1,0
BRDA:2,6,0,0
BRDA:2,6,1,0
BRDA:2,7,0,0
BRDA:2,7,1,0
BRDA:2,8,0,0
BRDA:2,8,1,0
BRDA:2,9,0,0
BRDA:2,9,1,0
BRDA:2,10,0,0
BRDA:2,10,1,0
BRDA:2,11,0,0
BRDA:2,11,1,0
BRDA:2,12,0,0
BRDA:2,12,1,0
BRDA:2,13,0,0
BRDA:2,13,1,0
BRDA:2,13,2,0
BRDA:2,14,0,0
BRDA:2,14,1,0
BRDA:2,15,0,0
BRDA:2,15,1,0
BRDA:2,16,0,0
BRDA:2,16,1,0
BRDA:2,17,0,0
BRDA:2,17,1,0
BRDA:2,18,0,0
BRDA:2,18,1,0
BRDA:5,19,0,0
BRDA:5,19,1,0
BRDA:41,20,0,0
BRDA:41,20,1,0
BRDA:60,21,0,0
BRDA:60,21,1,0
BRDA:74,22,0,0
BRDA:74,22,1,0
BRDA:81,23,0,0
BRDA:81,23,1,0
BRF:49
BRH:0
end_of_record
TN:
SF:/Users/chenyutian0510/Documents/dev-js/chuangqi/react-cqtoolbox/components/input/index.js
FN:5,_interopRequireDefault
FNF:1
FNH:0
FNDA:0,_interopRequireDefault
DA:1,0
DA:2,0
DA:3,0
DA:4,0
DA:5,0
DA:6,0
DA:7,0
DA:9,0
LF:8
LH:0
BRDA:5,0,0,0
BRDA:5,0,1,0
BRDA:5,1,0,0
BRDA:5,1,1,0
BRF:4
BRH:0
end_of_record
TN:
SF:/Users/chenyutian0510/Documents/dev-js/chuangqi/react-cqtoolbox/components/input_group/InputGroup.js
FN:1,(anonymous_0)
FN:1,defineProperties
FN:1,(anonymous_2)
FN:3,_interopRequireDefault
FN:3,_classCallCheck
FN:3,_possibleConstructorReturn
FN:3,_inherits
FN:5,factory
FN:7,isSelect
FN:8,isInput
FN:9,isButton
FN:11,(anonymous_11)
FN:11,InputGroup
FN:30,(anonymous_13)
FN:31,(anonymous_14)
FN:36,render
FNF:16
FNH:0
FNDA:0,(anonymous_0)
FNDA:0,defineProperties
FNDA:0,(anonymous_2)
FNDA:0,_interopRequireDefault
FNDA:0,_classCallCheck
FNDA:0,_possibleConstructorReturn
FNDA:0,_inherits
FNDA:0,factory
FNDA:0,isSelect
FNDA:0,isInput
FNDA:0,isButton
FNDA:0,(anonymous_11)
FNDA:0,InputGroup
FNDA:0,(anonymous_13)
FNDA:0,(anonymous_14)
FNDA:0,render
DA:1,0
DA:2,0
DA:3,0
DA:5,0
DA:7,0
DA:8,0
DA:9,0
DA:11,0
DA:31,0
DA:36,0
DA:44,0
DA:46,0
DA:48,0
DA:53,0
DA:56,0
DA:57,0
LF:16
LH:0
BRDA:1,0,0,0
BRDA:1,0,1,0
BRDA:1,1,0,0
BRDA:1,1,1,0
BRDA:1,2,0,0
BRDA:1,2,1,0
BRDA:1,3,0,0
BRDA:1,3,1,0
BRDA:3,4,0,0
BRDA:3,4,1,0
BRDA:3,5,0,0
BRDA:3,5,1,0
BRDA:3,6,0,0
BRDA:3,6,1,0
BRDA:3,7,0,0
BRDA:3,7,1,0
BRDA:3,8,0,0
BRDA:3,8,1,0
BRDA:3,9,0,0
BRDA:3,9,1,0
BRDA:3,9,2,0
BRDA:3,10,0,0
BRDA:3,10,1,0
BRDA:3,11,0,0
BRDA:3,11,1,0
BRDA:3,12,0,0
BRDA:3,12,1,0
BRDA:3,13,0,0
BRDA:3,13,1,0
BRDA:3,14,0,0
BRDA:3,14,1,0
BRDA:11,15,0,0
BRDA:11,15,1,0
BRDA:32,16,0,0
BRDA:32,16,1,0
BRF:35
BRH:0
end_of_record
TN:
SF:/Users/chenyutian0510/Documents/dev-js/chuangqi/react-cqtoolbox/components/input_group/index.js
FN:7,_interopRequireDefault
FNF:1
FNH:0
FNDA:0,_interopRequireDefault
DA:1,0
DA:2,0
DA:3,0
DA:4,0
DA:5,0
DA:6,0
DA:7,0
DA:9,0
DA:11,0
LF:9
LH:0
BRDA:7,0,0,0
BRDA:7,0,1,0
BRDA:7,1,0,0
BRDA:7,1,1,0
BRF:4
BRH:0
end_of_record
TN:
SF:/Users/chenyutian0510/Documents/dev-js/chuangqi/react-cqtoolbox/components/layout/Basic.js
FN:1,(anonymous_0)
FN:1,(anonymous_1)
FN:1,defineProperties
FN:1,(anonymous_3)
FN:2,_interopRequireDefault
FN:2,_defineProperty
FN:2,_objectWithoutProperties
FN:2,_classCallCheck
FN:2,_possibleConstructorReturn
FN:2,_inherits
FN:4,factory
FN:5,(anonymous_11)
FN:5,Basic
FN:5,render
FNF:14
FNH:0
FNDA:0,(anonymous_0)
FNDA:0,(anonymous_1)
FNDA:0,defineProperties
FNDA:0,(anonymous_3)
FNDA:0,_interopRequireDefault
FNDA:0,_defineProperty
FNDA:0,_objectWithoutProperties
FNDA:0,_classCallCheck
FNDA:0,_possibleConstructorReturn
FNDA:0,_inherits
FNDA:0,factory
FNDA:0,(anonymous_11)
FNDA:0,Basic
FNDA:0,render
DA:1,0
DA:2,0
DA:4,0
DA:5,0
DA:29,0
DA:31,0
DA:35,0
DA:38,0
DA:41,0
DA:42,0
LF:10
LH:0
BRDA:1,0,0,0
BRDA:1,0,1,0
BRDA:1,1,0,0
BRDA:1,1,1,0
BRDA:1,2,0,0
BRDA:1,2,1,0
BRDA:1,3,0,0
BRDA:1,3,1,0
BRDA:1,4,0,0
BRDA:1,4,1,0
BRDA:1,5,0,0
BRDA:1,5,1,0
BRDA:2,6,0,0
BRDA:2,6,1,0
BRDA:2,7,0,0
BRDA:2,7,1,0
BRDA:2,8,0,0
BRDA:2,8,1,0
BRDA:2,9,0,0
BRDA:2,9,1,0
BRDA:2,10,0,0
BRDA:2,10,1,0
BRDA:2,11,0,0
BRDA:2,11,1,0
BRDA:2,12,0,0
BRDA:2,12,1,0
BRDA:2,13,0,0
BRDA:2,13,1,0
BRDA:2,14,0,0
BRDA:2,14,1,0
BRDA:2,14,2,0
BRDA:2,15,0,0
BRDA:2,15,1,0
BRDA:2,16,0,0
BRDA:2,16,1,0
BRDA:2,17,0,0
BRDA:2,17,1,0
BRDA:2,18,0,0
BRDA:2,18,1,0
BRDA:2,19,0,0
BRDA:2,19,1,0
BRDA:5,20,0,0
BRDA:5,20,1,0
BRF:43
BRH:0
end_of_record
TN:
SF:/Users/chenyutian0510/Documents/dev-js/chuangqi/react-cqtoolbox/components/layout/Sider.js
FN:1,(anonymous_0)
FN:1,(anonymous_1)
FN:1,defineProperties
FN:1,(anonymous_3)
FN:3,_interopRequireDefault
FN:3,_defineProperty
FN:3,_objectWithoutProperties
FN:3,_classCallCheck
FN:3,_possibleConstructorReturn
FN:3,_inherits
FN:5,(anonymous_10)
FN:30,Sider
FN:43,componentWillReceiveProps
FN:51,render
FN:110,_initialiseProps
FN:110,(anonymous_15)
FN:110,(anonymous_16)
FNF:17
FNH:0
FNDA:0,(anonymous_0)
FNDA:0,(anonymous_1)
FNDA:0,defineProperties
FNDA:0,(anonymous_3)
FNDA:0,_interopRequireDefault
FNDA:0,_defineProperty
FNDA:0,_objectWithoutProperties
FNDA:0,_classCallCheck
FNDA:0,_possibleConstructorReturn
FNDA:0,_inherits
FNDA:0,(anonymous_10)
FNDA:0,Sider
FNDA:0,componentWillReceiveProps
FNDA:0,render
FNDA:0,_initialiseProps
FNDA:0,(anonymous_15)
FNDA:0,(anonymous_16)
DA:1,0
DA:2,0
DA:3,0
DA:5,0
DA:30,0
DA:31,0
DA:33,0
DA:34,0
DA:35,0
DA:37,0
DA:40,0
DA:41,0
DA:43,0
DA:46,0
DA:47,0
DA:82,0
DA:84,0
DA:86,0
DA:88,0
DA:92,0
DA:97,0
DA:110,0
LF:22
LH:0
BRDA:1,0,0,0
BRDA:1,0,1,0
BRDA:1,1,0,0
BRDA:1,1,1,0
BRDA:1,2,0,0
BRDA:1,2,1,0
BRDA:1,3,0,0
BRDA:1,3,1,0
BRDA:1,4,0,0
BRDA:1,4,1,0
BRDA:1,5,0,0
BRDA:1,5,1,0
BRDA:3,6,0,0
BRDA:3,6,1,0
BRDA:3,7,0,0
BRDA:3,7,1,0
BRDA:3,8,0,0
BRDA:3,8,1,0
BRDA:3,9,0,0
BRDA:3,9,1,0
BRDA:3,10,0,0
BRDA:3,10,1,0
BRDA:3,11,0,0
BRDA:3,11,1,0
BRDA:3,12,0,0
BRDA:3,12,1,0
BRDA:3,13,0,0
BRDA:3,13,1,0
BRDA:3,14,0,0
BRDA:3,14,1,0
BRDA:3,14,2,0
BRDA:3,15,0,0
BRDA:3,15,1,0
BRDA:3,16,0,0
BRDA:3,16,1,0
BRDA:3,17,0,0
BRDA:3,17,1,0
BRDA:3,18,0,0
BRDA:3,18,1,0
BRDA:3,19,0,0
BRDA:3,19,1,0
BRDA:30,20,0,0
BRDA:30,20,1,0
BRDA:34,21,0,0
BRDA:34,21,1,0
BRDA:46,22,0,0
BRDA:46,22,1,0
BRDA:86,23,0,0
BRDA:86,23,1,0
BRDA:102,24,0,0
BRDA:102,24,1,0
BRDA:106,25,0,0
BRDA:106,25,1,0
BRDA:110,26,0,0
BRDA:110,26,1,0
BRDA:110,27,0,0
BRDA:110,27,1,0
BRF:57
BRH:0
end_of_record
TN:
SF:/Users/chenyutian0510/Documents/dev-js/chuangqi/react-cqtoolbox/components/layout/index.js
FN:5,_interopRequireDefault
FN:7,applyTheme
FNF:2
FNH:0
FNDA:0,_interopRequireDefault
FNDA:0,applyTheme
DA:1,0
DA:2,0
DA:3,0
DA:4,0
DA:5,0
DA:7,0
DA:9,0
DA:10,0
DA:11,0
DA:12,0
DA:13,0
DA:15,0
DA:16,0
DA:17,0
DA:18,0
DA:19,0
LF:16
LH:0
BRDA:5,0,0,0
BRDA:5,0,1,0
BRDA:5,1,0,0
BRDA:5,1,1,0
BRF:4
BRH:0
end_of_record
TN:
SF:/Users/chenyutian0510/Documents/dev-js/chuangqi/react-cqtoolbox/components/lazy_image/LazyImage.js
FN:1,(anonymous_0)
FN:1,(anonymous_1)
FN:1,defineProperties
FN:1,(anonymous_3)
FN:5,_interopRequireDefault
FN:5,_defineProperty
FN:5,_objectWithoutProperties
FN:5,_classCallCheck
FN:5,_possibleConstructorReturn
FN:5,_inherits
FN:10,loadImage
FN:13,(anonymous_11)
FN:23,pendImages
FN:24,(anonymous_13)
FN:26,(anonymous_14)
FN:33,lazyImageHandler
FN:37,(anonymous_16)
FN:56,(anonymous_17)
FN:74,LazyImage
FN:80,componentDidMount
FN:95,componentWillUnmount
FN:106,render
FNF:22
FNH:0
FNDA:0,(anonymous_0)
FNDA:0,(anonymous_1)
FNDA:0,defineProperties
FNDA:0,(anonymous_3)
FNDA:0,_interopRequireDefault
FNDA:0,_defineProperty
FNDA:0,_objectWithoutProperties
FNDA:0,_classCallCheck
FNDA:0,_possibleConstructorReturn
FNDA:0,_inherits
FNDA:0,loadImage
FNDA:0,(anonymous_11)
FNDA:0,pendImages
FNDA:0,(anonymous_13)
FNDA:0,(anonymous_14)
FNDA:0,lazyImageHandler
FNDA:0,(anonymous_16)
FNDA:0,(anonymous_17)
FNDA:0,LazyImage
FNDA:0,componentDidMount
FNDA:0,componentWillUnmount
FNDA:0,render
DA:1,0
DA:2,0
DA:3,0
DA:4,0
DA:5,0
DA:7,0
DA:8,0
DA:10,0
DA:11,0
DA:13,0
DA:14,0
DA:15,0
DA:18,0
DA:20,0
DA:23,0
DA:24,0
DA:25,0
DA:27,0
DA:33,0
DA:35,0
DA:37,0
DA:38,0
DA:39,0
DA:40,0
DA:41,0
DA:44,0
DA:47,0
DA:48,0
DA:49,0
DA:52,0
DA:56,0
DA:74,0
DA:77,0
DA:78,0
DA:80,0
DA:85,0
DA:87,0
DA:88,0
DA:91,0
DA:92,0
DA:93,0
DA:98,0
DA:99,0
DA:100,0
DA:103,0
DA:104,0
DA:119,0
DA:123,0
DA:125,0
DA:129,0
DA:131,0
DA:137,0
DA:138,0
DA:141,0
DA:148,0
LF:55
LH:0
BRDA:1,0,0,0
BRDA:1,0,1,0
BRDA:1,1,0,0
BRDA:1,1,1,0
BRDA:1,2,0,0
BRDA:1,2,1,0
BRDA:1,3,0,0
BRDA:1,3,1,0
BRDA:1,4,0,0
BRDA:1,4,1,0
BRDA:1,5,0,0
BRDA:1,5,1,0
BRDA:5,6,0,0
BRDA:5,6,1,0
BRDA:5,7,0,0
BRDA:5,7,1,0
BRDA:5,8,0,0
BRDA:5,8,1,0
BRDA:5,9,0,0
BRDA:5,9,1,0
BRDA:5,10,0,0
BRDA:5,10,1,0
BRDA:5,11,0,0
BRDA:5,11,1,0
BRDA:5,12,0,0
BRDA:5,12,1,0
BRDA:5,13,0,0
BRDA:5,13,1,0
BRDA:5,14,0,0
BRDA:5,14,1,0
BRDA:5,14,2,0
BRDA:5,15,0,0
BRDA:5,15,1,0
BRDA:5,16,0,0
BRDA:5,16,1,0
BRDA:5,17,0,0
BRDA:5,17,1,0
BRDA:5,18,0,0
BRDA:5,18,1,0
BRDA:5,19,0,0
BRDA:5,19,1,0
BRDA:39,20,0,0
BRDA:39,20,1,0
BRDA:47,21,0,0
BRDA:47,21,1,0
BRDA:74,22,0,0
BRDA:74,22,1,0
BRDA:87,23,0,0
BRDA:87,23,1,0
BRDA:91,24,0,0
BRDA:91,24,1,0
BRDA:91,25,0,0
BRDA:91,25,1,0
BRDA:99,26,0,0
BRDA:99,26,1,0
BRDA:103,27,0,0
BRDA:103,27,1,0
BRDA:137,28,0,0
BRDA:137,28,1,0
BRDA:137,29,0,0
BRDA:137,29,1,0
BRDA:144,30,0,0
BRDA:144,30,1,0
BRF:63
BRH:0
end_of_record
TN:
SF:/Users/chenyutian0510/Documents/dev-js/chuangqi/react-cqtoolbox/components/lazy_image/index.js
FN:4,_interopRequireDefault
FNF:1
FNH:0
FNDA:0,_interopRequireDefault
DA:1,0
DA:2,0
DA:3,0
DA:4,0
DA:6,0
DA:8,0
LF:6
LH:0
BRDA:4,0,0,0
BRDA:4,0,1,0
BRDA:4,1,0,0
BRDA:4,1,1,0
BRF:4
BRH:0
end_of_record
TN:
SF:/Users/chenyutian0510/Documents/dev-js/chuangqi/react-cqtoolbox/components/loader/Loader.js
FN:1,_interopRequireDefault
FN:3,Loader
FNF:2
FNH:0
FNDA:0,_interopRequireDefault
FNDA:0,Loader
DA:1,0
DA:3,0
DA:10,0
LF:3
LH:0
BRDA:1,0,0,0
BRDA:1,0,1,0
BRDA:1,1,0,0
BRDA:1,1,1,0
BRF:4
BRH:0
end_of_record
TN:
SF:/Users/chenyutian0510/Documents/dev-js/chuangqi/react-cqtoolbox/components/loader/index.js
FN:4,_interopRequireDefault
FNF:1
FNH:0
FNDA:0,_interopRequireDefault
DA:1,0
DA:2,0
DA:3,0
DA:4,0
DA:6,0
DA:8,0
LF:6
LH:0
BRDA:4,0,0,0
BRDA:4,0,1,0
BRDA:4,1,0,0
BRDA:4,1,1,0
BRF:4
BRH:0
end_of_record
TN:
SF:/Users/chenyutian0510/Documents/dev-js/chuangqi/react-cqtoolbox/components/menu/Menu.js
FN:22,(anonymous_0)
FN:34,(anonymous_1)
FNF:2
FNH:2
FNDA:20,(anonymous_0)
FNDA:5,(anonymous_1)
DA:23,20
DA:24,0
DA:27,20
DA:31,20
DA:41,5
DA:43,5
DA:45,5
LF:7
LH:6
BRDA:23,0,0,0
BRDA:23,0,1,20
BRF:2
BRH:1
end_of_record
TN:
SF:/Users/chenyutian0510/Documents/dev-js/chuangqi/react-cqtoolbox/components/menu/MenuItem.js
FN:5,(anonymous_0)
FN:30,(anonymous_1)
FN:36,(anonymous_2)
FNF:3
FNH:3
FNDA:1,(anonymous_0)
FNDA:2,(anonymous_1)
FNDA:20,(anonymous_2)
DA:5,1
DA:31,2
DA:32,2
DA:45,20
DA:46,20
DA:51,20
DA:64,1
LF:7
LH:7
BRDA:31,0,0,2
BRDA:31,0,1,0
BRDA:31,1,0,2
BRDA:31,1,1,2
BRDA:57,2,0,20
BRDA:57,2,1,0
BRDA:58,3,0,20
BRDA:58,3,1,20
BRF:8
BRH:6
end_of_record
TN:
SF:/Users/chenyutian0510/Documents/dev-js/chuangqi/react-cqtoolbox/components/menu/SubMenu.js
FN:6,(anonymous_0)
FN:38,(anonymous_1)
FN:44,(anonymous_2)
FN:48,(anonymous_3)
FN:55,(anonymous_4)
FN:66,(anonymous_5)
FN:73,(anonymous_6)
FN:75,(anonymous_7)
FN:82,(anonymous_8)
FNF:9
FNH:1
FNDA:1,(anonymous_0)
FNDA:0,(anonymous_1)
FNDA:0,(anonymous_2)
FNDA:0,(anonymous_3)
FNDA:0,(anonymous_4)
FNDA:0,(anonymous_5)
FNDA:0,(anonymous_6)
FNDA:0,(anonymous_7)
FNDA:0,(anonymous_8)
DA:6,1
DA:39,0
DA:40,0
DA:45,0
DA:49,0
DA:50,0
DA:51,0
DA:56,0
DA:57,0
DA:58,0
DA:61,0
DA:62,0
DA:67,0
DA:68,0
DA:69,0
DA:74,0
DA:75,0
DA:76,0
DA:77,0
DA:92,0
DA:94,0
DA:96,0
DA:98,0
DA:100,0
DA:101,0
DA:108,0
DA:111,0
DA:140,1
LF:28
LH:2
BRDA:39,0,0,0
BRDA:39,0,1,0
BRDA:49,1,0,0
BRDA:49,1,1,0
BRDA:56,2,0,0
BRDA:56,2,1,0
BRDA:61,3,0,0
BRDA:61,3,1,0
BRDA:67,4,0,0
BRDA:67,4,1,0
BRDA:74,5,0,0
BRDA:74,5,1,0
BRDA:100,6,0,0
BRDA:100,6,1,0
BRDA:100,7,0,0
BRDA:100,7,1,0
BRDA:108,8,0,0
BRDA:108,8,1,0
BRDA:129,9,0,0
BRDA:129,9,1,0
BRF:20
BRH:0
end_of_record
TN:
SF:/Users/chenyutian0510/Documents/dev-js/chuangqi/react-cqtoolbox/components/menu/SubMenuCaption.js
FN:5,(anonymous_0)
FN:27,(anonymous_1)
FN:30,(anonymous_2)
FNF:3
FNH:1
FNDA:1,(anonymous_0)
FNDA:0,(anonymous_1)
FNDA:0,(anonymous_2)
DA:5,1
DA:27,0
DA:39,0
DA:41,0
DA:44,0
DA:49,0
DA:50,0
DA:51,0
DA:52,0
DA:54,0
DA:57,0
DA:70,1
LF:12
LH:2
BRDA:49,0,0,0
BRDA:49,0,1,0
BRDA:51,1,0,0
BRDA:51,1,1,0
BRDA:61,2,0,0
BRDA:61,2,1,0
BRF:6
BRH:0
end_of_record
TN:
SF:/Users/chenyutian0510/Documents/dev-js/chuangqi/react-cqtoolbox/components/menu/index.js
FN:10,(anonymous_0)
FNF:1
FNH:1
FNDA:3,(anonymous_0)
DA:10,3
DA:12,1
DA:13,1
DA:14,1
DA:15,1
LF:5
LH:5
BRF:0
BRH:0
end_of_record
TN:
SF:/Users/chenyutian0510/Documents/dev-js/chuangqi/react-cqtoolbox/components/overlay/Overlay.js
FN:33,(anonymous_0)
FN:42,(anonymous_1)
FN:58,(anonymous_2)
FN:70,(anonymous_3)
FN:76,(anonymous_4)
FN:82,(anonymous_5)
FN:88,(anonymous_6)
FN:94,(anonymous_7)
FN:102,(anonymous_8)
FN:110,(anonymous_9)
FNF:10
FNH:5
FNDA:3,(anonymous_0)
FNDA:0,(anonymous_1)
FNDA:2,(anonymous_2)
FNDA:2,(anonymous_3)
FNDA:2,(anonymous_4)
FNDA:0,(anonymous_5)
FNDA:0,(anonymous_6)
FNDA:0,(anonymous_7)
FNDA:0,(anonymous_8)
FNDA:3,(anonymous_9)
DA:34,3
DA:35,3
DA:36,2
DA:37,2
DA:39,3
DA:43,0
DA:45,0
DA:46,0
DA:48,0
DA:49,0
DA:53,0
DA:54,0
DA:59,2
DA:60,0
DA:61,0
DA:65,2
DA:66,2
DA:71,2
DA:72,2
DA:77,2
DA:78,2
DA:83,0
DA:84,0
DA:89,0
DA:90,0
DA:95,0
DA:98,0
DA:103,0
DA:104,0
DA:105,0
DA:106,0
DA:118,3
DA:120,3
LF:33
LH:14
BRDA:35,0,0,2
BRDA:35,0,1,1
BRDA:39,1,0,0
BRDA:39,1,1,3
BRDA:39,2,0,3
BRDA:39,2,1,0
BRDA:45,3,0,0
BRDA:45,3,1,0
BRDA:45,4,0,0
BRDA:45,4,1,0
BRDA:45,4,2,0
BRDA:48,5,0,0
BRDA:48,5,1,0
BRDA:53,6,0,0
BRDA:53,6,1,0
BRDA:53,7,0,0
BRDA:53,7,1,0
BRDA:53,7,2,0
BRDA:53,7,3,0
BRDA:59,8,0,0
BRDA:59,8,1,2
BRDA:59,9,0,2
BRDA:59,9,1,0
BRDA:60,10,0,0
BRDA:60,10,1,0
BRDA:65,11,0,2
BRDA:65,11,1,0
BRDA:71,12,0,2
BRDA:71,12,1,0
BRDA:77,13,0,2
BRDA:77,13,1,0
BRDA:83,14,0,0
BRDA:83,14,1,0
BRDA:89,15,0,0
BRDA:89,15,1,0
BRDA:95,16,0,0
BRDA:95,16,1,0
BRDA:95,17,0,0
BRDA:95,17,1,0
BRDA:95,17,2,0
BRDA:105,18,0,0
BRDA:105,18,1,0
BRF:42
BRH:9
end_of_record
TN:
SF:/Users/chenyutian0510/Documents/dev-js/chuangqi/react-cqtoolbox/components/overlay/index.js
FNF:0
FNH:0
DA:6,4
LF:1
LH:1
BRF:0
BRH:0
end_of_record
TN:
SF:/Users/chenyutian0510/Documents/dev-js/chuangqi/react-cqtoolbox/components/pagination/Pagination.js
FN:1,_interopRequireDefault
FN:3,pageFactory
FN:4,(anonymous_2)
FN:8,ellipsisFactory
FN:9,(anonymous_4)
FN:13,firstPageLinkFactory
FN:14,(anonymous_6)
FN:18,lastPageLinkFactory
FN:19,(anonymous_8)
FN:23,previousPageLinkFactory
FN:24,(anonymous_10)
FN:28,nextPageLinkFactory
FN:29,(anonymous_12)
FNF:13
FNH:0
FNDA:0,_interopRequireDefault
FNDA:0,pageFactory
FNDA:0,(anonymous_2)
FNDA:0,ellipsisFactory
FNDA:0,(anonymous_4)
FNDA:0,firstPageLinkFactory
FNDA:0,(anonymous_6)
FNDA:0,lastPageLinkFactory
FNDA:0,(anonymous_8)
FNDA:0,previousPageLinkFactory
FNDA:0,(anonymous_10)
FNDA:0,nextPageLinkFactory
FNDA:0,(anonymous_12)
DA:1,0
DA:3,0
DA:4,0
DA:8,0
DA:9,0
DA:13,0
DA:14,0
DA:18,0
DA:19,0
DA:23,0
DA:24,0
DA:28,0
DA:29,0
LF:13
LH:0
BRDA:1,0,0,0
BRDA:1,0,1,0
BRDA:1,1,0,0
BRDA:1,1,1,0
BRF:4
BRH:0
end_of_record
TN:
SF:/Users/chenyutian0510/Documents/dev-js/chuangqi/react-cqtoolbox/components/pagination/index.js
FN:1,(anonymous_0)
FN:11,_interopRequireDefault
FN:11,_objectWithoutProperties
FN:11,_defineProperty
FN:11,applyTheme
FN:37,CustomPagination
FNF:6
FNH:0
FNDA:0,(anonymous_0)
FNDA:0,_interopRequireDefault
FNDA:0,_objectWithoutProperties
FNDA:0,_defineProperty
FNDA:0,applyTheme
FNDA:0,CustomPagination
DA:1,0
DA:2,0
DA:3,0
DA:4,0
DA:5,0
DA:6,0
DA:7,0
DA:11,0
DA:20,0
DA:21,0
DA:22,0
DA:23,0
DA:24,0
DA:25,0
DA:27,0
DA:36,0
DA:37,0
DA:38,0
DA:40,0
LF:19
LH:0
BRDA:1,0,0,0
BRDA:1,0,1,0
BRDA:1,1,0,0
BRDA:1,1,1,0
BRDA:11,2,0,0
BRDA:11,2,1,0
BRDA:11,3,0,0
BRDA:11,3,1,0
BRDA:11,4,0,0
BRDA:11,4,1,0
BRDA:11,5,0,0
BRDA:11,5,1,0
BRDA:11,6,0,0
BRDA:11,6,1,0
BRF:14
BRH:0
end_of_record
TN:
SF:/Users/chenyutian0510/Documents/dev-js/chuangqi/react-cqtoolbox/components/popup/Popup.js
FN:53,(anonymous_0)
FN:75,(anonymous_1)
FN:84,(anonymous_2)
FN:88,(anonymous_3)
FN:95,(anonymous_4)
FN:99,(anonymous_5)
FN:113,(anonymous_6)
FN:123,(anonymous_7)
FN:137,(anonymous_8)
FN:141,(anonymous_9)
FNF:10
FNH:7
FNDA:5,(anonymous_0)
FNDA:3,(anonymous_1)
FNDA:0,(anonymous_2)
FNDA:0,(anonymous_3)
FNDA:3,(anonymous_4)
FNDA:0,(anonymous_5)
FNDA:8,(anonymous_6)
FNDA:8,(anonymous_7)
FNDA:5,(anonymous_8)
FNDA:8,(anonymous_9)
DA:54,5
DA:55,5
DA:56,5
DA:58,5
DA:60,3
DA:61,3
DA:64,3
DA:67,5
DA:68,0
DA:69,0
DA:76,3
DA:77,0
DA:78,0
DA:85,0
DA:89,0
DA:90,0
DA:96,3
DA:100,0
DA:101,0
DA:104,0
DA:105,0
DA:107,0
DA:109,0
DA:114,8
DA:116,8
DA:124,8
DA:126,8
DA:131,8
DA:134,8
DA:138,5
DA:142,8
LF:31
LH:18
BRDA:56,0,0,5
BRDA:56,0,1,3
BRDA:58,1,0,3
BRDA:58,1,1,2
BRDA:60,2,0,0
BRDA:60,2,1,3
BRDA:67,3,0,0
BRDA:67,3,1,5
BRDA:76,4,0,0
BRDA:76,4,1,3
BRDA:76,5,0,3
BRDA:76,5,1,0
BRDA:100,6,0,0
BRDA:100,6,1,0
BRDA:100,7,0,0
BRDA:100,7,1,0
BRDA:107,8,0,0
BRDA:107,8,1,0
BRDA:107,9,0,0
BRDA:107,9,1,0
BRDA:116,10,0,1
BRDA:116,10,1,7
BRF:22
BRH:10
end_of_record
TN:
SF:/Users/chenyutian0510/Documents/dev-js/chuangqi/react-cqtoolbox/components/popup/index.js
FNF:0
FNH:0
DA:6,2
LF:1
LH:1
BRF:0
BRH:0
end_of_record
TN:
SF:/Users/chenyutian0510/Documents/dev-js/chuangqi/react-cqtoolbox/components/popup/popup.js
FN:1,(anonymous_0)
FN:1,defineProperties
FN:1,(anonymous_2)
FN:8,_interopRequireDefault
FN:8,_defineProperty
FN:8,_classCallCheck
FN:8,_possibleConstructorReturn
FN:8,_inherits
FN:45,(anonymous_8)
FN:45,Popup
FN:88,(anonymous_10)
FN:95,(anonymous_11)
FN:99,(anonymous_12)
FN:113,(anonymous_13)
FN:123,(anonymous_14)
FN:137,(anonymous_15)
FN:139,componentDidMount
FN:141,componentDidUpdate
FN:141,componentWillUnmount
FN:141,render
FNF:20
FNH:0
FNDA:0,(anonymous_0)
FNDA:0,defineProperties
FNDA:0,(anonymous_2)
FNDA:0,_interopRequireDefault
FNDA:0,_defineProperty
FNDA:0,_classCallCheck
FNDA:0,_possibleConstructorReturn
FNDA:0,_inherits
FNDA:0,(anonymous_8)
FNDA:0,Popup
FNDA:0,(anonymous_10)
FNDA:0,(anonymous_11)
FNDA:0,(anonymous_12)
FNDA:0,(anonymous_13)
FNDA:0,(anonymous_14)
FNDA:0,(anonymous_15)
FNDA:0,componentDidMount
FNDA:0,componentDidUpdate
FNDA:0,componentWillUnmount
FNDA:0,render
DA:1,0
DA:3,0
DA:4,0
DA:5,0
DA:6,0
DA:7,0
DA:8,0
DA:45,0
DA:89,0
DA:90,0
DA:96,0
DA:100,0
DA:101,0
DA:104,0
DA:105,0
DA:107,0
DA:109,0
DA:114,0
DA:116,0
DA:124,0
DA:126,0
DA:131,0
DA:134,0
DA:138,0
DA:139,0
DA:140,0
DA:141,0
DA:142,0
DA:148,0
LF:29
LH:0
BRDA:1,0,0,0
BRDA:1,0,1,0
BRDA:1,1,0,0
BRDA:1,1,1,0
BRDA:1,2,0,0
BRDA:1,2,1,0
BRDA:1,3,0,0
BRDA:1,3,1,0
BRDA:8,4,0,0
BRDA:8,4,1,0
BRDA:8,5,0,0
BRDA:8,5,1,0
BRDA:8,6,0,0
BRDA:8,6,1,0
BRDA:8,7,0,0
BRDA:8,7,1,0
BRDA:8,8,0,0
BRDA:8,8,1,0
BRDA:8,9,0,0
BRDA:8,9,1,0
BRDA:8,10,0,0
BRDA:8,10,1,0
BRDA:8,10,2,0
BRDA:8,11,0,0
BRDA:8,11,1,0
BRDA:8,12,0,0
BRDA:8,12,1,0
BRDA:8,13,0,0
BRDA:8,13,1,0
BRDA:8,14,0,0
BRDA:8,14,1,0
BRDA:8,15,0,0
BRDA:8,15,1,0
BRDA:45,16,0,0
BRDA:45,16,1,0
BRDA:100,17,0,0
BRDA:100,17,1,0
BRDA:100,18,0,0
BRDA:100,18,1,0
BRDA:107,19,0,0
BRDA:107,19,1,0
BRDA:107,20,0,0
BRDA:107,20,1,0
BRDA:116,21,0,0
BRDA:116,21,1,0
BRDA:139,22,0,0
BRDA:139,22,1,0
BRDA:139,23,0,0
BRDA:139,23,1,0
BRDA:140,24,0,0
BRDA:140,24,1,0
BRDA:141,25,0,0
BRDA:141,25,1,0
BRDA:141,26,0,0
BRDA:141,26,1,0
BRDA:141,27,0,0
BRDA:141,27,1,0
BRF:57
BRH:0
end_of_record
TN:
SF:/Users/chenyutian0510/Documents/dev-js/chuangqi/react-cqtoolbox/components/portal/Portal.js
FN:15,(anonymous_0)
FN:19,(anonymous_1)
FN:27,(anonymous_2)
FN:31,(anonymous_3)
FN:36,(anonymous_4)
FN:40,(anonymous_5)
FN:55,(anonymous_6)
FN:60,(anonymous_7)
FN:73,(anonymous_8)
FN:80,(anonymous_9)
FN:88,(anonymous_10)
FN:96,(anonymous_11)
FN:102,getContainer
FNF:13
FNH:9
FNDA:2,(anonymous_0)
FNDA:0,(anonymous_1)
FNDA:0,(anonymous_2)
FNDA:2,(anonymous_3)
FNDA:0,(anonymous_4)
FNDA:0,(anonymous_5)
FNDA:2,(anonymous_6)
FNDA:2,(anonymous_7)
FNDA:2,(anonymous_8)
FNDA:2,(anonymous_9)
FNDA:2,(anonymous_10)
FNDA:2,(anonymous_11)
FNDA:2,getContainer
DA:16,2
DA:20,0
DA:21,0
DA:22,0
DA:23,0
DA:28,0
DA:32,2
DA:33,2
DA:37,0
DA:41,0
DA:42,0
DA:45,0
DA:46,0
DA:47,0
DA:49,0
DA:52,0
DA:56,2
DA:57,2
DA:61,2
DA:62,2
DA:63,2
DA:64,2
DA:68,0
DA:69,0
DA:74,2
DA:75,2
DA:76,2
DA:81,2
DA:82,2
DA:83,2
DA:84,2
DA:89,2
DA:90,2
DA:91,2
DA:93,2
DA:97,2
DA:103,2
DA:104,2
LF:38
LH:23
BRDA:20,0,0,0
BRDA:20,0,1,0
BRDA:20,1,0,0
BRDA:20,1,1,0
BRDA:41,2,0,0
BRDA:41,2,1,0
BRDA:45,3,0,0
BRDA:45,3,1,0
BRDA:46,4,0,0
BRDA:46,4,1,0
BRDA:56,5,0,0
BRDA:56,5,1,2
BRDA:62,6,0,2
BRDA:62,6,1,0
BRDA:74,7,0,2
BRDA:74,7,1,0
BRDA:81,8,0,2
BRDA:81,8,1,0
BRDA:89,9,0,2
BRDA:89,9,1,0
BRDA:103,10,0,0
BRDA:103,10,1,2
BRDA:104,11,0,2
BRDA:104,11,1,2
BRF:24
BRH:8
end_of_record
TN:
SF:/Users/chenyutian0510/Documents/dev-js/chuangqi/react-cqtoolbox/components/portal/index.js
FNF:0
FNH:0
LF:0
LH:0
BRF:0
BRH:0
end_of_record
TN:
SF:/Users/chenyutian0510/Documents/dev-js/chuangqi/react-cqtoolbox/components/ripple/Ripple.js
FN:19,(anonymous_0)
FN:30,(anonymous_1)
FN:64,(anonymous_2)
FN:71,(anonymous_3)
FN:73,(anonymous_4)
FN:81,(anonymous_5)
FN:95,(anonymous_6)
FN:104,(anonymous_7)
FN:115,(anonymous_8)
FN:128,(anonymous_9)
FN:139,(anonymous_10)
FN:155,(anonymous_11)
FN:158,onOpacityEnd
FN:174,(anonymous_13)
FN:186,(anonymous_14)
FN:188,endRipple
FN:197,(anonymous_16)
FN:205,(anonymous_17)
FN:213,(anonymous_18)
FN:224,(anonymous_19)
FN:231,(anonymous_20)
FN:246,(anonymous_21)
FNF:22
FNH:5
FNDA:11,(anonymous_0)
FNDA:8,(anonymous_1)
FNDA:18,(anonymous_2)
FNDA:4,(anonymous_3)
FNDA:0,(anonymous_4)
FNDA:0,(anonymous_5)
FNDA:0,(anonymous_6)
FNDA:0,(anonymous_7)
FNDA:0,(anonymous_8)
FNDA:0,(anonymous_9)
FNDA:0,(anonymous_10)
FNDA:0,(anonymous_11)
FNDA:0,onOpacityEnd
FNDA:0,(anonymous_13)
FNDA:0,(anonymous_14)
FNDA:0,endRipple
FNDA:0,(anonymous_16)
FNDA:0,(anonymous_17)
FNDA:0,(anonymous_18)
FNDA:0,(anonymous_19)
FNDA:38,(anonymous_20)
FNDA:0,(anonymous_21)
DA:10,4
DA:19,4
DA:28,11
DA:30,11
DA:66,18
DA:67,0
DA:73,4
DA:74,0
DA:82,0
DA:83,0
DA:84,0
DA:96,0
DA:97,0
DA:105,0
DA:116,0
DA:117,0
DA:118,0
DA:129,0
DA:130,0
DA:131,0
DA:132,0
DA:135,0
DA:136,0
DA:137,0
DA:138,0
DA:139,0
DA:140,0
DA:141,0
DA:156,0
DA:157,0
DA:158,0
DA:159,0
DA:160,0
DA:161,0
DA:163,0
DA:164,0
DA:175,0
DA:176,0
DA:177,0
DA:178,0
DA:187,0
DA:188,0
DA:189,0
DA:190,0
DA:198,0
DA:199,0
DA:200,0
DA:201,0
DA:206,0
DA:207,0
DA:208,0
DA:209,0
DA:214,0
DA:215,0
DA:216,0
DA:220,0
DA:224,0
DA:243,38
DA:245,38
DA:246,38
DA:247,0
DA:249,38
DA:254,38
DA:258,38
DA:264,8
LF:65
LH:13
BRDA:19,0,0,0
BRDA:66,1,0,0
BRDA:66,1,1,18
BRDA:85,2,0,0
BRDA:85,2,1,0
BRDA:86,3,0,0
BRDA:86,3,1,0
BRDA:96,4,0,0
BRDA:96,4,1,0
BRDA:116,5,0,0
BRDA:116,5,1,0
BRDA:129,6,0,0
BRDA:129,6,1,0
BRDA:132,7,0,0
BRDA:132,7,1,0
BRDA:132,8,0,0
BRDA:132,8,1,0
BRDA:140,9,0,0
BRDA:140,9,1,0
BRDA:159,10,0,0
BRDA:159,10,1,0
BRDA:160,11,0,0
BRDA:160,11,1,0
BRDA:175,12,0,0
BRDA:175,12,1,0
BRDA:198,13,0,0
BRDA:198,13,1,0
BRDA:199,14,0,0
BRDA:199,14,1,0
BRDA:206,15,0,0
BRDA:206,15,1,0
BRDA:207,16,0,0
BRDA:207,16,1,0
BRDA:214,17,0,0
BRDA:214,17,1,0
BRDA:224,18,0,0
BRDA:224,18,1,0
BRDA:254,19,0,38
BRDA:254,19,1,0
BRDA:258,20,0,0
BRDA:258,20,1,38
BRF:41
BRH:3
end_of_record
TN:
SF:/Users/chenyutian0510/Documents/dev-js/chuangqi/react-cqtoolbox/components/ripple/index.js
FN:6,(anonymous_0)
FNF:1
FNH:1
FNDA:5,(anonymous_0)
DA:4,3
DA:6,5
LF:2
LH:2
BRF:0
BRH:0
end_of_record
TN:
SF:/Users/chenyutian0510/Documents/dev-js/chuangqi/react-cqtoolbox/components/section/Section.js
FN:1,(anonymous_0)
FN:1,defineProperties
FN:1,(anonymous_2)
FN:3,_interopRequireDefault
FN:3,_defineProperty
FN:3,_classCallCheck
FN:3,_possibleConstructorReturn
FN:3,_inherits
FN:5,(anonymous_8)
FN:5,Section
FN:30,(anonymous_10)
FN:47,render
FNF:12
FNH:0
FNDA:0,(anonymous_0)
FNDA:0,defineProperties
FNDA:0,(anonymous_2)
FNDA:0,_interopRequireDefault
FNDA:0,_defineProperty
FNDA:0,_classCallCheck
FNDA:0,_possibleConstructorReturn
FNDA:0,_inherits
FNDA:0,(anonymous_8)
FNDA:0,Section
FNDA:0,(anonymous_10)
FNDA:0,render
DA:1,0
DA:2,0
DA:3,0
DA:5,0
DA:31,0
DA:32,0
DA:34,0
DA:35,0
DA:46,0
DA:47,0
DA:60,0
DA:62,0
DA:63,0
DA:67,0
DA:68,0
DA:69,0
DA:70,0
DA:71,0
DA:73,0
DA:76,0
DA:78,0
DA:89,0
LF:22
LH:0
BRDA:1,0,0,0
BRDA:1,0,1,0
BRDA:1,1,0,0
BRDA:1,1,1,0
BRDA:1,2,0,0
BRDA:1,2,1,0
BRDA:1,3,0,0
BRDA:1,3,1,0
BRDA:3,4,0,0
BRDA:3,4,1,0
BRDA:3,5,0,0
BRDA:3,5,1,0
BRDA:3,6,0,0
BRDA:3,6,1,0
BRDA:3,7,0,0
BRDA:3,7,1,0
BRDA:3,8,0,0
BRDA:3,8,1,0
BRDA:3,9,0,0
BRDA:3,9,1,0
BRDA:3,10,0,0
BRDA:3,10,1,0
BRDA:3,10,2,0
BRDA:3,11,0,0
BRDA:3,11,1,0
BRDA:3,12,0,0
BRDA:3,12,1,0
BRDA:3,13,0,0
BRDA:3,13,1,0
BRDA:3,14,0,0
BRDA:3,14,1,0
BRDA:3,15,0,0
BRDA:3,15,1,0
BRDA:5,16,0,0
BRDA:5,16,1,0
BRDA:32,17,0,0
BRDA:32,17,1,0
BRDA:34,18,0,0
BRDA:34,18,1,0
BRDA:34,19,0,0
BRDA:34,19,1,0
BRDA:39,20,0,0
BRDA:39,20,1,0
BRDA:64,21,0,0
BRDA:64,21,1,0
BRDA:68,22,0,0
BRDA:68,22,1,0
BRDA:70,23,0,0
BRDA:70,23,1,0
BRF:49
BRH:0
end_of_record
TN:
SF:/Users/chenyutian0510/Documents/dev-js/chuangqi/react-cqtoolbox/components/section/index.js
FN:4,_interopRequireDefault
FNF:1
FNH:0
FNDA:0,_interopRequireDefault
DA:1,0
DA:2,0
DA:3,0
DA:4,0
DA:5,0
DA:7,0
LF:6
LH:0
BRDA:4,0,0,0
BRDA:4,0,1,0
BRDA:4,1,0,0
BRDA:4,1,1,0
BRF:4
BRH:0
end_of_record
TN:
SF:/Users/chenyutian0510/Documents/dev-js/chuangqi/react-cqtoolbox/components/select/CascadeSelect.js
FN:1,(anonymous_0)
FN:1,(anonymous_1)
FN:1,(anonymous_2)
FN:1,defineProperties
FN:1,(anonymous_4)
FN:5,_interopRequireDefault
FN:5,_toConsumableArray
FN:5,_classCallCheck
FN:5,_possibleConstructorReturn
FN:5,_inherits
FN:6,isArray
FN:13,factory
FN:14,(anonymous_12)
FN:36,CascadeSelect
FN:58,(anonymous_14)
FN:80,(anonymous_15)
FN:92,(anonymous_16)
FN:131,(anonymous_17)
FN:135,(anonymous_18)
FN:135,(anonymous_19)
FN:144,(anonymous_20)
FN:146,componentWillReceiveProps
FN:146,render
FN:155,(anonymous_23)
FN:160,(anonymous_24)
FN:177,onChange
FNF:26
FNH:0
FNDA:0,(anonymous_0)
FNDA:0,(anonymous_1)
FNDA:0,(anonymous_2)
FNDA:0,defineProperties
FNDA:0,(anonymous_4)
FNDA:0,_interopRequireDefault
FNDA:0,_toConsumableArray
FNDA:0,_classCallCheck
FNDA:0,_possibleConstructorReturn
FNDA:0,_inherits
FNDA:0,isArray
FNDA:0,factory
FNDA:0,(anonymous_12)
FNDA:0,CascadeSelect
FNDA:0,(anonymous_14)
FNDA:0,(anonymous_15)
FNDA:0,(anonymous_16)
FNDA:0,(anonymous_17)
FNDA:0,(anonymous_18)
FNDA:0,(anonymous_19)
FNDA:0,(anonymous_20)
FNDA:0,componentWillReceiveProps
FNDA:0,render
FNDA:0,(anonymous_23)
FNDA:0,(anonymous_24)
FNDA:0,onChange
DA:1,0
DA:2,0
DA:3,0
DA:4,0
DA:5,0
DA:6,0
DA:8,0
DA:13,0
DA:14,0
DA:36,0
DA:37,0
DA:63,0
DA:65,0
DA:68,0
DA:73,0
DA:78,0
DA:81,0
DA:82,0
DA:90,0
DA:96,0
DA:97,0
DA:99,0
DA:101,0
DA:104,0
DA:109,0
DA:121,0
DA:129,0
DA:132,0
DA:133,0
DA:135,0
DA:136,0
DA:137,0
DA:138,0
DA:141,0
DA:142,0
DA:145,0
DA:146,0
DA:149,0
DA:150,0
DA:151,0
DA:155,0
DA:156,0
DA:157,0
DA:158,0
DA:160,0
DA:163,0
DA:177,0
DA:180,0
DA:181,0
LF:49
LH:0
BRDA:1,0,0,0
BRDA:1,0,1,0
BRDA:1,1,0,0
BRDA:1,1,1,0
BRDA:1,2,0,0
BRDA:1,2,1,0
BRDA:1,3,0,0
BRDA:1,3,1,0
BRDA:1,3,2,0
BRDA:1,3,3,0
BRDA:1,4,0,0
BRDA:1,4,1,0
BRDA:1,5,0,0
BRDA:1,5,1,0
BRDA:1,6,0,0
BRDA:1,6,1,0
BRDA:1,7,0,0
BRDA:1,7,1,0
BRDA:5,8,0,0
BRDA:5,8,1,0
BRDA:5,9,0,0
BRDA:5,9,1,0
BRDA:5,10,0,0
BRDA:5,10,1,0
BRDA:5,11,0,0
BRDA:5,11,1,0
BRDA:5,12,0,0
BRDA:5,12,1,0
BRDA:5,13,0,0
BRDA:5,13,1,0
BRDA:5,14,0,0
BRDA:5,14,1,0
BRDA:5,14,2,0
BRDA:5,15,0,0
BRDA:5,15,1,0
BRDA:5,16,0,0
BRDA:5,16,1,0
BRDA:5,17,0,0
BRDA:5,17,1,0
BRDA:5,18,0,0
BRDA:5,18,1,0
BRDA:5,19,0,0
BRDA:5,19,1,0
BRDA:36,20,0,0
BRDA:36,20,1,0
BRDA:99,21,0,0
BRDA:99,21,1,0
BRDA:99,22,0,0
BRDA:99,22,1,0
BRDA:137,23,0,0
BRDA:137,23,1,0
BRDA:146,24,0,0
BRDA:146,24,1,0
BRDA:146,25,0,0
BRDA:146,25,1,0
BRDA:155,26,0,0
BRDA:155,26,1,0
BRDA:157,27,0,0
BRDA:157,27,1,0
BRDA:157,28,0,0
BRDA:157,28,1,0
BRF:61
BRH:0
end_of_record
TN:
SF:/Users/chenyutian0510/Documents/dev-js/chuangqi/react-cqtoolbox/components/select/Select.js
FN:15,(anonymous_0)
FN:31,(anonymous_1)
FN:34,(anonymous_2)
FN:50,(anonymous_3)
FN:56,(anonymous_4)
FN:78,(anonymous_5)
FN:90,(anonymous_6)
FN:102,(anonymous_7)
FN:102,(anonymous_8)
FN:111,(anonymous_9)
FN:115,(anonymous_10)
FN:120,(anonymous_11)
FNF:12
FNH:11
FNDA:1,(anonymous_0)
FNDA:0,(anonymous_1)
FNDA:2,(anonymous_2)
FNDA:1,(anonymous_3)
FNDA:7,(anonymous_4)
FNDA:7,(anonymous_5)
FNDA:28,(anonymous_6)
FNDA:28,(anonymous_7)
FNDA:2,(anonymous_8)
FNDA:6,(anonymous_9)
FNDA:7,(anonymous_10)
FNDA:9,(anonymous_11)
DA:10,1
DA:15,1
DA:31,0
DA:35,2
DA:38,2
DA:39,1
DA:41,1
DA:44,2
DA:51,1
DA:52,1
DA:61,7
DA:63,7
DA:66,7
DA:71,7
DA:79,7
DA:80,7
DA:91,28
DA:92,28
DA:102,28
DA:103,2
DA:104,2
DA:105,1
DA:108,2
DA:112,6
DA:116,7
DA:117,7
DA:118,7
DA:120,9
DA:123,7
DA:140,1
DA:143,1
LF:31
LH:30
BRDA:38,0,0,1
BRDA:38,0,1,1
BRDA:51,1,0,1
BRDA:51,1,1,0
BRDA:104,2,0,1
BRDA:104,2,1,1
BRDA:120,3,0,7
BRDA:120,3,1,0
BRF:8
BRH:6
end_of_record
TN:
SF:/Users/chenyutian0510/Documents/dev-js/chuangqi/react-cqtoolbox/components/select/index.js
FN:8,_interopRequireDefault
FNF:1
FNH:0
FNDA:0,_interopRequireDefault
DA:1,0
DA:2,0
DA:3,0
DA:4,0
DA:5,0
DA:6,0
DA:7,0
DA:8,0
DA:10,0
DA:11,0
DA:12,0
DA:13,0
DA:15,0
DA:16,0
LF:14
LH:0
BRDA:8,0,0,0
BRDA:8,0,1,0
BRDA:8,1,0,0
BRDA:8,1,1,0
BRF:4
BRH:0
end_of_record
TN:
SF:/Users/chenyutian0510/Documents/dev-js/chuangqi/react-cqtoolbox/components/select_input/SelectInput.js
FN:5,(anonymous_0)
FN:22,(anonymous_1)
FNF:2
FNH:2
FNDA:1,(anonymous_0)
FNDA:7,(anonymous_1)
DA:5,1
DA:31,7
DA:33,7
DA:37,7
DA:52,1
LF:5
LH:5
BRDA:44,0,0,7
BRDA:44,0,1,0
BRF:2
BRH:1
end_of_record
TN:
SF:/Users/chenyutian0510/Documents/dev-js/chuangqi/react-cqtoolbox/components/select_input/index.js
FNF:0
FNH:0
DA:7,1
DA:8,1
LF:2
LH:2
BRF:0
BRH:0
end_of_record
TN:
SF:/Users/chenyutian0510/Documents/dev-js/chuangqi/react-cqtoolbox/components/switch/Switch.js
FN:1,(anonymous_0)
FN:1,(anonymous_1)
FN:1,defineProperties
FN:1,(anonymous_3)
FN:2,_interopRequireDefault
FN:2,_objectWithoutProperties
FN:2,_classCallCheck
FN:2,_possibleConstructorReturn
FN:2,_inherits
FN:4,factory
FN:5,(anonymous_10)
FN:5,Switch
FN:34,(anonymous_12)
FN:39,blur
FN:43,focus
FN:47,render
FN:68,ref
FNF:17
FNH:0
FNDA:0,(anonymous_0)
FNDA:0,(anonymous_1)
FNDA:0,defineProperties
FNDA:0,(anonymous_3)
FNDA:0,_interopRequireDefault
FNDA:0,_objectWithoutProperties
FNDA:0,_classCallCheck
FNDA:0,_possibleConstructorReturn
FNDA:0,_inherits
FNDA:0,factory
FNDA:0,(anonymous_10)
FNDA:0,Switch
FNDA:0,(anonymous_12)
FNDA:0,blur
FNDA:0,focus
FNDA:0,render
FNDA:0,ref
DA:1,0
DA:2,0
DA:4,0
DA:5,0
DA:35,0
DA:36,0
DA:37,0
DA:39,0
DA:42,0
DA:46,0
DA:49,0
DA:58,0
DA:59,0
DA:60,0
DA:68,0
DA:77,0
DA:80,0
DA:81,0
LF:18
LH:0
BRDA:1,0,0,0
BRDA:1,0,1,0
BRDA:1,1,0,0
BRDA:1,1,1,0
BRDA:1,2,0,0
BRDA:1,2,1,0
BRDA:1,3,0,0
BRDA:1,3,1,0
BRDA:1,4,0,0
BRDA:1,4,1,0
BRDA:1,5,0,0
BRDA:1,5,1,0
BRDA:2,6,0,0
BRDA:2,6,1,0
BRDA:2,7,0,0
BRDA:2,7,1,0
BRDA:2,8,0,0
BRDA:2,8,1,0
BRDA:2,9,0,0
BRDA:2,9,1,0
BRDA:2,10,0,0
BRDA:2,10,1,0
BRDA:2,11,0,0
BRDA:2,11,1,0
BRDA:2,12,0,0
BRDA:2,12,1,0
BRDA:2,13,0,0
BRDA:2,13,1,0
BRDA:2,13,2,0
BRDA:2,14,0,0
BRDA:2,14,1,0
BRDA:2,15,0,0
BRDA:2,15,1,0
BRDA:2,16,0,0
BRDA:2,16,1,0
BRDA:2,17,0,0
BRDA:2,17,1,0
BRDA:2,18,0,0
BRDA:2,18,1,0
BRDA:5,19,0,0
BRDA:5,19,1,0
BRDA:35,20,0,0
BRDA:35,20,1,0
BRDA:35,21,0,0
BRDA:35,21,1,0
BRDA:36,22,0,0
BRDA:36,22,1,0
BRDA:36,23,0,0
BRDA:36,23,1,0
BRDA:59,24,0,0
BRDA:59,24,1,0
BRDA:71,25,0,0
BRDA:71,25,1,0
BRDA:74,26,0,0
BRDA:74,26,1,0
BRF:55
BRH:0
end_of_record
TN:
SF:/Users/chenyutian0510/Documents/dev-js/chuangqi/react-cqtoolbox/components/switch/Thumb.js
FN:1,(anonymous_0)
FN:1,_interopRequireDefault
FN:1,_objectWithoutProperties
FN:3,factory
FN:4,Thumb
FNF:5
FNH:0
FNDA:0,(anonymous_0)
FNDA:0,_interopRequireDefault
FNDA:0,_objectWithoutProperties
FNDA:0,factory
FNDA:0,Thumb
DA:1,0
DA:3,0
DA:4,0
DA:8,0
DA:17,0
DA:18,0
LF:6
LH:0
BRDA:1,0,0,0
BRDA:1,0,1,0
BRDA:1,1,0,0
BRDA:1,1,1,0
BRDA:1,2,0,0
BRDA:1,2,1,0
BRDA:1,3,0,0
BRDA:1,3,1,0
BRDA:1,4,0,0
BRDA:1,4,1,0
BRDA:1,5,0,0
BRDA:1,5,1,0
BRF:12
BRH:0
end_of_record
TN:
SF:/Users/chenyutian0510/Documents/dev-js/chuangqi/react-cqtoolbox/components/switch/index.js
FN:6,_interopRequireDefault
FN:8,applyTheme
FNF:2
FNH:0
FNDA:0,_interopRequireDefault
FNDA:0,applyTheme
DA:1,0
DA:2,0
DA:3,0
DA:4,0
DA:5,0
DA:6,0
DA:8,0
DA:9,0
DA:10,0
DA:11,0
DA:13,0
LF:11
LH:0
BRDA:6,0,0,0
BRDA:6,0,1,0
BRDA:6,1,0,0
BRDA:6,1,1,0
BRF:4
BRH:0
end_of_record
TN:
SF:/Users/chenyutian0510/Documents/dev-js/chuangqi/react-cqtoolbox/components/table/Table.js
FN:1,(anonymous_0)
FN:1,(anonymous_1)
FN:1,defineProperties
FN:1,(anonymous_3)
FN:3,_interopRequireDefault
FN:3,_objectWithoutProperties
FN:3,_classCallCheck
FN:3,_possibleConstructorReturn
FN:3,_inherits
FN:5,factory
FN:7,(anonymous_10)
FN:7,Table
FN:44,(anonymous_12)
FN:49,(anonymous_13)
FN:57,(anonymous_14)
FN:60,(anonymous_15)
FN:75,(anonymous_16)
FN:79,(anonymous_17)
FN:90,(anonymous_18)
FN:100,(anonymous_19)
FN:107,(anonymous_20)
FN:123,(anonymous_21)
FN:138,(anonymous_22)
FN:155,render
FNF:24
FNH:0
FNDA:0,(anonymous_0)
FNDA:0,(anonymous_1)
FNDA:0,defineProperties
FNDA:0,(anonymous_3)
FNDA:0,_interopRequireDefault
FNDA:0,_objectWithoutProperties
FNDA:0,_classCallCheck
FNDA:0,_possibleConstructorReturn
FNDA:0,_inherits
FNDA:0,factory
FNDA:0,(anonymous_10)
FNDA:0,Table
FNDA:0,(anonymous_12)
FNDA:0,(anonymous_13)
FNDA:0,(anonymous_14)
FNDA:0,(anonymous_15)
FNDA:0,(anonymous_16)
FNDA:0,(anonymous_17)
FNDA:0,(anonymous_18)
FNDA:0,(anonymous_19)
FNDA:0,(anonymous_20)
FNDA:0,(anonymous_21)
FNDA:0,(anonymous_22)
FNDA:0,render
DA:1,0
DA:2,0
DA:3,0
DA:5,0
DA:7,0
DA:45,0
DA:46,0
DA:49,0
DA:58,0
DA:61,0
DA:65,0
DA:66,0
DA:69,0
DA:76,0
DA:79,0
DA:91,0
DA:93,0
DA:101,0
DA:102,0
DA:103,0
DA:105,0
DA:108,0
DA:110,0
DA:124,0
DA:126,0
DA:139,0
DA:140,0
DA:142,0
DA:155,0
DA:163,0
DA:166,0
DA:167,0
DA:177,0
DA:186,0
DA:189,0
DA:190,0
LF:36
LH:0
BRDA:1,0,0,0
BRDA:1,0,1,0
BRDA:1,1,0,0
BRDA:1,1,1,0
BRDA:1,2,0,0
BRDA:1,2,1,0
BRDA:1,3,0,0
BRDA:1,3,1,0
BRDA:1,4,0,0
BRDA:1,4,1,0
BRDA:1,5,0,0
BRDA:1,5,1,0
BRDA:3,6,0,0
BRDA:3,6,1,0
BRDA:3,7,0,0
BRDA:3,7,1,0
BRDA:3,8,0,0
BRDA:3,8,1,0
BRDA:3,9,0,0
BRDA:3,9,1,0
BRDA:3,10,0,0
BRDA:3,10,1,0
BRDA:3,11,0,0
BRDA:3,11,1,0
BRDA:3,12,0,0
BRDA:3,12,1,0
BRDA:3,13,0,0
BRDA:3,13,1,0
BRDA:3,13,2,0
BRDA:3,14,0,0
BRDA:3,14,1,0
BRDA:3,15,0,0
BRDA:3,15,1,0
BRDA:3,16,0,0
BRDA:3,16,1,0
BRDA:3,17,0,0
BRDA:3,17,1,0
BRDA:3,18,0,0
BRDA:3,18,1,0
BRDA:7,19,0,0
BRDA:7,19,1,0
BRDA:65,20,0,0
BRDA:65,20,1,0
BRDA:81,21,0,0
BRDA:81,21,1,0
BRDA:95,22,0,0
BRDA:95,22,1,0
BRDA:102,23,0,0
BRDA:102,23,1,0
BRDA:102,24,0,0
BRDA:102,24,1,0
BRDA:112,25,0,0
BRDA:112,25,1,0
BRDA:166,26,0,0
BRDA:166,26,1,0
BRF:55
BRH:0
end_of_record
TN:
SF:/Users/chenyutian0510/Documents/dev-js/chuangqi/react-cqtoolbox/components/table/TableBody.js
FN:1,(anonymous_0)
FN:1,defineProperties
FN:1,(anonymous_2)
FN:2,_interopRequireDefault
FN:2,_classCallCheck
FN:2,_possibleConstructorReturn
FN:2,_inherits
FN:4,(anonymous_7)
FN:4,TableBody
FN:4,render
FNF:10
FNH:0
FNDA:0,(anonymous_0)
FNDA:0,defineProperties
FNDA:0,(anonymous_2)
FNDA:0,_interopRequireDefault
FNDA:0,_classCallCheck
FNDA:0,_possibleConstructorReturn
FNDA:0,_inherits
FNDA:0,(anonymous_7)
FNDA:0,TableBody
FNDA:0,render
DA:1,0
DA:2,0
DA:4,0
DA:11,0
DA:12,0
DA:17,0
LF:6
LH:0
BRDA:1,0,0,0
BRDA:1,0,1,0
BRDA:1,1,0,0
BRDA:1,1,1,0
BRDA:1,2,0,0
BRDA:1,2,1,0
BRDA:1,3,0,0
BRDA:1,3,1,0
BRDA:2,4,0,0
BRDA:2,4,1,0
BRDA:2,5,0,0
BRDA:2,5,1,0
BRDA:2,6,0,0
BRDA:2,6,1,0
BRDA:2,7,0,0
BRDA:2,7,1,0
BRDA:2,8,0,0
BRDA:2,8,1,0
BRDA:2,9,0,0
BRDA:2,9,1,0
BRDA:2,9,2,0
BRDA:2,10,0,0
BRDA:2,10,1,0
BRDA:2,11,0,0
BRDA:2,11,1,0
BRDA:2,12,0,0
BRDA:2,12,1,0
BRDA:2,13,0,0
BRDA:2,13,1,0
BRDA:2,14,0,0
BRDA:2,14,1,0
BRDA:4,15,0,0
BRDA:4,15,1,0
BRF:33
BRH:0
end_of_record
TN:
SF:/Users/chenyutian0510/Documents/dev-js/chuangqi/react-cqtoolbox/components/table/TableHead.js
FN:1,(anonymous_0)
FN:1,defineProperties
FN:1,(anonymous_2)
FN:2,_interopRequireDefault
FN:2,_classCallCheck
FN:2,_possibleConstructorReturn
FN:2,_inherits
FN:4,(anonymous_7)
FN:4,TableHead
FN:4,render
FNF:10
FNH:0
FNDA:0,(anonymous_0)
FNDA:0,defineProperties
FNDA:0,(anonymous_2)
FNDA:0,_interopRequireDefault
FNDA:0,_classCallCheck
FNDA:0,_possibleConstructorReturn
FNDA:0,_inherits
FNDA:0,(anonymous_7)
FNDA:0,TableHead
FNDA:0,render
DA:1,0
DA:2,0
DA:4,0
DA:11,0
DA:12,0
DA:17,0
LF:6
LH:0
BRDA:1,0,0,0
BRDA:1,0,1,0
BRDA:1,1,0,0
BRDA:1,1,1,0
BRDA:1,2,0,0
BRDA:1,2,1,0
BRDA:1,3,0,0
BRDA:1,3,1,0
BRDA:2,4,0,0
BRDA:2,4,1,0
BRDA:2,5,0,0
BRDA:2,5,1,0
BRDA:2,6,0,0
BRDA:2,6,1,0
BRDA:2,7,0,0
BRDA:2,7,1,0
BRDA:2,8,0,0
BRDA:2,8,1,0
BRDA:2,9,0,0
BRDA:2,9,1,0
BRDA:2,9,2,0
BRDA:2,10,0,0
BRDA:2,10,1,0
BRDA:2,11,0,0
BRDA:2,11,1,0
BRDA:2,12,0,0
BRDA:2,12,1,0
BRDA:2,13,0,0
BRDA:2,13,1,0
BRDA:2,14,0,0
BRDA:2,14,1,0
BRDA:4,15,0,0
BRDA:4,15,1,0
BRF:33
BRH:0
end_of_record
TN:
SF:/Users/chenyutian0510/Documents/dev-js/chuangqi/react-cqtoolbox/components/table/TableTd.js
FN:1,(anonymous_0)
FN:1,(anonymous_1)
FN:1,defineProperties
FN:1,(anonymous_3)
FN:2,_interopRequireDefault
FN:2,_objectWithoutProperties
FN:2,_classCallCheck
FN:2,_possibleConstructorReturn
FN:2,_inherits
FN:4,(anonymous_9)
FN:4,TableTd
FN:4,render
FNF:12
FNH:0
FNDA:0,(anonymous_0)
FNDA:0,(anonymous_1)
FNDA:0,defineProperties
FNDA:0,(anonymous_3)
FNDA:0,_interopRequireDefault
FNDA:0,_objectWithoutProperties
FNDA:0,_classCallCheck
FNDA:0,_possibleConstructorReturn
FNDA:0,_inherits
FNDA:0,(anonymous_9)
FNDA:0,TableTd
FNDA:0,render
DA:1,0
DA:2,0
DA:4,0
DA:20,0
DA:22,0
DA:24,0
DA:29,0
LF:7
LH:0
BRDA:1,0,0,0
BRDA:1,0,1,0
BRDA:1,1,0,0
BRDA:1,1,1,0
BRDA:1,2,0,0
BRDA:1,2,1,0
BRDA:1,3,0,0
BRDA:1,3,1,0
BRDA:1,4,0,0
BRDA:1,4,1,0
BRDA:1,5,0,0
BRDA:1,5,1,0
BRDA:2,6,0,0
BRDA:2,6,1,0
BRDA:2,7,0,0
BRDA:2,7,1,0
BRDA:2,8,0,0
BRDA:2,8,1,0
BRDA:2,9,0,0
BRDA:2,9,1,0
BRDA:2,10,0,0
BRDA:2,10,1,0
BRDA:2,11,0,0
BRDA:2,11,1,0
BRDA:2,12,0,0
BRDA:2,12,1,0
BRDA:2,13,0,0
BRDA:2,13,1,0
BRDA:2,13,2,0
BRDA:2,14,0,0
BRDA:2,14,1,0
BRDA:2,15,0,0
BRDA:2,15,1,0
BRDA:2,16,0,0
BRDA:2,16,1,0
BRDA:2,17,0,0
BRDA:2,17,1,0
BRDA:2,18,0,0
BRDA:2,18,1,0
BRDA:4,19,0,0
BRDA:4,19,1,0
BRF:41
BRH:0
end_of_record
TN:
SF:/Users/chenyutian0510/Documents/dev-js/chuangqi/react-cqtoolbox/components/table/TableTh.js
FN:1,(anonymous_0)
FN:1,defineProperties
FN:1,(anonymous_2)
FN:1,_interopRequireDefault
FN:1,_classCallCheck
FN:1,_possibleConstructorReturn
FN:1,_inherits
FN:3,(anonymous_7)
FN:3,TableTh
FN:3,render
FNF:10
FNH:0
FNDA:0,(anonymous_0)
FNDA:0,defineProperties
FNDA:0,(anonymous_2)
FNDA:0,_interopRequireDefault
FNDA:0,_classCallCheck
FNDA:0,_possibleConstructorReturn
FNDA:0,_inherits
FNDA:0,(anonymous_7)
FNDA:0,TableTh
FNDA:0,render
DA:1,0
DA:3,0
DA:12,0
DA:13,0
DA:18,0
LF:5
LH:0
BRDA:1,0,0,0
BRDA:1,0,1,0
BRDA:1,1,0,0
BRDA:1,1,1,0
BRDA:1,2,0,0
BRDA:1,2,1,0
BRDA:1,3,0,0
BRDA:1,3,1,0
BRDA:1,4,0,0
BRDA:1,4,1,0
BRDA:1,5,0,0
BRDA:1,5,1,0
BRDA:1,6,0,0
BRDA:1,6,1,0
BRDA:1,7,0,0
BRDA:1,7,1,0
BRDA:1,8,0,0
BRDA:1,8,1,0
BRDA:1,9,0,0
BRDA:1,9,1,0
BRDA:1,9,2,0
BRDA:1,10,0,0
BRDA:1,10,1,0
BRDA:1,11,0,0
BRDA:1,11,1,0
BRDA:1,12,0,0
BRDA:1,12,1,0
BRDA:1,13,0,0
BRDA:1,13,1,0
BRDA:1,14,0,0
BRDA:1,14,1,0
BRDA:3,15,0,0
BRDA:3,15,1,0
BRF:33
BRH:0
end_of_record
TN:
SF:/Users/chenyutian0510/Documents/dev-js/chuangqi/react-cqtoolbox/components/table/TableTr.js
FN:1,(anonymous_0)
FN:1,defineProperties
FN:1,(anonymous_2)
FN:2,_interopRequireDefault
FN:2,_defineProperty
FN:2,_classCallCheck
FN:2,_possibleConstructorReturn
FN:2,_inherits
FN:4,(anonymous_8)
FN:4,TableTr
FN:4,render
FNF:11
FNH:0
FNDA:0,(anonymous_0)
FNDA:0,defineProperties
FNDA:0,(anonymous_2)
FNDA:0,_interopRequireDefault
FNDA:0,_defineProperty
FNDA:0,_classCallCheck
FNDA:0,_possibleConstructorReturn
FNDA:0,_inherits
FNDA:0,(anonymous_8)
FNDA:0,TableTr
FNDA:0,render
DA:1,0
DA:2,0
DA:4,0
DA:27,0
DA:29,0
DA:34,0
DA:39,0
LF:7
LH:0
BRDA:1,0,0,0
BRDA:1,0,1,0
BRDA:1,1,0,0
BRDA:1,1,1,0
BRDA:1,2,0,0
BRDA:1,2,1,0
BRDA:1,3,0,0
BRDA:1,3,1,0
BRDA:2,4,0,0
BRDA:2,4,1,0
BRDA:2,5,0,0
BRDA:2,5,1,0
BRDA:2,6,0,0
BRDA:2,6,1,0
BRDA:2,7,0,0
BRDA:2,7,1,0
BRDA:2,8,0,0
BRDA:2,8,1,0
BRDA:2,9,0,0
BRDA:2,9,1,0
BRDA:2,10,0,0
BRDA:2,10,1,0
BRDA:2,10,2,0
BRDA:2,11,0,0
BRDA:2,11,1,0
BRDA:2,12,0,0
BRDA:2,12,1,0
BRDA:2,13,0,0
BRDA:2,13,1,0
BRDA:2,14,0,0
BRDA:2,14,1,0
BRDA:2,15,0,0
BRDA:2,15,1,0
BRDA:4,16,0,0
BRDA:4,16,1,0
BRF:35
BRH:0
end_of_record
TN:
SF:/Users/chenyutian0510/Documents/dev-js/chuangqi/react-cqtoolbox/components/table/index.js
FN:11,_interopRequireDefault
FN:13,applyTheme
FNF:2
FNH:0
FNDA:0,_interopRequireDefault
FNDA:0,applyTheme
DA:1,0
DA:2,0
DA:3,0
DA:4,0
DA:5,0
DA:6,0
DA:7,0
DA:8,0
DA:9,0
DA:11,0
DA:13,0
DA:15,0
DA:16,0
DA:17,0
DA:18,0
DA:19,0
DA:20,0
DA:21,0
DA:23,0
LF:19
LH:0
BRDA:11,0,0,0
BRDA:11,0,1,0
BRDA:11,1,0,0
BRDA:11,1,1,0
BRF:4
BRH:0
end_of_record
TN:
SF:/Users/chenyutian0510/Documents/dev-js/chuangqi/react-cqtoolbox/components/tabs/Tab.js
FN:1,(anonymous_0)
FN:1,(anonymous_1)
FN:1,defineProperties
FN:1,(anonymous_3)
FN:2,_interopRequireDefault
FN:2,_defineProperty
FN:2,_objectWithoutProperties
FN:2,_classCallCheck
FN:2,_possibleConstructorReturn
FN:2,_inherits
FN:4,factory
FN:5,(anonymous_11)
FN:5,Tab
FN:38,(anonymous_13)
FN:42,componentDidUpdate
FN:42,render
FNF:16
FNH:0
FNDA:0,(anonymous_0)
FNDA:0,(anonymous_1)
FNDA:0,defineProperties
FNDA:0,(anonymous_3)
FNDA:0,_interopRequireDefault
FNDA:0,_defineProperty
FNDA:0,_objectWithoutProperties
FNDA:0,_classCallCheck
FNDA:0,_possibleConstructorReturn
FNDA:0,_inherits
FNDA:0,factory
FNDA:0,(anonymous_11)
FNDA:0,Tab
FNDA:0,(anonymous_13)
FNDA:0,componentDidUpdate
FNDA:0,render
DA:1,0
DA:2,0
DA:4,0
DA:5,0
DA:39,0
DA:40,0
DA:42,0
DA:57,0
DA:59,0
DA:66,0
DA:76,0
DA:79,0
DA:80,0
LF:13
LH:0
BRDA:1,0,0,0
BRDA:1,0,1,0
BRDA:1,1,0,0
BRDA:1,1,1,0
BRDA:1,2,0,0
BRDA:1,2,1,0
BRDA:1,3,0,0
BRDA:1,3,1,0
BRDA:1,4,0,0
BRDA:1,4,1,0
BRDA:1,5,0,0
BRDA:1,5,1,0
BRDA:2,6,0,0
BRDA:2,6,1,0
BRDA:2,7,0,0
BRDA:2,7,1,0
BRDA:2,8,0,0
BRDA:2,8,1,0
BRDA:2,9,0,0
BRDA:2,9,1,0
BRDA:2,10,0,0
BRDA:2,10,1,0
BRDA:2,11,0,0
BRDA:2,11,1,0
BRDA:2,12,0,0
BRDA:2,12,1,0
BRDA:2,13,0,0
BRDA:2,13,1,0
BRDA:2,14,0,0
BRDA:2,14,1,0
BRDA:2,14,2,0
BRDA:2,15,0,0
BRDA:2,15,1,0
BRDA:2,16,0,0
BRDA:2,16,1,0
BRDA:2,17,0,0
BRDA:2,17,1,0
BRDA:2,18,0,0
BRDA:2,18,1,0
BRDA:2,19,0,0
BRDA:2,19,1,0
BRDA:5,20,0,0
BRDA:5,20,1,0
BRDA:39,21,0,0
BRDA:39,21,1,0
BRDA:39,22,0,0
BRDA:39,22,1,0
BRDA:42,23,0,0
BRDA:42,23,1,0
BRDA:42,24,0,0
BRDA:42,24,1,0
BRDA:42,24,2,0
BRF:52
BRH:0
end_of_record
TN:
SF:/Users/chenyutian0510/Documents/dev-js/chuangqi/react-cqtoolbox/components/tabs/TabContent.js
FN:1,(anonymous_0)
FN:1,defineProperties
FN:1,(anonymous_2)
FN:2,_interopRequireDefault
FN:2,_defineProperty
FN:2,_classCallCheck
FN:2,_possibleConstructorReturn
FN:2,_inherits
FN:5,(anonymous_8)
FN:5,TabContent
FN:5,render
FNF:11
FNH:0
FNDA:0,(anonymous_0)
FNDA:0,defineProperties
FNDA:0,(anonymous_2)
FNDA:0,_interopRequireDefault
FNDA:0,_defineProperty
FNDA:0,_classCallCheck
FNDA:0,_possibleConstructorReturn
FNDA:0,_inherits
FNDA:0,(anonymous_8)
FNDA:0,TabContent
FNDA:0,render
DA:1,0
DA:2,0
DA:5,0
DA:28,0
DA:31,0
DA:35,0
DA:40,0
LF:7
LH:0
BRDA:1,0,0,0
BRDA:1,0,1,0
BRDA:1,1,0,0
BRDA:1,1,1,0
BRDA:1,2,0,0
BRDA:1,2,1,0
BRDA:1,3,0,0
BRDA:1,3,1,0
BRDA:2,4,0,0
BRDA:2,4,1,0
BRDA:2,5,0,0
BRDA:2,5,1,0
BRDA:2,6,0,0
BRDA:2,6,1,0
BRDA:2,7,0,0
BRDA:2,7,1,0
BRDA:2,8,0,0
BRDA:2,8,1,0
BRDA:2,9,0,0
BRDA:2,9,1,0
BRDA:2,10,0,0
BRDA:2,10,1,0
BRDA:2,10,2,0
BRDA:2,11,0,0
BRDA:2,11,1,0
BRDA:2,12,0,0
BRDA:2,12,1,0
BRDA:2,13,0,0
BRDA:2,13,1,0
BRDA:2,14,0,0
BRDA:2,14,1,0
BRDA:2,15,0,0
BRDA:2,15,1,0
BRDA:5,16,0,0
BRDA:5,16,1,0
BRF:35
BRH:0
end_of_record
TN:
SF:/Users/chenyutian0510/Documents/dev-js/chuangqi/react-cqtoolbox/components/tabs/Tabs.js
FN:1,(anonymous_0)
FN:1,defineProperties
FN:1,(anonymous_2)
FN:2,_interopRequireDefault
FN:2,_classCallCheck
FN:2,_possibleConstructorReturn
FN:2,_inherits
FN:4,factory
FN:6,isTab
FN:7,isTabContent
FN:9,(anonymous_10)
FN:9,Tabs
FN:63,(anonymous_12)
FN:76,componentDidMount
FN:76,componentWillReceiveProps
FN:76,parseChildren
FN:76,(anonymous_16)
FN:76,renderHeaders
FN:79,(anonymous_18)
FN:85,onClick
FN:90,renderContents
FN:94,(anonymous_21)
FN:104,(anonymous_22)
FN:105,render
FN:119,ref
FNF:25
FNH:0
FNDA:0,(anonymous_0)
FNDA:0,defineProperties
FNDA:0,(anonymous_2)
FNDA:0,_interopRequireDefault
FNDA:0,_classCallCheck
FNDA:0,_possibleConstructorReturn
FNDA:0,_inherits
FNDA:0,factory
FNDA:0,isTab
FNDA:0,isTabContent
FNDA:0,(anonymous_10)
FNDA:0,Tabs
FNDA:0,(anonymous_12)
FNDA:0,componentDidMount
FNDA:0,componentWillReceiveProps
FNDA:0,parseChildren
FNDA:0,(anonymous_16)
FNDA:0,renderHeaders
FNDA:0,(anonymous_18)
FNDA:0,onClick
FNDA:0,renderContents
FNDA:0,(anonymous_21)
FNDA:0,(anonymous_22)
FNDA:0,render
FNDA:0,ref
DA:1,0
DA:2,0
DA:4,0
DA:6,0
DA:7,0
DA:9,0
DA:64,0
DA:65,0
DA:66,0
DA:67,0
DA:68,0
DA:76,0
DA:78,0
DA:79,0
DA:86,0
DA:87,0
DA:93,0
DA:94,0
DA:102,0
DA:104,0
DA:107,0
DA:111,0
DA:113,0
DA:114,0
DA:116,0
DA:119,0
DA:127,0
DA:130,0
DA:131,0
LF:29
LH:0
BRDA:1,0,0,0
BRDA:1,0,1,0
BRDA:1,1,0,0
BRDA:1,1,1,0
BRDA:1,2,0,0
BRDA:1,2,1,0
BRDA:1,3,0,0
BRDA:1,3,1,0
BRDA:2,4,0,0
BRDA:2,4,1,0
BRDA:2,5,0,0
BRDA:2,5,1,0
BRDA:2,6,0,0
BRDA:2,6,1,0
BRDA:2,7,0,0
BRDA:2,7,1,0
BRDA:2,8,0,0
BRDA:2,8,1,0
BRDA:2,9,0,0
BRDA:2,9,1,0
BRDA:2,9,2,0
BRDA:2,10,0,0
BRDA:2,10,1,0
BRDA:2,11,0,0
BRDA:2,11,1,0
BRDA:2,12,0,0
BRDA:2,12,1,0
BRDA:2,13,0,0
BRDA:2,13,1,0
BRDA:2,14,0,0
BRDA:2,14,1,0
BRDA:9,15,0,0
BRDA:9,15,1,0
BRDA:64,16,0,0
BRDA:64,16,1,0
BRDA:64,17,0,0
BRDA:64,17,1,0
BRDA:76,18,0,0
BRDA:76,18,1,0
BRDA:76,19,0,0
BRDA:76,19,1,0
BRDA:76,20,0,0
BRDA:76,20,1,0
BRDA:86,21,0,0
BRDA:86,21,1,0
BRDA:87,22,0,0
BRDA:87,22,1,0
BRDA:98,23,0,0
BRDA:98,23,1,0
BRDA:102,24,0,0
BRDA:102,24,1,0
BRF:51
BRH:0
end_of_record
TN:
SF:/Users/chenyutian0510/Documents/dev-js/chuangqi/react-cqtoolbox/components/tabs/index.js
FN:6,_interopRequireDefault
FN:8,applyTheme
FNF:2
FNH:0
FNDA:0,_interopRequireDefault
FNDA:0,applyTheme
DA:1,0
DA:2,0
DA:3,0
DA:4,0
DA:5,0
DA:6,0
DA:8,0
DA:10,0
DA:11,0
DA:12,0
DA:14,0
LF:11
LH:0
BRDA:6,0,0,0
BRDA:6,0,1,0
BRDA:6,1,0,0
BRDA:6,1,1,0
BRF:4
BRH:0
end_of_record
TN:
SF:/Users/chenyutian0510/Documents/dev-js/chuangqi/react-cqtoolbox/components/tag/Tag.js
FN:1,(anonymous_0)
FN:1,(anonymous_1)
FN:1,defineProperties
FN:1,(anonymous_3)
FN:4,_interopRequireDefault
FN:4,_defineProperty
FN:4,_objectWithoutProperties
FN:4,_classCallCheck
FN:4,_possibleConstructorReturn
FN:4,_inherits
FN:6,factory
FN:7,(anonymous_11)
FN:7,Tag
FN:34,(anonymous_13)
FN:43,render
FNF:15
FNH:0
FNDA:0,(anonymous_0)
FNDA:0,(anonymous_1)
FNDA:0,defineProperties
FNDA:0,(anonymous_3)
FNDA:0,_interopRequireDefault
FNDA:0,_defineProperty
FNDA:0,_objectWithoutProperties
FNDA:0,_classCallCheck
FNDA:0,_possibleConstructorReturn
FNDA:0,_inherits
FNDA:0,factory
FNDA:0,(anonymous_11)
FNDA:0,Tag
FNDA:0,(anonymous_13)
FNDA:0,render
DA:1,0
DA:2,0
DA:3,0
DA:4,0
DA:6,0
DA:7,0
DA:35,0
DA:36,0
DA:38,0
DA:40,0
DA:41,0
DA:43,0
DA:57,0
DA:61,0
DA:63,0
DA:70,0
DA:74,0
DA:79,0
DA:90,0
DA:98,0
DA:101,0
DA:102,0
LF:22
LH:0
BRDA:1,0,0,0
BRDA:1,0,1,0
BRDA:1,1,0,0
BRDA:1,1,1,0
BRDA:1,2,0,0
BRDA:1,2,1,0
BRDA:1,3,0,0
BRDA:1,3,1,0
BRDA:1,4,0,0
BRDA:1,4,1,0
BRDA:1,5,0,0
BRDA:1,5,1,0
BRDA:4,6,0,0
BRDA:4,6,1,0
BRDA:4,7,0,0
BRDA:4,7,1,0
BRDA:4,8,0,0
BRDA:4,8,1,0
BRDA:4,9,0,0
BRDA:4,9,1,0
BRDA:4,10,0,0
BRDA:4,10,1,0
BRDA:4,11,0,0
BRDA:4,11,1,0
BRDA:4,12,0,0
BRDA:4,12,1,0
BRDA:4,13,0,0
BRDA:4,13,1,0
BRDA:4,14,0,0
BRDA:4,14,1,0
BRDA:4,14,2,0
BRDA:4,15,0,0
BRDA:4,15,1,0
BRDA:4,16,0,0
BRDA:4,16,1,0
BRDA:4,17,0,0
BRDA:4,17,1,0
BRDA:4,18,0,0
BRDA:4,18,1,0
BRDA:4,19,0,0
BRDA:4,19,1,0
BRDA:7,20,0,0
BRDA:7,20,1,0
BRDA:40,21,0,0
BRDA:40,21,1,0
BRDA:63,22,0,0
BRDA:63,22,1,0
BRDA:70,23,0,0
BRDA:70,23,1,0
BRDA:79,24,0,0
BRDA:79,24,1,0
BRDA:85,25,0,0
BRDA:85,25,1,0
BRF:53
BRH:0
end_of_record
TN:
SF:/Users/chenyutian0510/Documents/dev-js/chuangqi/react-cqtoolbox/components/tag/index.js
FN:5,_interopRequireDefault
FNF:1
FNH:0
FNDA:0,_interopRequireDefault
DA:1,0
DA:2,0
DA:3,0
DA:4,0
DA:5,0
DA:7,0
DA:8,0
LF:7
LH:0
BRDA:5,0,0,0
BRDA:5,0,1,0
BRDA:5,1,0,0
BRDA:5,1,1,0
BRF:4
BRH:0
end_of_record
TN:
SF:/Users/chenyutian0510/Documents/dev-js/chuangqi/react-cqtoolbox/components/tooltip/Tooltip.js
FN:12,(anonymous_0)
FN:20,(anonymous_1)
FN:50,(anonymous_2)
FN:58,(anonymous_3)
FN:75,(anonymous_4)
FN:79,(anonymous_5)
FN:83,(anonymous_6)
FNF:7
FNH:7
FNDA:1,(anonymous_0)
FNDA:1,(anonymous_1)
FNDA:1,(anonymous_2)
FNDA:2,(anonymous_3)
FNDA:2,(anonymous_4)
FNDA:1,(anonymous_5)
FNDA:2,(anonymous_6)
DA:6,1
DA:12,1
DA:18,1
DA:20,1
DA:51,1
DA:53,1
DA:59,2
DA:61,2
DA:63,2
DA:65,2
DA:76,2
DA:80,1
DA:91,2
DA:93,2
DA:94,2
DA:96,2
DA:110,1
LF:17
LH:17
BRDA:12,0,0,0
BRF:1
BRH:0
end_of_record
TN:
SF:/Users/chenyutian0510/Documents/dev-js/chuangqi/react-cqtoolbox/components/tooltip/index.js
FN:5,(anonymous_0)
FNF:1
FNH:0
FNDA:0,(anonymous_0)
DA:5,1
LF:1
LH:1
BRF:0
BRH:0
end_of_record
TN:
SF:/Users/chenyutian0510/Documents/dev-js/chuangqi/react-cqtoolbox/components/tooltip/placements.js
FN:8,getPlacements
FNF:1
FNH:1
FNDA:2,getPlacements
DA:1,1
DA:6,1
DA:10,2
DA:11,2
LF:4
LH:4
BRDA:8,0,0,2
BRDA:10,1,0,2
BRDA:10,2,0,2
BRDA:10,3,0,2
BRF:4
BRH:4
end_of_record
TN:
SF:/Users/chenyutian0510/Documents/dev-js/chuangqi/react-cqtoolbox/components/trigger/Trigger.js
FN:39,(anonymous_0)
FN:46,(anonymous_1)
FN:53,(anonymous_2)
FN:64,(anonymous_3)
FN:68,(anonymous_4)
FN:77,(anonymous_5)
FN:84,(anonymous_6)
FN:88,(anonymous_7)
FN:121,(anonymous_8)
FN:126,(anonymous_9)
FN:131,(anonymous_10)
FN:142,(anonymous_11)
FN:148,(anonymous_12)
FN:153,(anonymous_13)
FN:158,(anonymous_14)
FN:162,(anonymous_15)
FN:166,(anonymous_16)
FN:178,(anonymous_17)
FN:185,(anonymous_18)
FN:186,(anonymous_19)
FNF:20
FNH:12
FNDA:0,(anonymous_0)
FNDA:6,(anonymous_1)
FNDA:3,(anonymous_2)
FNDA:1,(anonymous_3)
FNDA:0,(anonymous_4)
FNDA:1,(anonymous_5)
FNDA:3,(anonymous_6)
FNDA:6,(anonymous_7)
FNDA:9,(anonymous_8)
FNDA:15,(anonymous_9)
FNDA:3,(anonymous_10)
FNDA:2,(anonymous_11)
FNDA:1,(anonymous_12)
FNDA:0,(anonymous_13)
FNDA:0,(anonymous_14)
FNDA:0,(anonymous_15)
FNDA:9,(anonymous_16)
FNDA:0,(anonymous_17)
FNDA:0,(anonymous_18)
FNDA:0,(anonymous_19)
DA:39,0
DA:47,6
DA:49,5
DA:54,3
DA:55,3
DA:56,0
DA:60,3
DA:65,1
DA:67,1
DA:68,0
DA:69,0
DA:70,0
DA:73,1
DA:78,1
DA:79,0
DA:80,0
DA:85,3
DA:96,6
DA:98,6
DA:100,6
DA:101,1
DA:102,1
DA:105,6
DA:122,9
DA:123,9
DA:127,15
DA:128,15
DA:132,3
DA:133,3
DA:134,2
DA:136,3
DA:137,3
DA:138,0
DA:143,2
DA:144,2
DA:145,2
DA:149,1
DA:150,1
DA:154,0
DA:155,0
DA:159,0
DA:163,0
DA:167,9
DA:169,9
DA:171,9
DA:175,9
DA:176,7
DA:178,2
DA:181,9
DA:182,2
DA:183,2
DA:185,7
DA:186,7
DA:189,9
LF:54
LH:42
BRDA:47,0,0,5
BRDA:47,0,1,1
BRDA:47,1,0,6
BRDA:47,1,1,6
BRDA:54,2,0,3
BRDA:54,2,1,0
BRDA:55,3,0,0
BRDA:55,3,1,3
BRDA:67,4,0,0
BRDA:67,4,1,1
BRDA:78,5,0,0
BRDA:78,5,1,1
BRDA:100,6,0,1
BRDA:100,6,1,5
BRDA:115,7,0,0
BRDA:115,7,1,6
BRDA:133,8,0,2
BRDA:133,8,1,1
BRDA:137,9,0,0
BRDA:137,9,1,3
BRDA:175,10,0,7
BRDA:175,10,1,2
BRDA:181,11,0,2
BRDA:181,11,1,7
BRF:24
BRH:18
end_of_record
TN:
SF:/Users/chenyutian0510/Documents/dev-js/chuangqi/react-cqtoolbox/components/trigger/index.js
FNF:0
FNH:0
LF:0
LH:0
BRF:0
BRH:0
end_of_record
TN:
SF:/Users/chenyutian0510/Documents/dev-js/chuangqi/react-cqtoolbox/components/trigger/popupRender.js
FN:8,(anonymous_0)
FN:13,(anonymous_1)
FN:30,(anonymous_2)
FN:34,(anonymous_3)
FN:45,(anonymous_4)
FN:49,(anonymous_5)
FN:56,(anonymous_6)
FN:58,(anonymous_7)
FN:59,(anonymous_8)
FN:63,(anonymous_9)
FN:64,(anonymous_10)
FN:65,(anonymous_11)
FN:72,(anonymous_12)
FN:81,(anonymous_13)
FN:94,(anonymous_14)
FN:101,(anonymous_15)
FN:109,(anonymous_16)
FN:117,(anonymous_17)
FN:124,(anonymous_18)
FN:130,getContainer
FNF:20
FNH:17
FNDA:2,(anonymous_0)
FNDA:2,(anonymous_1)
FNDA:3,(anonymous_2)
FNDA:6,(anonymous_3)
FNDA:6,(anonymous_4)
FNDA:0,(anonymous_5)
FNDA:3,(anonymous_6)
FNDA:3,(anonymous_7)
FNDA:0,(anonymous_8)
FNDA:2,(anonymous_9)
FNDA:2,(anonymous_10)
FNDA:0,(anonymous_11)
FNDA:6,(anonymous_12)
FNDA:9,(anonymous_13)
FNDA:3,(anonymous_14)
FNDA:6,(anonymous_15)
FNDA:3,(anonymous_16)
FNDA:9,(anonymous_17)
FNDA:15,(anonymous_18)
FNDA:3,getContainer
DA:4,2
DA:8,2
DA:11,2
DA:13,2
DA:14,2
DA:31,3
DA:35,6
DA:36,0
DA:37,0
DA:38,0
DA:41,6
DA:42,6
DA:46,6
DA:50,0
DA:51,0
DA:52,0
DA:53,0
DA:57,3
DA:58,3
DA:59,3
DA:64,2
DA:65,2
DA:66,0
DA:67,0
DA:73,6
DA:75,6
DA:82,9
DA:84,9
DA:85,6
DA:86,6
DA:87,6
DA:89,3
DA:90,3
DA:95,3
DA:96,0
DA:97,0
DA:102,6
DA:103,3
DA:104,3
DA:105,3
DA:110,3
DA:111,0
DA:112,0
DA:114,3
DA:121,9
DA:123,9
DA:124,15
DA:131,3
DA:134,3
LF:49
LH:36
BRDA:8,0,0,2
BRDA:35,1,0,0
BRDA:35,1,1,6
BRDA:35,2,0,6
BRDA:35,2,1,3
BRDA:41,3,0,3
BRDA:41,3,1,3
BRDA:41,4,0,6
BRDA:41,4,1,3
BRDA:42,5,0,2
BRDA:42,5,1,4
BRDA:42,6,0,6
BRDA:42,6,1,3
BRDA:57,7,0,0
BRDA:57,7,1,3
BRDA:84,8,0,6
BRDA:84,8,1,3
BRDA:95,9,0,0
BRDA:95,9,1,3
BRDA:102,10,0,3
BRDA:102,10,1,3
BRDA:110,11,0,0
BRDA:110,11,1,3
BRDA:131,12,0,0
BRDA:131,12,1,3
BRDA:134,13,0,3
BRDA:134,13,1,3
BRF:27
BRH:22
end_of_record
TN:
SF:/Users/chenyutian0510/Documents/dev-js/chuangqi/react-cqtoolbox/components/utils/animationHeightFactory.js
FN:3,animate
FN:24,animation
FNF:2
FNH:0
FNDA:0,animate
FNDA:0,animation
DA:5,0
DA:7,0
DA:8,0
DA:10,0
DA:11,0
DA:15,0
DA:18,0
DA:19,0
DA:25,0
DA:27,0
DA:30,0
LF:11
LH:0
BRDA:7,0,0,0
BRDA:7,0,1,0
BRDA:15,1,0,0
BRDA:15,1,1,0
BRF:4
BRH:0
end_of_record
TN:
SF:/Users/chenyutian0510/Documents/dev-js/chuangqi/react-cqtoolbox/components/utils/debounce.js
FN:1,debounce
FN:8,later
FN:25,debounced
FNF:3
FNH:0
FNDA:0,debounce
FNDA:0,later
FNDA:0,debounced
DA:1,0
DA:2,0
DA:3,0
DA:4,0
DA:5,0
DA:6,0
DA:8,0
DA:9,0
DA:11,0
DA:12,0
DA:14,0
DA:15,0
DA:16,0
DA:17,0
DA:18,0
DA:19,0
DA:25,0
DA:26,0
DA:27,0
DA:28,0
DA:30,0
DA:31,0
DA:32,0
DA:35,0
DA:36,0
DA:37,0
DA:38,0
DA:41,0
LF:28
LH:0
BRDA:11,0,0,0
BRDA:11,0,1,0
BRDA:11,1,0,0
BRDA:11,1,1,0
BRDA:15,2,0,0
BRDA:15,2,1,0
BRDA:17,3,0,0
BRDA:17,3,1,0
BRDA:30,4,0,0
BRDA:30,4,1,0
BRDA:31,5,0,0
BRDA:31,5,1,0
BRDA:35,6,0,0
BRDA:35,6,1,0
BRF:14
BRH:0
end_of_record
TN:
SF:/Users/chenyutian0510/Documents/dev-js/chuangqi/react-cqtoolbox/components/utils/events.js
FN:23,(anonymous_0)
FN:29,(anonymous_1)
FN:65,transitionEventNamesFor
FN:66,(anonymous_3)
FNF:4
FNH:0
FNDA:0,(anonymous_0)
FNDA:0,(anonymous_1)
FNDA:0,transitionEventNamesFor
FNDA:0,(anonymous_3)
DA:4,0
DA:11,0
DA:18,0
DA:19,0
DA:23,0
DA:24,0
DA:29,0
DA:30,0
DA:35,0
DA:36,0
DA:37,0
DA:38,0
DA:40,0
DA:44,0
DA:45,0
DA:46,0
DA:47,0
DA:51,0
DA:52,0
DA:53,0
DA:54,0
DA:58,5
DA:66,0
DA:67,0
LF:24
LH:1
BRDA:5,0,0,0
BRDA:5,0,1,0
BRDA:6,1,0,0
BRDA:6,1,1,0
BRDA:12,2,0,0
BRDA:12,2,1,0
BRDA:13,3,0,0
BRDA:13,3,1,0
BRDA:37,4,0,0
BRDA:37,4,1,0
BRDA:45,5,0,0
BRDA:45,5,1,0
BRDA:52,6,0,0
BRDA:52,6,1,0
BRDA:67,7,0,0
BRDA:67,7,1,0
BRDA:67,8,0,0
BRDA:67,8,1,0
BRDA:67,8,2,0
BRF:19
BRH:0
end_of_record
TN:
SF:/Users/chenyutian0510/Documents/dev-js/chuangqi/react-cqtoolbox/components/utils/polyfills.js
FNF:0
FNH:0
DA:3,0
DA:7,0
DA:8,0
DA:13,0
LF:4
LH:0
BRDA:3,0,0,0
BRDA:3,0,1,0
BRF:2
BRH:0
end_of_record
TN:
SF:/Users/chenyutian0510/Documents/dev-js/chuangqi/react-cqtoolbox/components/utils/prefixer.js
FN:8,capitalize
FN:12,getPrefixes
FN:13,(anonymous_2)
FN:19,addPrefixesTo
FN:30,prefixer
FNF:5
FNH:0
FNDA:0,capitalize
FNDA:0,getPrefixes
FNDA:0,(anonymous_2)
FNDA:0,addPrefixesTo
FNDA:0,prefixer
DA:1,4
DA:2,4
DA:4,4
DA:9,0
DA:13,0
DA:14,0
DA:15,0
DA:20,0
DA:21,0
DA:22,0
DA:23,0
DA:27,0
DA:31,0
DA:32,0
DA:33,0
DA:34,0
DA:35,0
DA:36,0
DA:41,0
LF:19
LH:3
BRDA:22,0,0,0
BRDA:22,0,1,0
BRDA:30,1,0,0
BRDA:33,2,0,0
BRDA:33,2,1,0
BRDA:35,3,0,0
BRDA:35,3,1,0
BRF:7
BRH:0
end_of_record
TN:
SF:/Users/chenyutian0510/Documents/dev-js/chuangqi/react-cqtoolbox/components/utils/throttle.js
FN:1,throttle
FN:5,(anonymous_1)
FN:13,(anonymous_2)
FNF:3
FNH:0
FNDA:0,throttle
FNDA:0,(anonymous_1)
FNDA:0,(anonymous_2)
DA:1,0
DA:2,0
DA:3,0
DA:4,0
DA:5,0
DA:6,0
DA:8,0
DA:9,0
DA:10,0
DA:12,0
DA:13,0
DA:14,0
DA:15,0
DA:18,0
DA:19,0
LF:15
LH:0
BRDA:2,0,0,0
BRDA:2,0,1,0
BRDA:6,1,0,0
BRDA:6,1,1,0
BRDA:10,2,0,0
BRDA:10,2,1,0
BRDA:10,3,0,0
BRDA:10,3,1,0
BRF:8
BRH:0
end_of_record
